11:57:33 **** Incremental Build of configuration Debug for project blink ****
make -j8 all 
arm-none-eabi-gcc "../Core/Src/main.c" -mcpu=cortex-m0plus -std=gnu11 -g3 -DDEBUG -DUSE_HAL_DRIVER -DSTM32G030xx -c -I../Core/Inc -I../Drivers/STM32G0xx_HAL_Driver/Inc -I../Drivers/STM32G0xx_HAL_Driver/Inc/Legacy -I../Drivers/CMSIS/Device/ST/STM32G0xx/Include -I../Drivers/CMSIS/Include -O0 -ffunction-sections -fdata-sections -Wall -fstack-usage -MMD -MP -MF"Core/Src/main.d" -MT"Core/Src/main.o" --specs=nano.specs -mfloat-abi=soft -mthumb -o "Core/Src/main.o"
../Core/Src/main.c: In function 'EXTI0_1_IRQHandler':
../Core/Src/main.c:21:11: warning: implicit declaration of function 'detectButton' [-Wimplicit-function-declaration]
   21 |  button = detectButton();
      |           ^~~~~~~~~~~~
arm-none-eabi-gcc -o "blink.elf" @"objects.list"   -mcpu=cortex-m0plus -T"C:\stm32\blink\STM32G030K8TX_FLASH.ld" --specs=nosys.specs -Wl,-Map="blink.map" -Wl,--gc-sections -static --specs=nano.specs -mfloat-abi=soft -mthumb -Wl,--start-group -lc -lm -Wl,--end-group
c:\st\stm32cubeide_1.7.0\stm32cubeide\plugins\com.st.stm32cube.ide.mcu.externaltools.gnu-tools-for-stm32.9-2020-q2-update.win32_2.0.0.202105311346\tools\arm-none-eabi\bin\ld.exe: ./Core/Src/main.o: in function `EXTI0_1_IRQHandler':
C:/stm32/blink/Debug/../Core/Src/main.c:20: multiple definition of `EXTI0_1_IRQHandler'; ./Core/Src/lab3_problem4.o:C:/stm32/blink/Debug/../Core/Src/lab3_problem4.c:20: first defined here
c:\st\stm32cubeide_1.7.0\stm32cubeide\plugins\com.st.stm32cube.ide.mcu.externaltools.gnu-tools-for-stm32.9-2020-q2-update.win32_2.0.0.202105311346\tools\arm-none-eabi\bin\ld.exe: ./Core/Src/main.o: in function `doWorkForButton':
C:/stm32/blink/Debug/../Core/Src/main.c:72: multiple definition of `doWorkForButton'; ./Core/Src/lab3_problem4.o:C:/stm32/blink/Debug/../Core/Src/lab3_problem4.c:72: first defined here
c:\st\stm32cubeide_1.7.0\stm32cubeide\plugins\com.st.stm32cube.ide.mcu.externaltools.gnu-tools-for-stm32.9-2020-q2-update.win32_2.0.0.202105311346\tools\arm-none-eabi\bin\ld.exe: ./Core/Src/main.o: in function `EXTI2_3_IRQHandler':
C:/stm32/blink/Debug/../Core/Src/main.c:26: multiple definition of `EXTI2_3_IRQHandler'; ./Core/Src/lab3_problem4.o:C:/stm32/blink/Debug/../Core/Src/lab3_problem4.c:26: first defined here
c:\st\stm32cubeide_1.7.0\stm32cubeide\plugins\com.st.stm32cube.ide.mcu.externaltools.gnu-tools-for-stm32.9-2020-q2-update.win32_2.0.0.202105311346\tools\arm-none-eabi\bin\ld.exe: ./Core/Src/main.o: in function `EXTI4_15_IRQHandler':
C:/stm32/blink/Debug/../Core/Src/main.c:34: multiple definition of `EXTI4_15_IRQHandler'; ./Core/Src/lab3_problem4.o:C:/stm32/blink/Debug/../Core/Src/lab3_problem4.c:34: first defined here
c:\st\stm32cubeide_1.7.0\stm32cubeide\plugins\com.st.stm32cube.ide.mcu.externaltools.gnu-tools-for-stm32.9-2020-q2-update.win32_2.0.0.202105311346\tools\arm-none-eabi\bin\ld.exe: ./Core/Src/main.o: in function `main':
C:/stm32/blink/Debug/../Core/Src/main.c:41: multiple definition of `main'; ./Core/Src/lab3_problem4.o:C:/stm32/blink/Debug/../Core/Src/lab3_problem4.c:41: first defined here
c:\st\stm32cubeide_1.7.0\stm32cubeide\plugins\com.st.stm32cube.ide.mcu.externaltools.gnu-tools-for-stm32.9-2020-q2-update.win32_2.0.0.202105311346\tools\arm-none-eabi\bin\ld.exe: ./Core/Src/main.o: in function `test':
C:/stm32/blink/Debug/../Core/Src/main.c:79: multiple definition of `test'; ./Core/Src/lab3_problem4.o:C:/stm32/blink/Debug/../Core/Src/lab3_problem4.c:79: first defined here
collect2.exe: error: ld returned 1 exit status
make: *** [makefile:65: blink.elf] Error 1
"make -j8 all" terminated with exit code 2. Build might be incomplete.

11:57:35 Build Failed. 13 errors, 1 warnings. (took 2s.145ms)

