17:39:53 **** Incremental Build of configuration Debug for project pwm ****
make -j8 all 
arm-none-eabi-gcc "../Core/Src/keypad.c" -mcpu=cortex-m0plus -std=gnu11 -g3 -DDEBUG -DUSE_HAL_DRIVER -DSTM32G031xx -c -I../Core/Inc -I../Drivers/STM32G0xx_HAL_Driver/Inc -I../Drivers/STM32G0xx_HAL_Driver/Inc/Legacy -I../Drivers/CMSIS/Device/ST/STM32G0xx/Include -I../Drivers/CMSIS/Include -O0 -ffunction-sections -fdata-sections -Wall -fstack-usage -MMD -MP -MF"Core/Src/keypad.d" -MT"Core/Src/keypad.o" --specs=nano.specs -mfloat-abi=soft -mthumb -o "Core/Src/keypad.o"
arm-none-eabi-gcc "../Core/Src/main.c" -mcpu=cortex-m0plus -std=gnu11 -g3 -DDEBUG -DUSE_HAL_DRIVER -DSTM32G031xx -c -I../Core/Inc -I../Drivers/STM32G0xx_HAL_Driver/Inc -I../Drivers/STM32G0xx_HAL_Driver/Inc/Legacy -I../Drivers/CMSIS/Device/ST/STM32G0xx/Include -I../Drivers/CMSIS/Include -O0 -ffunction-sections -fdata-sections -Wall -fstack-usage -MMD -MP -MF"Core/Src/main.d" -MT"Core/Src/main.o" --specs=nano.specs -mfloat-abi=soft -mthumb -o "Core/Src/main.o"
arm-none-eabi-gcc "../Core/Src/system_stm32g0xx.c" -mcpu=cortex-m0plus -std=gnu11 -g3 -DDEBUG -DUSE_HAL_DRIVER -DSTM32G031xx -c -I../Core/Inc -I../Drivers/STM32G0xx_HAL_Driver/Inc -I../Drivers/STM32G0xx_HAL_Driver/Inc/Legacy -I../Drivers/CMSIS/Device/ST/STM32G0xx/Include -I../Drivers/CMSIS/Include -O0 -ffunction-sections -fdata-sections -Wall -fstack-usage -MMD -MP -MF"Core/Src/system_stm32g0xx.d" -MT"Core/Src/system_stm32g0xx.o" --specs=nano.specs -mfloat-abi=soft -mthumb -o "Core/Src/system_stm32g0xx.o"
../Core/Src/keypad.c: In function 'KEY_setMODER':
../Core/Src/keypad.c:26:2: error: 'R1_p' undeclared (first use in this function)
   26 |  R1_p -> MODER &= ~(3U << 4*2);
      |  ^~~~
../Core/Src/keypad.c:26:2: note: each undeclared identifier is reported only once for each function it appears in
../Core/Src/keypad.c:29:2: error: 'R2_p' undeclared (first use in this function)
   29 |  R2_p -> MODER &= ~(3U << 5*2);
      |  ^~~~
../Core/Src/keypad.c:32:2: error: 'R3_p' undeclared (first use in this function)
   32 |  R3_p -> MODER &= ~(3U << 9*2);
      |  ^~~~
../Core/Src/keypad.c:35:2: error: 'R4_p' undeclared (first use in this function)
   35 |  R4_p -> MODER &= ~(3U << 8*2);
      |  ^~~~
../Core/Src/keypad.c:39:2: error: 'C1_p' undeclared (first use in this function)
   39 |  C1_p -> MODER &= ~(3U << 8*2);
      |  ^~~~
../Core/Src/keypad.c:40:2: error: 'C2_p' undeclared (first use in this function)
   40 |  C2_p -> MODER &= ~(3U << 2*2);
      |  ^~~~
../Core/Src/main.c:17:1: error: unknown type name 'keypadBut_t'
   17 | keypadBut_t currentButton = none;
      | ^~~~~~~~~~~
../Core/Src/keypad.c:41:2: error: 'C3_p' undeclared (first use in this function)
   41 |  C3_p -> MODER &= ~(3U << 0*2);
      |  ^~~~
../Core/Src/keypad.c:42:2: error: 'C4_p' undeclared (first use in this function)
   42 |  C4_p -> MODER &= ~(3U << 9*2);
      |  ^~~~
../Core/Src/main.c:17:29: error: 'none' undeclared here (not in a function)
   17 | keypadBut_t currentButton = none;
      |                             ^~~~
../Core/Src/keypad.c: In function 'KEY_clearAllRows':
../Core/Src/keypad.c:85:2: error: 'R1_p' undeclared (first use in this function)
   85 |  R1_p -> ODR &= (uint32_t) (~R1_ODR);
      |  ^~~~
../Core/Src/keypad.c:85:30: error: 'R1_ODR' undeclared (first use in this function)
   85 |  R1_p -> ODR &= (uint32_t) (~R1_ODR);
      |                              ^~~~~~
../Core/Src/keypad.c:86:2: error: 'R2_p' undeclared (first use in this function)
   86 |  R2_p -> ODR &= (uint32_t) (~R2_ODR);
      |  ^~~~
../Core/Src/keypad.c:86:30: error: 'R2_ODR' undeclared (first use in this function)
   86 |  R2_p -> ODR &= (uint32_t) (~R2_ODR);
      |                              ^~~~~~
../Core/Src/keypad.c:87:2: error: 'R3_p' undeclared (first use in this function)
   87 |  R3_p -> ODR &= (uint32_t) (~R3_ODR);
      |  ^~~~
../Core/Src/keypad.c:87:30: error: 'R3_ODR' undeclared (first use in this function)
   87 |  R3_p -> ODR &= (uint32_t) (~R3_ODR);
      |                              ^~~~~~
../Core/Src/keypad.c:88:2: error: 'R4_p' undeclared (first use in this function)
   88 |  R4_p -> ODR &= (uint32_t) (~R4_ODR);
      |  ^~~~
../Core/Src/main.c:18:1: error: unknown type name 'keypadBut_t'
   18 | keypadBut_t prevButton = none;
      | ^~~~~~~~~~~
../Core/Src/keypad.c:88:30: error: 'R4_ODR' undeclared (first use in this function)
   88 |  R4_p -> ODR &= (uint32_t) (~R4_ODR);
      |                              ^~~~~~
../Core/Src/keypad.c: In function 'KEY_setAllRows':
../Core/Src/keypad.c:92:2: error: 'R1_p' undeclared (first use in this function)
   92 |  R1_p -> ODR |= (R1_ODR);
      |  ^~~~
../Core/Src/keypad.c:92:18: error: 'R1_ODR' undeclared (first use in this function)
   92 |  R1_p -> ODR |= (R1_ODR);
      |                  ^~~~~~
../Core/Src/keypad.c:93:2: error: 'R2_p' undeclared (first use in this function)
   93 |  R2_p -> ODR |= (R2_ODR);
      |  ^~~~
../Core/Src/keypad.c:93:18: error: 'R2_ODR' undeclared (first use in this function)
   93 |  R2_p -> ODR |= (R2_ODR);
      |                  ^~~~~~
../Core/Src/keypad.c:94:2: error: 'R3_p' undeclared (first use in this function)
   94 |  R3_p -> ODR |= (R3_ODR);
      |  ^~~~
../Core/Src/keypad.c:94:18: error: 'R3_ODR' undeclared (first use in this function)
   94 |  R3_p -> ODR |= (R3_ODR);
      |                  ^~~~~~
../Core/Src/keypad.c:95:2: error: 'R4_p' undeclared (first use in this function)
   95 |  R4_p -> ODR |= (R4_ODR);
      |  ^~~~
../Core/Src/keypad.c:95:18: error: 'R4_ODR' undeclared (first use in this function)
   95 |  R4_p -> ODR |= (R4_ODR);
      |                  ^~~~~~
../Core/Src/main.c: In function 'EXTI0_1_IRQHandler':
../Core/Src/main.c:34:18: warning: implicit declaration of function 'KEY_detectButton' [-Wimplicit-function-declaration]
   34 |  currentButton = KEY_detectButton();
      |                  ^~~~~~~~~~~~~~~~
../Core/Src/keypad.c: At top level:
../Core/Src/keypad.c:98:1: error: unknown type name 'keypadBut_t'
   98 | keypadBut_t KEY_detectButton() {
      | ^~~~~~~~~~~
../Core/Src/keypad.c: In function 'KEY_detectButton':
../Core/Src/keypad.c:102:2: warning: implicit declaration of function 'KEY_setRow'; did you mean 'KEY_setRCC'? [-Wimplicit-function-declaration]
  102 |  KEY_setRow(1);
      |  ^~~~~~~~~~
      |  KEY_setRCC
../Core/Src/main.c: In function 'doWorkForButtons':
../Core/Src/main.c:73:7: error: 'keypadButC' undeclared (first use in this function)
   73 |  case keypadButC:
      |       ^~~~~~~~~~
../Core/Src/keypad.c:103:5: error: 'C1_p' undeclared (first use in this function)
  103 |  if(C1_p -> IDR & C1_IDR) {
      |     ^~~~
../Core/Src/main.c:73:7: note: each undeclared identifier is reported only once for each function it appears in
../Core/Src/keypad.c:103:19: error: 'C1_IDR' undeclared (first use in this function)
  103 |  if(C1_p -> IDR & C1_IDR) {
      |                   ^~~~~~
../Core/Src/main.c:78:7: error: 'keypadButD' undeclared (first use in this function)
   78 |  case keypadButD:
      |       ^~~~~~~~~~
../Core/Src/keypad.c:106:10: error: 'keypadBut1' undeclared (first use in this function)
  106 |   return keypadBut1;
      |          ^~~~~~~~~~
../Core/Src/keypad.c:107:12: error: 'C2_p' undeclared (first use in this function)
  107 |  } else if(C2_p -> IDR & C2_IDR) {
      |            ^~~~
../Core/Src/main.c:83:7: error: 'keypadButA' undeclared (first use in this function)
   83 |  case keypadButA:
      |       ^~~~~~~~~~
../Core/Src/keypad.c:107:26: error: 'C2_IDR' undeclared (first use in this function)
  107 |  } else if(C2_p -> IDR & C2_IDR) {
      |                          ^~~~~~
../Core/Src/main.c:87:7: error: 'keypadButB' undeclared (first use in this function)
   87 |  case keypadButB:
      |       ^~~~~~~~~~
../Core/Src/keypad.c:110:10: error: 'keypadBut2' undeclared (first use in this function)
  110 |   return keypadBut2;
      |          ^~~~~~~~~~
../Core/Src/keypad.c:111:12: error: 'C3_p' undeclared (first use in this function)
  111 |  } else if(C3_p -> IDR & C3_IDR) {
      |            ^~~~
../Core/Src/keypad.c:111:26: error: 'C3_IDR' undeclared (first use in this function)
  111 |  } else if(C3_p -> IDR & C3_IDR) {
      |                          ^~~~~~
../Core/Src/keypad.c:114:10: error: 'keypadBut3' undeclared (first use in this function)
  114 |   return keypadBut3;
      |          ^~~~~~~~~~
../Core/Src/keypad.c:115:12: error: 'C4_p' undeclared (first use in this function)
  115 |  } else if(C4_p -> IDR & C4_IDR) {
      |            ^~~~
../Core/Src/keypad.c:115:26: error: 'C4_IDR' undeclared (first use in this function)
  115 |  } else if(C4_p -> IDR & C4_IDR) {
      |                          ^~~~~~
../Core/Src/main.c:91:7: error: 'keypadButHash' undeclared (first use in this function)
   91 |  case keypadButHash:
      |       ^~~~~~~~~~~~~
../Core/Src/keypad.c:118:10: error: 'keypadButA' undeclared (first use in this function)
  118 |   return keypadButA;
      |          ^~~~~~~~~~
../Core/Src/keypad.c:126:10: error: 'keypadBut4' undeclared (first use in this function)
  126 |   return keypadBut4;
      |          ^~~~~~~~~~
../Core/Src/keypad.c:130:10: error: 'keypadBut5' undeclared (first use in this function)
  130 |   return keypadBut5;
      |          ^~~~~~~~~~
make: *** [Core/Src/subdir.mk:43: Core/Src/main.o] Error 1
make: *** Waiting for unfinished jobs....
../Core/Src/keypad.c:134:10: error: 'keypadBut6' undeclared (first use in this function)
  134 |   return keypadBut6;
      |          ^~~~~~~~~~
../Core/Src/keypad.c:138:10: error: 'keypadButB' undeclared (first use in this function)
  138 |   return keypadButB;
      |          ^~~~~~~~~~
../Core/Src/keypad.c:146:10: error: 'keypadBut7' undeclared (first use in this function)
  146 |   return keypadBut7;
      |          ^~~~~~~~~~
../Core/Src/keypad.c:150:10: error: 'keypadBut8' undeclared (first use in this function)
  150 |   return keypadBut8;
      |          ^~~~~~~~~~
../Core/Src/keypad.c:154:10: error: 'keypadBut9' undeclared (first use in this function)
  154 |   return keypadBut9;
      |          ^~~~~~~~~~
../Core/Src/keypad.c:158:10: error: 'keypadButC' undeclared (first use in this function)
  158 |   return keypadButC;
      |          ^~~~~~~~~~
../Core/Src/keypad.c:166:10: error: 'keypadButAst' undeclared (first use in this function)
  166 |   return keypadButAst;
      |          ^~~~~~~~~~~~
../Core/Src/keypad.c:170:10: error: 'keypadBut0' undeclared (first use in this function)
  170 |   return keypadBut0;
      |          ^~~~~~~~~~
../Core/Src/keypad.c:174:10: error: 'keypadButHash' undeclared (first use in this function)
  174 |   return keypadButHash;
      |          ^~~~~~~~~~~~~
../Core/Src/keypad.c:178:10: error: 'keypadButD' undeclared (first use in this function)
  178 |   return keypadButD;
      |          ^~~~~~~~~~
../Core/Src/keypad.c:183:9: error: 'none' undeclared (first use in this function)
  183 |  return none;
      |         ^~~~
../Core/Src/keypad.c: At top level:
../Core/Src/keypad.c:186:13: warning: conflicting types for 'KEY_setRow'
  186 | static void KEY_setRow(uint8_t key) {
      |             ^~~~~~~~~~
../Core/Src/keypad.c:186:13: error: static declaration of 'KEY_setRow' follows non-static declaration
../Core/Src/keypad.c:102:2: note: previous implicit declaration of 'KEY_setRow' was here
  102 |  KEY_setRow(1);
      |  ^~~~~~~~~~
../Core/Src/keypad.c: In function 'KEY_setRow':
../Core/Src/keypad.c:191:3: error: 'R1_p' undeclared (first use in this function)
  191 |   R1_p -> ODR |= (R1_ODR);
      |   ^~~~
../Core/Src/keypad.c:191:19: error: 'R1_ODR' undeclared (first use in this function)
  191 |   R1_p -> ODR |= (R1_ODR);
      |                   ^~~~~~
../Core/Src/keypad.c:194:3: error: 'R2_p' undeclared (first use in this function)
  194 |   R2_p -> ODR |= (R2_ODR);
      |   ^~~~
../Core/Src/keypad.c:194:19: error: 'R2_ODR' undeclared (first use in this function)
  194 |   R2_p -> ODR |= (R2_ODR);
      |                   ^~~~~~
../Core/Src/keypad.c:197:3: error: 'R3_p' undeclared (first use in this function)
  197 |   R3_p -> ODR |= (R3_ODR);
      |   ^~~~
../Core/Src/keypad.c:197:19: error: 'R3_ODR' undeclared (first use in this function)
  197 |   R3_p -> ODR |= (R3_ODR);
      |                   ^~~~~~
../Core/Src/keypad.c:200:3: error: 'R4_p' undeclared (first use in this function)
  200 |   R4_p -> ODR |= (R4_ODR);
      |   ^~~~
../Core/Src/keypad.c:200:19: error: 'R4_ODR' undeclared (first use in this function)
  200 |   R4_p -> ODR |= (R4_ODR);
      |                   ^~~~~~
../Core/Src/keypad.c: In function 'KEY_detectButton':
../Core/Src/keypad.c:184:1: warning: control reaches end of non-void function [-Wreturn-type]
  184 | }
      | ^
At top level:
../Core/Src/keypad.c:186:13: warning: 'KEY_setRow' defined but not used [-Wunused-function]
  186 | static void KEY_setRow(uint8_t key) {
      |             ^~~~~~~~~~
make: *** [Core/Src/subdir.mk:43: Core/Src/keypad.o] Error 1
"make -j8 all" terminated with exit code 2. Build might be incomplete.
17:40:09 **** Incremental Build of configuration Debug for project pwm ****
make -j8 all 
arm-none-eabi-gcc "../Core/Src/keypad.c" -mcpu=cortex-m0plus -std=gnu11 -g3 -DDEBUG -DUSE_HAL_DRIVER -DSTM32G031xx -c -I../Core/Inc -I../Drivers/STM32G0xx_HAL_Driver/Inc -I../Drivers/STM32G0xx_HAL_Driver/Inc/Legacy -I../Drivers/CMSIS/Device/ST/STM32G0xx/Include -I../Drivers/CMSIS/Include -O0 -ffunction-sections -fdata-sections -Wall -fstack-usage -MMD -MP -MF"Core/Src/keypad.d" -MT"Core/Src/keypad.o" --specs=nano.specs -mfloat-abi=soft -mthumb -o "Core/Src/keypad.o"
arm-none-eabi-gcc "../Core/Src/main.c" -mcpu=cortex-m0plus -std=gnu11 -g3 -DDEBUG -DUSE_HAL_DRIVER -DSTM32G031xx -c -I../Core/Inc -I../Drivers/STM32G0xx_HAL_Driver/Inc -I../Drivers/STM32G0xx_HAL_Driver/Inc/Legacy -I../Drivers/CMSIS/Device/ST/STM32G0xx/Include -I../Drivers/CMSIS/Include -O0 -ffunction-sections -fdata-sections -Wall -fstack-usage -MMD -MP -MF"Core/Src/main.d" -MT"Core/Src/main.o" --specs=nano.specs -mfloat-abi=soft -mthumb -o "Core/Src/main.o"
../Core/Src/keypad.c: In function 'KEY_setMODER':
../Core/Src/keypad.c:26:2: error: 'R1_p' undeclared (first use in this function)
   26 |  R1_p -> MODER &= ~(3U << 4*2);
      |  ^~~~
../Core/Src/keypad.c:26:2: note: each undeclared identifier is reported only once for each function it appears in
../Core/Src/keypad.c:29:2: error: 'R2_p' undeclared (first use in this function)
   29 |  R2_p -> MODER &= ~(3U << 5*2);
      |  ^~~~
../Core/Src/keypad.c:32:2: error: 'R3_p' undeclared (first use in this function)
   32 |  R3_p -> MODER &= ~(3U << 9*2);
      |  ^~~~
../Core/Src/keypad.c:35:2: error: 'R4_p' undeclared (first use in this function)
   35 |  R4_p -> MODER &= ~(3U << 8*2);
      |  ^~~~
../Core/Src/keypad.c:39:2: error: 'C1_p' undeclared (first use in this function)
   39 |  C1_p -> MODER &= ~(3U << 8*2);
      |  ^~~~
../Core/Src/keypad.c:40:2: error: 'C2_p' undeclared (first use in this function)
   40 |  C2_p -> MODER &= ~(3U << 2*2);
      |  ^~~~
../Core/Src/keypad.c:41:2: error: 'C3_p' undeclared (first use in this function)
   41 |  C3_p -> MODER &= ~(3U << 0*2);
      |  ^~~~
../Core/Src/main.c:17:1: error: unknown type name 'keypadBut_t'
   17 | keypadBut_t currentButton = none;
      | ^~~~~~~~~~~
../Core/Src/main.c:17:29: error: 'none' undeclared here (not in a function)
   17 | keypadBut_t currentButton = none;
      |                             ^~~~
../Core/Src/keypad.c:42:2: error: 'C4_p' undeclared (first use in this function)
   42 |  C4_p -> MODER &= ~(3U << 9*2);
      |  ^~~~
../Core/Src/keypad.c: In function 'KEY_clearAllRows':
../Core/Src/keypad.c:85:2: error: 'R1_p' undeclared (first use in this function)
   85 |  R1_p -> ODR &= (uint32_t) (~R1_ODR);
      |  ^~~~
../Core/Src/keypad.c:85:30: error: 'R1_ODR' undeclared (first use in this function)
   85 |  R1_p -> ODR &= (uint32_t) (~R1_ODR);
      |                              ^~~~~~
../Core/Src/keypad.c:86:2: error: 'R2_p' undeclared (first use in this function)
   86 |  R2_p -> ODR &= (uint32_t) (~R2_ODR);
      |  ^~~~
../Core/Src/keypad.c:86:30: error: 'R2_ODR' undeclared (first use in this function)
   86 |  R2_p -> ODR &= (uint32_t) (~R2_ODR);
      |                              ^~~~~~
../Core/Src/keypad.c:87:2: error: 'R3_p' undeclared (first use in this function)
   87 |  R3_p -> ODR &= (uint32_t) (~R3_ODR);
      |  ^~~~
../Core/Src/main.c:18:1: error: unknown type name 'keypadBut_t'
   18 | keypadBut_t prevButton = none;
      | ^~~~~~~~~~~
../Core/Src/keypad.c:87:30: error: 'R3_ODR' undeclared (first use in this function)
   87 |  R3_p -> ODR &= (uint32_t) (~R3_ODR);
      |                              ^~~~~~
../Core/Src/keypad.c:88:2: error: 'R4_p' undeclared (first use in this function)
   88 |  R4_p -> ODR &= (uint32_t) (~R4_ODR);
      |  ^~~~
../Core/Src/keypad.c:88:30: error: 'R4_ODR' undeclared (first use in this function)
   88 |  R4_p -> ODR &= (uint32_t) (~R4_ODR);
      |                              ^~~~~~
../Core/Src/keypad.c: In function 'KEY_setAllRows':
../Core/Src/keypad.c:92:2: error: 'R1_p' undeclared (first use in this function)
   92 |  R1_p -> ODR |= (R1_ODR);
      |  ^~~~
../Core/Src/keypad.c:92:18: error: 'R1_ODR' undeclared (first use in this function)
   92 |  R1_p -> ODR |= (R1_ODR);
      |                  ^~~~~~
../Core/Src/keypad.c:93:2: error: 'R2_p' undeclared (first use in this function)
   93 |  R2_p -> ODR |= (R2_ODR);
      |  ^~~~
../Core/Src/keypad.c:93:18: error: 'R2_ODR' undeclared (first use in this function)
   93 |  R2_p -> ODR |= (R2_ODR);
      |                  ^~~~~~
../Core/Src/keypad.c:94:2: error: 'R3_p' undeclared (first use in this function)
   94 |  R3_p -> ODR |= (R3_ODR);
      |  ^~~~
../Core/Src/keypad.c:94:18: error: 'R3_ODR' undeclared (first use in this function)
   94 |  R3_p -> ODR |= (R3_ODR);
      |                  ^~~~~~
../Core/Src/main.c: In function 'EXTI0_1_IRQHandler':
../Core/Src/main.c:34:18: warning: implicit declaration of function 'KEY_detectButton' [-Wimplicit-function-declaration]
   34 |  currentButton = KEY_detectButton();
      |                  ^~~~~~~~~~~~~~~~
../Core/Src/keypad.c:95:2: error: 'R4_p' undeclared (first use in this function)
   95 |  R4_p -> ODR |= (R4_ODR);
      |  ^~~~
../Core/Src/keypad.c:95:18: error: 'R4_ODR' undeclared (first use in this function)
   95 |  R4_p -> ODR |= (R4_ODR);
      |                  ^~~~~~
../Core/Src/main.c: In function 'doWorkForButtons':
../Core/Src/main.c:73:7: error: 'keypadButC' undeclared (first use in this function)
   73 |  case keypadButC:
      |       ^~~~~~~~~~
../Core/Src/main.c:73:7: note: each undeclared identifier is reported only once for each function it appears in
../Core/Src/keypad.c: At top level:
../Core/Src/keypad.c:98:1: error: unknown type name 'keypadBut_t'
   98 | keypadBut_t KEY_detectButton() {
      | ^~~~~~~~~~~
../Core/Src/keypad.c: In function 'KEY_detectButton':
../Core/Src/keypad.c:102:2: warning: implicit declaration of function 'KEY_setRow'; did you mean 'KEY_setRCC'? [-Wimplicit-function-declaration]
  102 |  KEY_setRow(1);
      |  ^~~~~~~~~~
      |  KEY_setRCC
../Core/Src/keypad.c:103:5: error: 'C1_p' undeclared (first use in this function)
  103 |  if(C1_p -> IDR & C1_IDR) {
      |     ^~~~
../Core/Src/keypad.c:103:19: error: 'C1_IDR' undeclared (first use in this function)
  103 |  if(C1_p -> IDR & C1_IDR) {
      |                   ^~~~~~
../Core/Src/main.c:78:7: error: 'keypadButD' undeclared (first use in this function)
   78 |  case keypadButD:
      |       ^~~~~~~~~~
../Core/Src/keypad.c:106:10: error: 'keypadBut1' undeclared (first use in this function)
  106 |   return keypadBut1;
      |          ^~~~~~~~~~
../Core/Src/keypad.c:107:12: error: 'C2_p' undeclared (first use in this function)
  107 |  } else if(C2_p -> IDR & C2_IDR) {
      |            ^~~~
../Core/Src/keypad.c:107:26: error: 'C2_IDR' undeclared (first use in this function)
  107 |  } else if(C2_p -> IDR & C2_IDR) {
      |                          ^~~~~~
../Core/Src/main.c:83:7: error: 'keypadButA' undeclared (first use in this function)
   83 |  case keypadButA:
      |       ^~~~~~~~~~
../Core/Src/keypad.c:110:10: error: 'keypadBut2' undeclared (first use in this function)
  110 |   return keypadBut2;
      |          ^~~~~~~~~~
../Core/Src/keypad.c:111:12: error: 'C3_p' undeclared (first use in this function)
  111 |  } else if(C3_p -> IDR & C3_IDR) {
      |            ^~~~
../Core/Src/keypad.c:111:26: error: 'C3_IDR' undeclared (first use in this function)
  111 |  } else if(C3_p -> IDR & C3_IDR) {
      |                          ^~~~~~
../Core/Src/keypad.c:114:10: error: 'keypadBut3' undeclared (first use in this function)
  114 |   return keypadBut3;
      |          ^~~~~~~~~~
../Core/Src/main.c:87:7: error: 'keypadButB' undeclared (first use in this function)
   87 |  case keypadButB:
      |       ^~~~~~~~~~
../Core/Src/keypad.c:115:12: error: 'C4_p' undeclared (first use in this function)
  115 |  } else if(C4_p -> IDR & C4_IDR) {
      |            ^~~~
../Core/Src/main.c:91:7: error: 'keypadButHash' undeclared (first use in this function)
   91 |  case keypadButHash:
      |       ^~~~~~~~~~~~~
../Core/Src/keypad.c:115:26: error: 'C4_IDR' undeclared (first use in this function)
  115 |  } else if(C4_p -> IDR & C4_IDR) {
      |                          ^~~~~~
../Core/Src/keypad.c:118:10: error: 'keypadButA' undeclared (first use in this function)
  118 |   return keypadButA;
      |          ^~~~~~~~~~
../Core/Src/keypad.c:126:10: error: 'keypadBut4' undeclared (first use in this function)
  126 |   return keypadBut4;
      |          ^~~~~~~~~~
make: *** [Core/Src/subdir.mk:43: Core/Src/main.o] Error 1
make: *** Waiting for unfinished jobs....
../Core/Src/keypad.c:130:10: error: 'keypadBut5' undeclared (first use in this function)
  130 |   return keypadBut5;
      |          ^~~~~~~~~~
../Core/Src/keypad.c:134:10: error: 'keypadBut6' undeclared (first use in this function)
  134 |   return keypadBut6;
      |          ^~~~~~~~~~
../Core/Src/keypad.c:138:10: error: 'keypadButB' undeclared (first use in this function)
  138 |   return keypadButB;
      |          ^~~~~~~~~~
../Core/Src/keypad.c:146:10: error: 'keypadBut7' undeclared (first use in this function)
  146 |   return keypadBut7;
      |          ^~~~~~~~~~
../Core/Src/keypad.c:150:10: error: 'keypadBut8' undeclared (first use in this function)
  150 |   return keypadBut8;
      |          ^~~~~~~~~~
../Core/Src/keypad.c:154:10: error: 'keypadBut9' undeclared (first use in this function)
  154 |   return keypadBut9;
      |          ^~~~~~~~~~
../Core/Src/keypad.c:158:10: error: 'keypadButC' undeclared (first use in this function)
  158 |   return keypadButC;
      |          ^~~~~~~~~~
../Core/Src/keypad.c:166:10: error: 'keypadButAst' undeclared (first use in this function)
  166 |   return keypadButAst;
      |          ^~~~~~~~~~~~
../Core/Src/keypad.c:170:10: error: 'keypadBut0' undeclared (first use in this function)
  170 |   return keypadBut0;
      |          ^~~~~~~~~~
../Core/Src/keypad.c:174:10: error: 'keypadButHash' undeclared (first use in this function)
  174 |   return keypadButHash;
      |          ^~~~~~~~~~~~~
../Core/Src/keypad.c:178:10: error: 'keypadButD' undeclared (first use in this function)
  178 |   return keypadButD;
      |          ^~~~~~~~~~
../Core/Src/keypad.c:183:9: error: 'none' undeclared (first use in this function)
  183 |  return none;
      |         ^~~~
../Core/Src/keypad.c: At top level:
../Core/Src/keypad.c:186:13: warning: conflicting types for 'KEY_setRow'
  186 | static void KEY_setRow(uint8_t key) {
      |             ^~~~~~~~~~
../Core/Src/keypad.c:186:13: error: static declaration of 'KEY_setRow' follows non-static declaration
../Core/Src/keypad.c:102:2: note: previous implicit declaration of 'KEY_setRow' was here
  102 |  KEY_setRow(1);
      |  ^~~~~~~~~~
../Core/Src/keypad.c: In function 'KEY_setRow':
../Core/Src/keypad.c:191:3: error: 'R1_p' undeclared (first use in this function)
  191 |   R1_p -> ODR |= (R1_ODR);
      |   ^~~~
../Core/Src/keypad.c:191:19: error: 'R1_ODR' undeclared (first use in this function)
  191 |   R1_p -> ODR |= (R1_ODR);
      |                   ^~~~~~
../Core/Src/keypad.c:194:3: error: 'R2_p' undeclared (first use in this function)
  194 |   R2_p -> ODR |= (R2_ODR);
      |   ^~~~
../Core/Src/keypad.c:194:19: error: 'R2_ODR' undeclared (first use in this function)
  194 |   R2_p -> ODR |= (R2_ODR);
      |                   ^~~~~~
../Core/Src/keypad.c:197:3: error: 'R3_p' undeclared (first use in this function)
  197 |   R3_p -> ODR |= (R3_ODR);
      |   ^~~~
../Core/Src/keypad.c:197:19: error: 'R3_ODR' undeclared (first use in this function)
  197 |   R3_p -> ODR |= (R3_ODR);
      |                   ^~~~~~
../Core/Src/keypad.c:200:3: error: 'R4_p' undeclared (first use in this function)
  200 |   R4_p -> ODR |= (R4_ODR);
      |   ^~~~
../Core/Src/keypad.c:200:19: error: 'R4_ODR' undeclared (first use in this function)
  200 |   R4_p -> ODR |= (R4_ODR);
      |                   ^~~~~~
../Core/Src/keypad.c: In function 'KEY_detectButton':
../Core/Src/keypad.c:184:1: warning: control reaches end of non-void function [-Wreturn-type]
  184 | }
      | ^
At top level:
../Core/Src/keypad.c:186:13: warning: 'KEY_setRow' defined but not used [-Wunused-function]
  186 | static void KEY_setRow(uint8_t key) {
      |             ^~~~~~~~~~
make: *** [Core/Src/subdir.mk:43: Core/Src/keypad.o] Error 1
"make -j8 all" terminated with exit code 2. Build might be incomplete.
17:41:14 **** Incremental Build of configuration Debug for project pwm ****
make -j8 all 
arm-none-eabi-gcc "../Core/Src/bsp.c" -mcpu=cortex-m0plus -std=gnu11 -g3 -DDEBUG -DUSE_HAL_DRIVER -DSTM32G031xx -c -I../Core/Inc -I../Drivers/STM32G0xx_HAL_Driver/Inc -I../Drivers/STM32G0xx_HAL_Driver/Inc/Legacy -I../Drivers/CMSIS/Device/ST/STM32G0xx/Include -I../Drivers/CMSIS/Include -O0 -ffunction-sections -fdata-sections -Wall -fstack-usage -MMD -MP -MF"Core/Src/bsp.d" -MT"Core/Src/bsp.o" --specs=nano.specs -mfloat-abi=soft -mthumb -o "Core/Src/bsp.o"
arm-none-eabi-gcc "../Core/Src/keypad.c" -mcpu=cortex-m0plus -std=gnu11 -g3 -DDEBUG -DUSE_HAL_DRIVER -DSTM32G031xx -c -I../Core/Inc -I../Drivers/STM32G0xx_HAL_Driver/Inc -I../Drivers/STM32G0xx_HAL_Driver/Inc/Legacy -I../Drivers/CMSIS/Device/ST/STM32G0xx/Include -I../Drivers/CMSIS/Include -O0 -ffunction-sections -fdata-sections -Wall -fstack-usage -MMD -MP -MF"Core/Src/keypad.d" -MT"Core/Src/keypad.o" --specs=nano.specs -mfloat-abi=soft -mthumb -o "Core/Src/keypad.o"
arm-none-eabi-gcc "../Core/Src/main.c" -mcpu=cortex-m0plus -std=gnu11 -g3 -DDEBUG -DUSE_HAL_DRIVER -DSTM32G031xx -c -I../Core/Inc -I../Drivers/STM32G0xx_HAL_Driver/Inc -I../Drivers/STM32G0xx_HAL_Driver/Inc/Legacy -I../Drivers/CMSIS/Device/ST/STM32G0xx/Include -I../Drivers/CMSIS/Include -O0 -ffunction-sections -fdata-sections -Wall -fstack-usage -MMD -MP -MF"Core/Src/main.d" -MT"Core/Src/main.o" --specs=nano.specs -mfloat-abi=soft -mthumb -o "Core/Src/main.o"
In file included from ../Core/Src/bsp.c:10:
../Core/Src/keypad.h:51:13: warning: 'KEY_clearAllRows' declared 'static' but never defined [-Wunused-function]
   51 | static void KEY_clearAllRows();
      |             ^~~~~~~~~~~~~~~~
../Core/Src/keypad.h:52:13: warning: 'KEY_setAllRows' declared 'static' but never defined [-Wunused-function]
   52 | static void KEY_setAllRows();
      |             ^~~~~~~~~~~~~~
../Core/Src/keypad.h:53:13: warning: 'KEY_setRow' declared 'static' but never defined [-Wunused-function]
   53 | static void KEY_setRow(uint8_t key);
      |             ^~~~~~~~~~
In file included from ../Core/Src/main.c:11:
../Core/Src/keypad.h:51:13: warning: 'KEY_clearAllRows' declared 'static' but never defined [-Wunused-function]
   51 | static void KEY_clearAllRows();
      |             ^~~~~~~~~~~~~~~~
../Core/Src/keypad.h:52:13: warning: 'KEY_setAllRows' declared 'static' but never defined [-Wunused-function]
   52 | static void KEY_setAllRows();
      |             ^~~~~~~~~~~~~~
../Core/Src/keypad.h:53:13: warning: 'KEY_setRow' declared 'static' but never defined [-Wunused-function]
   53 | static void KEY_setRow(uint8_t key);
      |             ^~~~~~~~~~
arm-none-eabi-gcc -o "pwm.elf" @"objects.list"   -mcpu=cortex-m0plus -T"C:\stm32\pwm\STM32G031K8TX_FLASH.ld" --specs=nosys.specs -Wl,-Map="pwm.map" -Wl,--gc-sections -static --specs=nano.specs -mfloat-abi=soft -mthumb -Wl,--start-group -lc -lm -Wl,--end-group
c:\st\stm32cubeide_1.7.0\stm32cubeide\plugins\com.st.stm32cube.ide.mcu.externaltools.gnu-tools-for-stm32.9-2020-q2-update.win32_2.0.0.202105311346\tools\arm-none-eabi\bin\ld.exe: ./Core/Src/stm32g0xx_it.o: in function `SysTick_Handler':
C:/stm32/pwm/Debug/../Core/Src/stm32g0xx_it.c:127: multiple definition of `SysTick_Handler'; ./Core/Src/main.o:C:/stm32/pwm/Debug/../Core/Src/main.c:54: first defined here
collect2.exe: error: ld returned 1 exit status
make: *** [makefile:65: pwm.elf] Error 1
"make -j8 all" terminated with exit code 2. Build might be incomplete.
17:42:00 **** Incremental Build of configuration Debug for project pwm ****
make -j8 all 
arm-none-eabi-gcc "../Core/Src/stm32g0xx_it.c" -mcpu=cortex-m0plus -std=gnu11 -g3 -DDEBUG -DUSE_HAL_DRIVER -DSTM32G031xx -c -I../Core/Inc -I../Drivers/STM32G0xx_HAL_Driver/Inc -I../Drivers/STM32G0xx_HAL_Driver/Inc/Legacy -I../Drivers/CMSIS/Device/ST/STM32G0xx/Include -I../Drivers/CMSIS/Include -O0 -ffunction-sections -fdata-sections -Wall -fstack-usage -MMD -MP -MF"Core/Src/stm32g0xx_it.d" -MT"Core/Src/stm32g0xx_it.o" --specs=nano.specs -mfloat-abi=soft -mthumb -o "Core/Src/stm32g0xx_it.o"
arm-none-eabi-gcc -o "pwm.elf" @"objects.list"   -mcpu=cortex-m0plus -T"C:\stm32\pwm\STM32G031K8TX_FLASH.ld" --specs=nosys.specs -Wl,-Map="pwm.map" -Wl,--gc-sections -static --specs=nano.specs -mfloat-abi=soft -mthumb -Wl,--start-group -lc -lm -Wl,--end-group
Finished building target: pwm.elf
 
arm-none-eabi-size   pwm.elf 
arm-none-eabi-objdump -h -S  pwm.elf  > "pwm.list"
arm-none-eabi-objcopy  -O binary  pwm.elf  "pwm.bin"
   text	   data	    bss	    dec	    hex	filename
   5356	     28	   1588	   6972	   1b3c	pwm.elf
Finished building: default.size.stdout
 
Finished building: pwm.bin
Finished building: pwm.list
 
 
17:54:27 **** Incremental Build of configuration Debug for project pwm ****
make -j8 all 
arm-none-eabi-gcc "../Core/Src/bsp.c" -mcpu=cortex-m0plus -std=gnu11 -g3 -DDEBUG -DUSE_HAL_DRIVER -DSTM32G031xx -c -I../Core/Inc -I../Drivers/STM32G0xx_HAL_Driver/Inc -I../Drivers/STM32G0xx_HAL_Driver/Inc/Legacy -I../Drivers/CMSIS/Device/ST/STM32G0xx/Include -I../Drivers/CMSIS/Include -O0 -ffunction-sections -fdata-sections -Wall -fstack-usage -MMD -MP -MF"Core/Src/bsp.d" -MT"Core/Src/bsp.o" --specs=nano.specs -mfloat-abi=soft -mthumb -o "Core/Src/bsp.o"
arm-none-eabi-gcc "../Core/Src/keypad.c" -mcpu=cortex-m0plus -std=gnu11 -g3 -DDEBUG -DUSE_HAL_DRIVER -DSTM32G031xx -c -I../Core/Inc -I../Drivers/STM32G0xx_HAL_Driver/Inc -I../Drivers/STM32G0xx_HAL_Driver/Inc/Legacy -I../Drivers/CMSIS/Device/ST/STM32G0xx/Include -I../Drivers/CMSIS/Include -O0 -ffunction-sections -fdata-sections -Wall -fstack-usage -MMD -MP -MF"Core/Src/keypad.d" -MT"Core/Src/keypad.o" --specs=nano.specs -mfloat-abi=soft -mthumb -o "Core/Src/keypad.o"
arm-none-eabi-gcc "../Core/Src/main.c" -mcpu=cortex-m0plus -std=gnu11 -g3 -DDEBUG -DUSE_HAL_DRIVER -DSTM32G031xx -c -I../Core/Inc -I../Drivers/STM32G0xx_HAL_Driver/Inc -I../Drivers/STM32G0xx_HAL_Driver/Inc/Legacy -I../Drivers/CMSIS/Device/ST/STM32G0xx/Include -I../Drivers/CMSIS/Include -O0 -ffunction-sections -fdata-sections -Wall -fstack-usage -MMD -MP -MF"Core/Src/main.d" -MT"Core/Src/main.o" --specs=nano.specs -mfloat-abi=soft -mthumb -o "Core/Src/main.o"
arm-none-eabi-gcc "../Core/Src/sevensegment.c" -mcpu=cortex-m0plus -std=gnu11 -g3 -DDEBUG -DUSE_HAL_DRIVER -DSTM32G031xx -c -I../Core/Inc -I../Drivers/STM32G0xx_HAL_Driver/Inc -I../Drivers/STM32G0xx_HAL_Driver/Inc/Legacy -I../Drivers/CMSIS/Device/ST/STM32G0xx/Include -I../Drivers/CMSIS/Include -O0 -ffunction-sections -fdata-sections -Wall -fstack-usage -MMD -MP -MF"Core/Src/sevensegment.d" -MT"Core/Src/sevensegment.o" --specs=nano.specs -mfloat-abi=soft -mthumb -o "Core/Src/sevensegment.o"
In file included from ../Core/Src/main.c:11:
../Core/Src/keypad.h:51:13: warning: 'KEY_clearAllRows' declared 'static' but never defined [-Wunused-function]
   51 | static void KEY_clearAllRows();
      |             ^~~~~~~~~~~~~~~~
../Core/Src/keypad.h:52:13: warning: 'KEY_setAllRows' declared 'static' but never defined [-Wunused-function]
   52 | static void KEY_setAllRows();
      |             ^~~~~~~~~~~~~~
../Core/Src/keypad.h:53:13: warning: 'KEY_setRow' declared 'static' but never defined [-Wunused-function]
   53 | static void KEY_setRow(uint8_t key);
      |             ^~~~~~~~~~
In file included from ../Core/Src/bsp.c:10:
../Core/Src/keypad.h:51:13: warning: 'KEY_clearAllRows' declared 'static' but never defined [-Wunused-function]
   51 | static void KEY_clearAllRows();
      |             ^~~~~~~~~~~~~~~~
../Core/Src/keypad.h:52:13: warning: 'KEY_setAllRows' declared 'static' but never defined [-Wunused-function]
   52 | static void KEY_setAllRows();
      |             ^~~~~~~~~~~~~~
../Core/Src/keypad.h:53:13: warning: 'KEY_setRow' declared 'static' but never defined [-Wunused-function]
   53 | static void KEY_setRow(uint8_t key);
      |             ^~~~~~~~~~
arm-none-eabi-gcc -o "pwm.elf" @"objects.list"   -mcpu=cortex-m0plus -T"C:\stm32\pwm\STM32G031K8TX_FLASH.ld" --specs=nosys.specs -Wl,-Map="pwm.map" -Wl,--gc-sections -static --specs=nano.specs -mfloat-abi=soft -mthumb -Wl,--start-group -lc -lm -Wl,--end-group
Finished building target: pwm.elf
 
arm-none-eabi-size   pwm.elf 
arm-none-eabi-objdump -h -S  pwm.elf  > "pwm.list"
arm-none-eabi-objcopy  -O binary  pwm.elf  "pwm.bin"
   text	   data	    bss	    dec	    hex	filename
   5356	     28	   1588	   6972	   1b3c	pwm.elf
Finished building: default.size.stdout
 
Finished building: pwm.bin
Finished building: pwm.list
 
 
17:54:40 **** Incremental Build of configuration Debug for project pwm ****
make -j8 all 
arm-none-eabi-size   pwm.elf 
   text	   data	    bss	    dec	    hex	filename
   5356	     28	   1588	   6972	   1b3c	pwm.elf
Finished building: default.size.stdout
 
17:56:31 **** Incremental Build of configuration Debug for project pwm ****
make -j8 all 
arm-none-eabi-gcc "../Core/Src/bsp.c" -mcpu=cortex-m0plus -std=gnu11 -g3 -DDEBUG -DUSE_HAL_DRIVER -DSTM32G031xx -c -I../Core/Inc -I../Drivers/STM32G0xx_HAL_Driver/Inc -I../Drivers/STM32G0xx_HAL_Driver/Inc/Legacy -I../Drivers/CMSIS/Device/ST/STM32G0xx/Include -I../Drivers/CMSIS/Include -O0 -ffunction-sections -fdata-sections -Wall -fstack-usage -MMD -MP -MF"Core/Src/bsp.d" -MT"Core/Src/bsp.o" --specs=nano.specs -mfloat-abi=soft -mthumb -o "Core/Src/bsp.o"
arm-none-eabi-gcc "../Core/Src/keypad.c" -mcpu=cortex-m0plus -std=gnu11 -g3 -DDEBUG -DUSE_HAL_DRIVER -DSTM32G031xx -c -I../Core/Inc -I../Drivers/STM32G0xx_HAL_Driver/Inc -I../Drivers/STM32G0xx_HAL_Driver/Inc/Legacy -I../Drivers/CMSIS/Device/ST/STM32G0xx/Include -I../Drivers/CMSIS/Include -O0 -ffunction-sections -fdata-sections -Wall -fstack-usage -MMD -MP -MF"Core/Src/keypad.d" -MT"Core/Src/keypad.o" --specs=nano.specs -mfloat-abi=soft -mthumb -o "Core/Src/keypad.o"
arm-none-eabi-gcc "../Core/Src/main.c" -mcpu=cortex-m0plus -std=gnu11 -g3 -DDEBUG -DUSE_HAL_DRIVER -DSTM32G031xx -c -I../Core/Inc -I../Drivers/STM32G0xx_HAL_Driver/Inc -I../Drivers/STM32G0xx_HAL_Driver/Inc/Legacy -I../Drivers/CMSIS/Device/ST/STM32G0xx/Include -I../Drivers/CMSIS/Include -O0 -ffunction-sections -fdata-sections -Wall -fstack-usage -MMD -MP -MF"Core/Src/main.d" -MT"Core/Src/main.o" --specs=nano.specs -mfloat-abi=soft -mthumb -o "Core/Src/main.o"
arm-none-eabi-gcc "../Core/Src/sevensegment.c" -mcpu=cortex-m0plus -std=gnu11 -g3 -DDEBUG -DUSE_HAL_DRIVER -DSTM32G031xx -c -I../Core/Inc -I../Drivers/STM32G0xx_HAL_Driver/Inc -I../Drivers/STM32G0xx_HAL_Driver/Inc/Legacy -I../Drivers/CMSIS/Device/ST/STM32G0xx/Include -I../Drivers/CMSIS/Include -O0 -ffunction-sections -fdata-sections -Wall -fstack-usage -MMD -MP -MF"Core/Src/sevensegment.d" -MT"Core/Src/sevensegment.o" --specs=nano.specs -mfloat-abi=soft -mthumb -o "Core/Src/sevensegment.o"
In file included from ../Core/Src/bsp.c:10:
../Core/Src/keypad.h:51:13: warning: 'KEY_clearAllRows' declared 'static' but never defined [-Wunused-function]
   51 | static void KEY_clearAllRows();
      |             ^~~~~~~~~~~~~~~~
../Core/Src/keypad.h:52:13: warning: 'KEY_setAllRows' declared 'static' but never defined [-Wunused-function]
   52 | static void KEY_setAllRows();
      |             ^~~~~~~~~~~~~~
../Core/Src/keypad.h:53:13: warning: 'KEY_setRow' declared 'static' but never defined [-Wunused-function]
   53 | static void KEY_setRow(uint8_t key);
      |             ^~~~~~~~~~
In file included from ../Core/Src/main.c:11:
../Core/Src/keypad.h:51:13: warning: 'KEY_clearAllRows' declared 'static' but never defined [-Wunused-function]
   51 | static void KEY_clearAllRows();
      |             ^~~~~~~~~~~~~~~~
../Core/Src/keypad.h:52:13: warning: 'KEY_setAllRows' declared 'static' but never defined [-Wunused-function]
   52 | static void KEY_setAllRows();
      |             ^~~~~~~~~~~~~~
../Core/Src/keypad.h:53:13: warning: 'KEY_setRow' declared 'static' but never defined [-Wunused-function]
   53 | static void KEY_setRow(uint8_t key);
      |             ^~~~~~~~~~
arm-none-eabi-gcc -o "pwm.elf" @"objects.list"   -mcpu=cortex-m0plus -T"C:\stm32\pwm\STM32G031K8TX_FLASH.ld" --specs=nosys.specs -Wl,-Map="pwm.map" -Wl,--gc-sections -static --specs=nano.specs -mfloat-abi=soft -mthumb -Wl,--start-group -lc -lm -Wl,--end-group
Finished building target: pwm.elf
 
arm-none-eabi-size   pwm.elf 
arm-none-eabi-objdump -h -S  pwm.elf  > "pwm.list"
arm-none-eabi-objcopy  -O binary  pwm.elf  "pwm.bin"
   text	   data	    bss	    dec	    hex	filename
   5356	     28	   1588	   6972	   1b3c	pwm.elf
Finished building: default.size.stdout
 
Finished building: pwm.bin
Finished building: pwm.list
 
 
17:56:45 **** Incremental Build of configuration Debug for project pwm ****
make -j8 all 
arm-none-eabi-size   pwm.elf 
   text	   data	    bss	    dec	    hex	filename
   5356	     28	   1588	   6972	   1b3c	pwm.elf
Finished building: default.size.stdout
 
18:00:06 **** Incremental Build of configuration Debug for project pwm ****
make -j8 all 
arm-none-eabi-gcc "../Core/Src/bsp.c" -mcpu=cortex-m0plus -std=gnu11 -g3 -DDEBUG -DUSE_HAL_DRIVER -DSTM32G031xx -c -I../Core/Inc -I../Drivers/STM32G0xx_HAL_Driver/Inc -I../Drivers/STM32G0xx_HAL_Driver/Inc/Legacy -I../Drivers/CMSIS/Device/ST/STM32G0xx/Include -I../Drivers/CMSIS/Include -O0 -ffunction-sections -fdata-sections -Wall -fstack-usage -MMD -MP -MF"Core/Src/bsp.d" -MT"Core/Src/bsp.o" --specs=nano.specs -mfloat-abi=soft -mthumb -o "Core/Src/bsp.o"
arm-none-eabi-gcc "../Core/Src/keypad.c" -mcpu=cortex-m0plus -std=gnu11 -g3 -DDEBUG -DUSE_HAL_DRIVER -DSTM32G031xx -c -I../Core/Inc -I../Drivers/STM32G0xx_HAL_Driver/Inc -I../Drivers/STM32G0xx_HAL_Driver/Inc/Legacy -I../Drivers/CMSIS/Device/ST/STM32G0xx/Include -I../Drivers/CMSIS/Include -O0 -ffunction-sections -fdata-sections -Wall -fstack-usage -MMD -MP -MF"Core/Src/keypad.d" -MT"Core/Src/keypad.o" --specs=nano.specs -mfloat-abi=soft -mthumb -o "Core/Src/keypad.o"
arm-none-eabi-gcc "../Core/Src/main.c" -mcpu=cortex-m0plus -std=gnu11 -g3 -DDEBUG -DUSE_HAL_DRIVER -DSTM32G031xx -c -I../Core/Inc -I../Drivers/STM32G0xx_HAL_Driver/Inc -I../Drivers/STM32G0xx_HAL_Driver/Inc/Legacy -I../Drivers/CMSIS/Device/ST/STM32G0xx/Include -I../Drivers/CMSIS/Include -O0 -ffunction-sections -fdata-sections -Wall -fstack-usage -MMD -MP -MF"Core/Src/main.d" -MT"Core/Src/main.o" --specs=nano.specs -mfloat-abi=soft -mthumb -o "Core/Src/main.o"
arm-none-eabi-gcc "../Core/Src/sevensegment.c" -mcpu=cortex-m0plus -std=gnu11 -g3 -DDEBUG -DUSE_HAL_DRIVER -DSTM32G031xx -c -I../Core/Inc -I../Drivers/STM32G0xx_HAL_Driver/Inc -I../Drivers/STM32G0xx_HAL_Driver/Inc/Legacy -I../Drivers/CMSIS/Device/ST/STM32G0xx/Include -I../Drivers/CMSIS/Include -O0 -ffunction-sections -fdata-sections -Wall -fstack-usage -MMD -MP -MF"Core/Src/sevensegment.d" -MT"Core/Src/sevensegment.o" --specs=nano.specs -mfloat-abi=soft -mthumb -o "Core/Src/sevensegment.o"
In file included from ../Core/Src/bsp.c:10:
../Core/Src/keypad.h:51:13: warning: 'KEY_clearAllRows' declared 'static' but never defined [-Wunused-function]
   51 | static void KEY_clearAllRows();
      |             ^~~~~~~~~~~~~~~~
../Core/Src/keypad.h:52:13: warning: 'KEY_setAllRows' declared 'static' but never defined [-Wunused-function]
   52 | static void KEY_setAllRows();
      |             ^~~~~~~~~~~~~~
../Core/Src/keypad.h:53:13: warning: 'KEY_setRow' declared 'static' but never defined [-Wunused-function]
   53 | static void KEY_setRow(uint8_t key);
      |             ^~~~~~~~~~
In file included from ../Core/Src/main.c:11:
../Core/Src/keypad.h:51:13: warning: 'KEY_clearAllRows' declared 'static' but never defined [-Wunused-function]
   51 | static void KEY_clearAllRows();
      |             ^~~~~~~~~~~~~~~~
../Core/Src/keypad.h:52:13: warning: 'KEY_setAllRows' declared 'static' but never defined [-Wunused-function]
   52 | static void KEY_setAllRows();
      |             ^~~~~~~~~~~~~~
../Core/Src/keypad.h:53:13: warning: 'KEY_setRow' declared 'static' but never defined [-Wunused-function]
   53 | static void KEY_setRow(uint8_t key);
      |             ^~~~~~~~~~
arm-none-eabi-gcc -o "pwm.elf" @"objects.list"   -mcpu=cortex-m0plus -T"C:\stm32\pwm\STM32G031K8TX_FLASH.ld" --specs=nosys.specs -Wl,-Map="pwm.map" -Wl,--gc-sections -static --specs=nano.specs -mfloat-abi=soft -mthumb -Wl,--start-group -lc -lm -Wl,--end-group
Finished building target: pwm.elf
 
arm-none-eabi-size   pwm.elf 
arm-none-eabi-objdump -h -S  pwm.elf  > "pwm.list"
arm-none-eabi-objcopy  -O binary  pwm.elf  "pwm.bin"
   text	   data	    bss	    dec	    hex	filename
   5356	     28	   1588	   6972	   1b3c	pwm.elf
Finished building: default.size.stdout
 
Finished building: pwm.bin
Finished building: pwm.list
 
 
18:00:18 **** Incremental Build of configuration Debug for project pwm ****
make -j8 all 
arm-none-eabi-size   pwm.elf 
   text	   data	    bss	    dec	    hex	filename
   5356	     28	   1588	   6972	   1b3c	pwm.elf
Finished building: default.size.stdout
 
18:07:04 **** Incremental Build of configuration Debug for project pwm ****
make -j8 all 
arm-none-eabi-gcc "../Core/Src/sevensegment.c" -mcpu=cortex-m0plus -std=gnu11 -g3 -DDEBUG -DUSE_HAL_DRIVER -DSTM32G031xx -c -I../Core/Inc -I../Drivers/STM32G0xx_HAL_Driver/Inc -I../Drivers/STM32G0xx_HAL_Driver/Inc/Legacy -I../Drivers/CMSIS/Device/ST/STM32G0xx/Include -I../Drivers/CMSIS/Include -O0 -ffunction-sections -fdata-sections -Wall -fstack-usage -MMD -MP -MF"Core/Src/sevensegment.d" -MT"Core/Src/sevensegment.o" --specs=nano.specs -mfloat-abi=soft -mthumb -o "Core/Src/sevensegment.o"
arm-none-eabi-gcc -o "pwm.elf" @"objects.list"   -mcpu=cortex-m0plus -T"C:\stm32\pwm\STM32G031K8TX_FLASH.ld" --specs=nosys.specs -Wl,-Map="pwm.map" -Wl,--gc-sections -static --specs=nano.specs -mfloat-abi=soft -mthumb -Wl,--start-group -lc -lm -Wl,--end-group
Finished building target: pwm.elf
 
arm-none-eabi-size   pwm.elf 
arm-none-eabi-objdump -h -S  pwm.elf  > "pwm.list"
arm-none-eabi-objcopy  -O binary  pwm.elf  "pwm.bin"
   text	   data	    bss	    dec	    hex	filename
   5364	     28	   1588	   6980	   1b44	pwm.elf
Finished building: default.size.stdout
 
Finished building: pwm.bin
Finished building: pwm.list
 
 
18:07:25 **** Incremental Build of configuration Debug for project pwm ****
make -j8 all 
arm-none-eabi-size   pwm.elf 
   text	   data	    bss	    dec	    hex	filename
   5364	     28	   1588	   6980	   1b44	pwm.elf
Finished building: default.size.stdout
 
18:11:00 **** Incremental Build of configuration Debug for project pwm ****
make -j8 all 
arm-none-eabi-gcc "../Core/Src/sevensegment.c" -mcpu=cortex-m0plus -std=gnu11 -g3 -DDEBUG -DUSE_HAL_DRIVER -DSTM32G031xx -c -I../Core/Inc -I../Drivers/STM32G0xx_HAL_Driver/Inc -I../Drivers/STM32G0xx_HAL_Driver/Inc/Legacy -I../Drivers/CMSIS/Device/ST/STM32G0xx/Include -I../Drivers/CMSIS/Include -O0 -ffunction-sections -fdata-sections -Wall -fstack-usage -MMD -MP -MF"Core/Src/sevensegment.d" -MT"Core/Src/sevensegment.o" --specs=nano.specs -mfloat-abi=soft -mthumb -o "Core/Src/sevensegment.o"
arm-none-eabi-gcc -o "pwm.elf" @"objects.list"   -mcpu=cortex-m0plus -T"C:\stm32\pwm\STM32G031K8TX_FLASH.ld" --specs=nosys.specs -Wl,-Map="pwm.map" -Wl,--gc-sections -static --specs=nano.specs -mfloat-abi=soft -mthumb -Wl,--start-group -lc -lm -Wl,--end-group
Finished building target: pwm.elf
 
arm-none-eabi-size   pwm.elf 
arm-none-eabi-objdump -h -S  pwm.elf  > "pwm.list"
arm-none-eabi-objcopy  -O binary  pwm.elf  "pwm.bin"
   text	   data	    bss	    dec	    hex	filename
   5356	     28	   1588	   6972	   1b3c	pwm.elf
Finished building: default.size.stdout
 
Finished building: pwm.bin
Finished building: pwm.list
 
 
18:11:15 **** Incremental Build of configuration Debug for project pwm ****
make -j8 all 
arm-none-eabi-gcc "../Core/Src/bsp.c" -mcpu=cortex-m0plus -std=gnu11 -g3 -DDEBUG -DUSE_HAL_DRIVER -DSTM32G031xx -c -I../Core/Inc -I../Drivers/STM32G0xx_HAL_Driver/Inc -I../Drivers/STM32G0xx_HAL_Driver/Inc/Legacy -I../Drivers/CMSIS/Device/ST/STM32G0xx/Include -I../Drivers/CMSIS/Include -O0 -ffunction-sections -fdata-sections -Wall -fstack-usage -MMD -MP -MF"Core/Src/bsp.d" -MT"Core/Src/bsp.o" --specs=nano.specs -mfloat-abi=soft -mthumb -o "Core/Src/bsp.o"
arm-none-eabi-gcc "../Core/Src/keypad.c" -mcpu=cortex-m0plus -std=gnu11 -g3 -DDEBUG -DUSE_HAL_DRIVER -DSTM32G031xx -c -I../Core/Inc -I../Drivers/STM32G0xx_HAL_Driver/Inc -I../Drivers/STM32G0xx_HAL_Driver/Inc/Legacy -I../Drivers/CMSIS/Device/ST/STM32G0xx/Include -I../Drivers/CMSIS/Include -O0 -ffunction-sections -fdata-sections -Wall -fstack-usage -MMD -MP -MF"Core/Src/keypad.d" -MT"Core/Src/keypad.o" --specs=nano.specs -mfloat-abi=soft -mthumb -o "Core/Src/keypad.o"
arm-none-eabi-gcc "../Core/Src/main.c" -mcpu=cortex-m0plus -std=gnu11 -g3 -DDEBUG -DUSE_HAL_DRIVER -DSTM32G031xx -c -I../Core/Inc -I../Drivers/STM32G0xx_HAL_Driver/Inc -I../Drivers/STM32G0xx_HAL_Driver/Inc/Legacy -I../Drivers/CMSIS/Device/ST/STM32G0xx/Include -I../Drivers/CMSIS/Include -O0 -ffunction-sections -fdata-sections -Wall -fstack-usage -MMD -MP -MF"Core/Src/main.d" -MT"Core/Src/main.o" --specs=nano.specs -mfloat-abi=soft -mthumb -o "Core/Src/main.o"
arm-none-eabi-gcc "../Core/Src/sevensegment.c" -mcpu=cortex-m0plus -std=gnu11 -g3 -DDEBUG -DUSE_HAL_DRIVER -DSTM32G031xx -c -I../Core/Inc -I../Drivers/STM32G0xx_HAL_Driver/Inc -I../Drivers/STM32G0xx_HAL_Driver/Inc/Legacy -I../Drivers/CMSIS/Device/ST/STM32G0xx/Include -I../Drivers/CMSIS/Include -O0 -ffunction-sections -fdata-sections -Wall -fstack-usage -MMD -MP -MF"Core/Src/sevensegment.d" -MT"Core/Src/sevensegment.o" --specs=nano.specs -mfloat-abi=soft -mthumb -o "Core/Src/sevensegment.o"
In file included from ../Core/Src/main.c:11:
../Core/Src/keypad.h:51:13: warning: 'KEY_clearAllRows' declared 'static' but never defined [-Wunused-function]
   51 | static void KEY_clearAllRows();
      |             ^~~~~~~~~~~~~~~~
../Core/Src/keypad.h:52:13: warning: 'KEY_setAllRows' declared 'static' but never defined [-Wunused-function]
   52 | static void KEY_setAllRows();
      |             ^~~~~~~~~~~~~~
../Core/Src/keypad.h:53:13: warning: 'KEY_setRow' declared 'static' but never defined [-Wunused-function]
   53 | static void KEY_setRow(uint8_t key);
      |             ^~~~~~~~~~
In file included from ../Core/Src/bsp.c:10:
../Core/Src/keypad.h:51:13: warning: 'KEY_clearAllRows' declared 'static' but never defined [-Wunused-function]
   51 | static void KEY_clearAllRows();
      |             ^~~~~~~~~~~~~~~~
../Core/Src/keypad.h:52:13: warning: 'KEY_setAllRows' declared 'static' but never defined [-Wunused-function]
   52 | static void KEY_setAllRows();
      |             ^~~~~~~~~~~~~~
../Core/Src/keypad.h:53:13: warning: 'KEY_setRow' declared 'static' but never defined [-Wunused-function]
   53 | static void KEY_setRow(uint8_t key);
      |             ^~~~~~~~~~
arm-none-eabi-gcc -o "pwm.elf" @"objects.list"   -mcpu=cortex-m0plus -T"C:\stm32\pwm\STM32G031K8TX_FLASH.ld" --specs=nosys.specs -Wl,-Map="pwm.map" -Wl,--gc-sections -static --specs=nano.specs -mfloat-abi=soft -mthumb -Wl,--start-group -lc -lm -Wl,--end-group
Finished building target: pwm.elf
 
arm-none-eabi-size   pwm.elf 
arm-none-eabi-objdump -h -S  pwm.elf  > "pwm.list"
arm-none-eabi-objcopy  -O binary  pwm.elf  "pwm.bin"
   text	   data	    bss	    dec	    hex	filename
   5356	     28	   1588	   6972	   1b3c	pwm.elf
Finished building: default.size.stdout
 
Finished building: pwm.bin
 
Finished building: pwm.list
 
18:11:25 **** Incremental Build of configuration Debug for project pwm ****
make -j8 all 
arm-none-eabi-size   pwm.elf 
   text	   data	    bss	    dec	    hex	filename
   5356	     28	   1588	   6972	   1b3c	pwm.elf
Finished building: default.size.stdout
 
18:14:35 **** Incremental Build of configuration Debug for project pwm ****
make -j8 all 
arm-none-eabi-size   pwm.elf 
   text	   data	    bss	    dec	    hex	filename
   5356	     28	   1588	   6972	   1b3c	pwm.elf
Finished building: default.size.stdout
 
18:22:13 **** Incremental Build of configuration Debug for project pwm ****
make -j8 all 
arm-none-eabi-gcc "../Core/Src/main.c" -mcpu=cortex-m0plus -std=gnu11 -g3 -DDEBUG -DUSE_HAL_DRIVER -DSTM32G031xx -c -I../Core/Inc -I../Drivers/STM32G0xx_HAL_Driver/Inc -I../Drivers/STM32G0xx_HAL_Driver/Inc/Legacy -I../Drivers/CMSIS/Device/ST/STM32G0xx/Include -I../Drivers/CMSIS/Include -O0 -ffunction-sections -fdata-sections -Wall -fstack-usage -MMD -MP -MF"Core/Src/main.d" -MT"Core/Src/main.o" --specs=nano.specs -mfloat-abi=soft -mthumb -o "Core/Src/main.o"
In file included from ../Core/Src/main.c:11:
../Core/Src/keypad.h:51:13: warning: 'KEY_clearAllRows' declared 'static' but never defined [-Wunused-function]
   51 | static void KEY_clearAllRows();
      |             ^~~~~~~~~~~~~~~~
../Core/Src/keypad.h:52:13: warning: 'KEY_setAllRows' declared 'static' but never defined [-Wunused-function]
   52 | static void KEY_setAllRows();
      |             ^~~~~~~~~~~~~~
../Core/Src/keypad.h:53:13: warning: 'KEY_setRow' declared 'static' but never defined [-Wunused-function]
   53 | static void KEY_setRow(uint8_t key);
      |             ^~~~~~~~~~
arm-none-eabi-gcc -o "pwm.elf" @"objects.list"   -mcpu=cortex-m0plus -T"C:\stm32\pwm\STM32G031K8TX_FLASH.ld" --specs=nosys.specs -Wl,-Map="pwm.map" -Wl,--gc-sections -static --specs=nano.specs -mfloat-abi=soft -mthumb -Wl,--start-group -lc -lm -Wl,--end-group
Finished building target: pwm.elf
 
arm-none-eabi-size   pwm.elf 
arm-none-eabi-objdump -h -S  pwm.elf  > "pwm.list"
arm-none-eabi-objcopy  -O binary  pwm.elf  "pwm.bin"
   text	   data	    bss	    dec	    hex	filename
   5364	     28	   1588	   6980	   1b44	pwm.elf
Finished building: default.size.stdout
 
Finished building: pwm.bin
Finished building: pwm.list
 
 
18:22:32 **** Incremental Build of configuration Debug for project pwm ****
make -j8 all 
arm-none-eabi-size   pwm.elf 
   text	   data	    bss	    dec	    hex	filename
   5364	     28	   1588	   6980	   1b44	pwm.elf
Finished building: default.size.stdout
 
18:23:55 **** Incremental Build of configuration Debug for project pwm ****
make -j8 all 
arm-none-eabi-gcc "../Core/Src/main.c" -mcpu=cortex-m0plus -std=gnu11 -g3 -DDEBUG -DUSE_HAL_DRIVER -DSTM32G031xx -c -I../Core/Inc -I../Drivers/STM32G0xx_HAL_Driver/Inc -I../Drivers/STM32G0xx_HAL_Driver/Inc/Legacy -I../Drivers/CMSIS/Device/ST/STM32G0xx/Include -I../Drivers/CMSIS/Include -O0 -ffunction-sections -fdata-sections -Wall -fstack-usage -MMD -MP -MF"Core/Src/main.d" -MT"Core/Src/main.o" --specs=nano.specs -mfloat-abi=soft -mthumb -o "Core/Src/main.o"
In file included from ../Core/Src/main.c:11:
../Core/Src/keypad.h:51:13: warning: 'KEY_clearAllRows' declared 'static' but never defined [-Wunused-function]
   51 | static void KEY_clearAllRows();
      |             ^~~~~~~~~~~~~~~~
../Core/Src/keypad.h:52:13: warning: 'KEY_setAllRows' declared 'static' but never defined [-Wunused-function]
   52 | static void KEY_setAllRows();
      |             ^~~~~~~~~~~~~~
../Core/Src/keypad.h:53:13: warning: 'KEY_setRow' declared 'static' but never defined [-Wunused-function]
   53 | static void KEY_setRow(uint8_t key);
      |             ^~~~~~~~~~
arm-none-eabi-gcc -o "pwm.elf" @"objects.list"   -mcpu=cortex-m0plus -T"C:\stm32\pwm\STM32G031K8TX_FLASH.ld" --specs=nosys.specs -Wl,-Map="pwm.map" -Wl,--gc-sections -static --specs=nano.specs -mfloat-abi=soft -mthumb -Wl,--start-group -lc -lm -Wl,--end-group
Finished building target: pwm.elf
 
arm-none-eabi-size   pwm.elf 
arm-none-eabi-objdump -h -S  pwm.elf  > "pwm.list"
arm-none-eabi-objcopy  -O binary  pwm.elf  "pwm.bin"
   text	   data	    bss	    dec	    hex	filename
   5368	     28	   1588	   6984	   1b48	pwm.elf
Finished building: default.size.stdout
 
Finished building: pwm.bin
Finished building: pwm.list
 
 
18:27:07 **** Incremental Build of configuration Debug for project pwm ****
make -j8 all 
arm-none-eabi-gcc "../Core/Src/keypad.c" -mcpu=cortex-m0plus -std=gnu11 -g3 -DDEBUG -DUSE_HAL_DRIVER -DSTM32G031xx -c -I../Core/Inc -I../Drivers/STM32G0xx_HAL_Driver/Inc -I../Drivers/STM32G0xx_HAL_Driver/Inc/Legacy -I../Drivers/CMSIS/Device/ST/STM32G0xx/Include -I../Drivers/CMSIS/Include -O0 -ffunction-sections -fdata-sections -Wall -fstack-usage -MMD -MP -MF"Core/Src/keypad.d" -MT"Core/Src/keypad.o" --specs=nano.specs -mfloat-abi=soft -mthumb -o "Core/Src/keypad.o"
arm-none-eabi-gcc "../Core/Src/main.c" -mcpu=cortex-m0plus -std=gnu11 -g3 -DDEBUG -DUSE_HAL_DRIVER -DSTM32G031xx -c -I../Core/Inc -I../Drivers/STM32G0xx_HAL_Driver/Inc -I../Drivers/STM32G0xx_HAL_Driver/Inc/Legacy -I../Drivers/CMSIS/Device/ST/STM32G0xx/Include -I../Drivers/CMSIS/Include -O0 -ffunction-sections -fdata-sections -Wall -fstack-usage -MMD -MP -MF"Core/Src/main.d" -MT"Core/Src/main.o" --specs=nano.specs -mfloat-abi=soft -mthumb -o "Core/Src/main.o"
arm-none-eabi-gcc "../Core/Src/sevensegment.c" -mcpu=cortex-m0plus -std=gnu11 -g3 -DDEBUG -DUSE_HAL_DRIVER -DSTM32G031xx -c -I../Core/Inc -I../Drivers/STM32G0xx_HAL_Driver/Inc -I../Drivers/STM32G0xx_HAL_Driver/Inc/Legacy -I../Drivers/CMSIS/Device/ST/STM32G0xx/Include -I../Drivers/CMSIS/Include -O0 -ffunction-sections -fdata-sections -Wall -fstack-usage -MMD -MP -MF"Core/Src/sevensegment.d" -MT"Core/Src/sevensegment.o" --specs=nano.specs -mfloat-abi=soft -mthumb -o "Core/Src/sevensegment.o"
../Core/Src/sevensegment.c: In function 'resetAllSSDDigits':
../Core/Src/sevensegment.c:15:2: error: 'GPIOA' undeclared (first use in this function)
   15 |  GPIOA -> ODR |= ((uint32_t) (0x80));
      |  ^~~~~
../Core/Src/sevensegment.c:15:2: note: each undeclared identifier is reported only once for each function it appears in
../Core/Src/sevensegment.c:15:20: error: 'uint32_t' undeclared (first use in this function); did you mean 'wint_t'?
   15 |  GPIOA -> ODR |= ((uint32_t) (0x80));
      |                    ^~~~~~~~
      |                    wint_t
../Core/Src/sevensegment.c:16:2: error: 'GPIOB' undeclared (first use in this function)
   16 |  GPIOB -> ODR |= ((uint32_t) (0x8));
      |  ^~~~~
../Core/Src/sevensegment.c: At top level:
../Core/Src/sevensegment.c:21:18: error: unknown type name 'uint8_t'; did you mean 'wint_t'?
   21 | void setSSDDigit(uint8_t digit) {
      |                  ^~~~~~~
      |                  wint_t
../Core/Src/sevensegment.c:51:27: error: unknown type name 'uint8_t'; did you mean 'wint_t'?
   51 | void dispNumberDigitInSSD(uint8_t zeroToFifteen, uint8_t SSDDigit) {
      |                           ^~~~~~~
      |                           wint_t
../Core/Src/sevensegment.c:51:50: error: unknown type name 'uint8_t'; did you mean 'wint_t'?
   51 | void dispNumberDigitInSSD(uint8_t zeroToFifteen, uint8_t SSDDigit) {
      |                                                  ^~~~~~~
      |                                                  wint_t
../Core/Src/sevensegment.c:183:21: error: unknown type name 'uint32_t'
  183 | void delay(volatile uint32_t s) {
      |                     ^~~~~~~~
../Core/Src/sevensegment.c: In function 'setRCCForSSD':
../Core/Src/sevensegment.c:190:2: error: 'RCC' undeclared (first use in this function)
  190 |  RCC -> IOPENR |= (3U);
      |  ^~~
../Core/Src/sevensegment.c: In function 'setMODERForSSD':
../Core/Src/sevensegment.c:200:2: error: 'GPIOA' undeclared (first use in this function)
  200 |  GPIOA -> MODER |= (uint32_t) (0x1505505);
      |  ^~~~~
../Core/Src/sevensegment.c:200:21: error: 'uint32_t' undeclared (first use in this function); did you mean 'wint_t'?
  200 |  GPIOA -> MODER |= (uint32_t) (0x1505505);
      |                     ^~~~~~~~
      |                     wint_t
../Core/Src/sevensegment.c:208:2: error: 'GPIOB' undeclared (first use in this function)
  208 |  GPIOB -> MODER |= (uint32_t) (0x44);
      |  ^~~~~
../Core/Src/keypad.c: In function 'detectButton':
../Core/Src/keypad.c:91:2: warning: implicit declaration of function 'setKeypadRow'; did you mean 'setAllKeypadRows'? [-Wimplicit-function-declaration]
   91 |  setKeypadRow(1);
      |  ^~~~~~~~~~~~
      |  setAllKeypadRows
../Core/Src/keypad.c: At top level:
../Core/Src/keypad.c:159:6: warning: conflicting types for 'setKeypadRow'
  159 | void setKeypadRow(uint8_t key) {
      |      ^~~~~~~~~~~~
../Core/Src/keypad.c:91:2: note: previous implicit declaration of 'setKeypadRow' was here
   91 |  setKeypadRow(1);
      |  ^~~~~~~~~~~~
make: *** [Core/Src/subdir.mk:43: Core/Src/sevensegment.o] Error 1
make: *** Waiting for unfinished jobs....
../Core/Src/main.c: In function 'EXTI0_1_IRQHandler':
../Core/Src/main.c:25:11: warning: implicit declaration of function 'detectButton' [-Wimplicit-function-declaration]
   25 |  button = detectButton();
      |           ^~~~~~~~~~~~
../Core/Src/main.c: In function 'main':
../Core/Src/main.c:47:2: warning: implicit declaration of function 'setRCCForSSD' [-Wimplicit-function-declaration]
   47 |  setRCCForSSD();
      |  ^~~~~~~~~~~~
../Core/Src/main.c:48:2: warning: implicit declaration of function 'setMODERForSSD' [-Wimplicit-function-declaration]
   48 |  setMODERForSSD();
      |  ^~~~~~~~~~~~~~
../Core/Src/main.c:50:2: warning: implicit declaration of function 'setRCCForKeypad' [-Wimplicit-function-declaration]
   50 |  setRCCForKeypad();
      |  ^~~~~~~~~~~~~~~
../Core/Src/main.c:51:2: warning: implicit declaration of function 'setMODERForKeypad' [-Wimplicit-function-declaration]
   51 |  setMODERForKeypad();
      |  ^~~~~~~~~~~~~~~~~
../Core/Src/main.c:52:2: warning: implicit declaration of function 'setInterruptForKeypad' [-Wimplicit-function-declaration]
   52 |  setInterruptForKeypad();
      |  ^~~~~~~~~~~~~~~~~~~~~
../Core/Src/main.c:54:2: warning: implicit declaration of function 'setAllKeypadRows' [-Wimplicit-function-declaration]
   54 |  setAllKeypadRows();
      |  ^~~~~~~~~~~~~~~~
../Core/Src/main.c:55:2: warning: implicit declaration of function 'resetAllSSDDigits' [-Wimplicit-function-declaration]
   55 |  resetAllSSDDigits();
      |  ^~~~~~~~~~~~~~~~~
../Core/Src/main.c:58:12: warning: implicit declaration of function 'number' [-Wimplicit-function-declaration]
   58 |   genlik = number();
      |            ^~~~~~
../Core/Src/main.c:56:13: warning: variable 'freq' set but not used [-Wunused-but-set-variable]
   56 |  int genlik,freq;
      |             ^~~~
../Core/Src/main.c:56:6: warning: variable 'genlik' set but not used [-Wunused-but-set-variable]
   56 |  int genlik,freq;
      |      ^~~~~~
../Core/Src/main.c: In function 'number':
../Core/Src/main.c:77:4: warning: implicit declaration of function 'dispNumberDigitInSSD' [-Wimplicit-function-declaration]
   77 |    dispNumberDigitInSSD((uint8_t) button, (uint8_t) i );
      |    ^~~~~~~~~~~~~~~~~~~~
"make -j8 all" terminated with exit code 2. Build might be incomplete.
18:27:31 **** Incremental Build of configuration Debug for project pwm ****
make -j8 all 
arm-none-eabi-gcc "../Core/Src/sevensegment.c" -mcpu=cortex-m0plus -std=gnu11 -g3 -DDEBUG -DUSE_HAL_DRIVER -DSTM32G031xx -c -I../Core/Inc -I../Drivers/STM32G0xx_HAL_Driver/Inc -I../Drivers/STM32G0xx_HAL_Driver/Inc/Legacy -I../Drivers/CMSIS/Device/ST/STM32G0xx/Include -I../Drivers/CMSIS/Include -O0 -ffunction-sections -fdata-sections -Wall -fstack-usage -MMD -MP -MF"Core/Src/sevensegment.d" -MT"Core/Src/sevensegment.o" --specs=nano.specs -mfloat-abi=soft -mthumb -o "Core/Src/sevensegment.o"
arm-none-eabi-gcc -o "pwm.elf" @"objects.list"   -mcpu=cortex-m0plus -T"C:\stm32\pwm\STM32G031K8TX_FLASH.ld" --specs=nosys.specs -Wl,-Map="pwm.map" -Wl,--gc-sections -static --specs=nano.specs -mfloat-abi=soft -mthumb -Wl,--start-group -lc -lm -Wl,--end-group
Finished building target: pwm.elf
 
arm-none-eabi-size   pwm.elf 
arm-none-eabi-objdump -h -S  pwm.elf  > "pwm.list"
arm-none-eabi-objcopy  -O binary  pwm.elf  "pwm.bin"
   text	   data	    bss	    dec	    hex	filename
   4384	      8	   1584	   5976	   1758	pwm.elf
Finished building: default.size.stdout
 
Finished building: pwm.bin
Finished building: pwm.list
 
 
18:27:41 **** Incremental Build of configuration Debug for project pwm ****
make -j8 all 
arm-none-eabi-size   pwm.elf 
   text	   data	    bss	    dec	    hex	filename
   4384	      8	   1584	   5976	   1758	pwm.elf
Finished building: default.size.stdout
 
18:29:05 **** Incremental Build of configuration Debug for project pwm ****
make -j8 all 
arm-none-eabi-gcc "../Core/Src/main.c" -mcpu=cortex-m0plus -std=gnu11 -g3 -DDEBUG -DUSE_HAL_DRIVER -DSTM32G031xx -c -I../Core/Inc -I../Drivers/STM32G0xx_HAL_Driver/Inc -I../Drivers/STM32G0xx_HAL_Driver/Inc/Legacy -I../Drivers/CMSIS/Device/ST/STM32G0xx/Include -I../Drivers/CMSIS/Include -O0 -ffunction-sections -fdata-sections -Wall -fstack-usage -MMD -MP -MF"Core/Src/main.d" -MT"Core/Src/main.o" --specs=nano.specs -mfloat-abi=soft -mthumb -o "Core/Src/main.o"
../Core/Src/main.c: In function 'EXTI0_1_IRQHandler':
../Core/Src/main.c:25:11: warning: implicit declaration of function 'detectButton' [-Wimplicit-function-declaration]
   25 |  button = detectButton();
      |           ^~~~~~~~~~~~
../Core/Src/main.c: In function 'main':
../Core/Src/main.c:47:2: warning: implicit declaration of function 'setRCCForSSD' [-Wimplicit-function-declaration]
   47 |  setRCCForSSD();
      |  ^~~~~~~~~~~~
../Core/Src/main.c:48:2: warning: implicit declaration of function 'setMODERForSSD' [-Wimplicit-function-declaration]
   48 |  setMODERForSSD();
      |  ^~~~~~~~~~~~~~
../Core/Src/main.c:50:2: warning: implicit declaration of function 'setRCCForKeypad' [-Wimplicit-function-declaration]
   50 |  setRCCForKeypad();
      |  ^~~~~~~~~~~~~~~
../Core/Src/main.c:51:2: warning: implicit declaration of function 'setMODERForKeypad' [-Wimplicit-function-declaration]
   51 |  setMODERForKeypad();
      |  ^~~~~~~~~~~~~~~~~
../Core/Src/main.c:52:2: warning: implicit declaration of function 'setInterruptForKeypad' [-Wimplicit-function-declaration]
   52 |  setInterruptForKeypad();
      |  ^~~~~~~~~~~~~~~~~~~~~
../Core/Src/main.c:54:2: warning: implicit declaration of function 'setAllKeypadRows' [-Wimplicit-function-declaration]
   54 |  setAllKeypadRows();
      |  ^~~~~~~~~~~~~~~~
../Core/Src/main.c:55:2: warning: implicit declaration of function 'resetAllSSDDigits' [-Wimplicit-function-declaration]
   55 |  resetAllSSDDigits();
      |  ^~~~~~~~~~~~~~~~~
../Core/Src/main.c:59:3: warning: implicit declaration of function 'number' [-Wimplicit-function-declaration]
   59 |   number();
      |   ^~~~~~
../Core/Src/main.c:56:13: warning: variable 'freq' set but not used [-Wunused-but-set-variable]
   56 |  int genlik,freq;
      |             ^~~~
../Core/Src/main.c:56:6: warning: variable 'genlik' set but not used [-Wunused-but-set-variable]
   56 |  int genlik,freq;
      |      ^~~~~~
../Core/Src/main.c: In function 'number':
../Core/Src/main.c:79:4: warning: implicit declaration of function 'dispNumberDigitInSSD' [-Wimplicit-function-declaration]
   79 |    dispNumberDigitInSSD((uint8_t) button, (uint8_t) i );
      |    ^~~~~~~~~~~~~~~~~~~~
arm-none-eabi-gcc -o "pwm.elf" @"objects.list"   -mcpu=cortex-m0plus -T"C:\stm32\pwm\STM32G031K8TX_FLASH.ld" --specs=nosys.specs -Wl,-Map="pwm.map" -Wl,--gc-sections -static --specs=nano.specs -mfloat-abi=soft -mthumb -Wl,--start-group -lc -lm -Wl,--end-group
Finished building target: pwm.elf
 
arm-none-eabi-size   pwm.elf 
arm-none-eabi-objdump -h -S  pwm.elf  > "pwm.list"
arm-none-eabi-objcopy  -O binary  pwm.elf  "pwm.bin"
   text	   data	    bss	    dec	    hex	filename
   4396	      8	   1584	   5988	   1764	pwm.elf
Finished building: default.size.stdout
 
Finished building: pwm.bin
Finished building: pwm.list
 
 
18:29:22 **** Incremental Build of configuration Debug for project pwm ****
make -j8 all 
arm-none-eabi-size   pwm.elf 
   text	   data	    bss	    dec	    hex	filename
   4396	      8	   1584	   5988	   1764	pwm.elf
Finished building: default.size.stdout
 
18:47:48 **** Incremental Build of configuration Debug for project pwm ****
make -j8 all 
arm-none-eabi-gcc "../Core/Src/bsp.c" -mcpu=cortex-m0plus -std=gnu11 -g3 -DDEBUG -DUSE_HAL_DRIVER -DSTM32G031xx -c -I../Core/Inc -I../Drivers/STM32G0xx_HAL_Driver/Inc -I../Drivers/STM32G0xx_HAL_Driver/Inc/Legacy -I../Drivers/CMSIS/Device/ST/STM32G0xx/Include -I../Drivers/CMSIS/Include -O0 -ffunction-sections -fdata-sections -Wall -fstack-usage -MMD -MP -MF"Core/Src/bsp.d" -MT"Core/Src/bsp.o" --specs=nano.specs -mfloat-abi=soft -mthumb -o "Core/Src/bsp.o"
arm-none-eabi-gcc "../Core/Src/main.c" -mcpu=cortex-m0plus -std=gnu11 -g3 -DDEBUG -DUSE_HAL_DRIVER -DSTM32G031xx -c -I../Core/Inc -I../Drivers/STM32G0xx_HAL_Driver/Inc -I../Drivers/STM32G0xx_HAL_Driver/Inc/Legacy -I../Drivers/CMSIS/Device/ST/STM32G0xx/Include -I../Drivers/CMSIS/Include -O0 -ffunction-sections -fdata-sections -Wall -fstack-usage -MMD -MP -MF"Core/Src/main.d" -MT"Core/Src/main.o" --specs=nano.specs -mfloat-abi=soft -mthumb -o "Core/Src/main.o"
arm-none-eabi-gcc "../Core/Src/sevensegment.c" -mcpu=cortex-m0plus -std=gnu11 -g3 -DDEBUG -DUSE_HAL_DRIVER -DSTM32G031xx -c -I../Core/Inc -I../Drivers/STM32G0xx_HAL_Driver/Inc -I../Drivers/STM32G0xx_HAL_Driver/Inc/Legacy -I../Drivers/CMSIS/Device/ST/STM32G0xx/Include -I../Drivers/CMSIS/Include -O0 -ffunction-sections -fdata-sections -Wall -fstack-usage -MMD -MP -MF"Core/Src/sevensegment.d" -MT"Core/Src/sevensegment.o" --specs=nano.specs -mfloat-abi=soft -mthumb -o "Core/Src/sevensegment.o"
../Core/Src/bsp.c:14:38: warning: excess elements in array initializer
   14 |   0x1aaa,0x1b6c,0x1c2f,0x1cf3,0x1db7,0x1e7b,0x1f40};
      |                                      ^~~~~~
../Core/Src/bsp.c:14:38: note: (near initialization for 'arr')
../Core/Src/bsp.c:14:45: warning: excess elements in array initializer
   14 |   0x1aaa,0x1b6c,0x1c2f,0x1cf3,0x1db7,0x1e7b,0x1f40};
      |                                             ^~~~~~
../Core/Src/bsp.c:14:45: note: (near initialization for 'arr')
../Core/Src/bsp.c:15:18: warning: excess elements in array initializer
   15 | static int f[0]={50};
      |                  ^~
../Core/Src/bsp.c:15:18: note: (near initialization for 'f')
../Core/Src/bsp.c: In function 'system_init':
../Core/Src/bsp.c:24:2: warning: implicit declaration of function 'init_pwm2' [-Wimplicit-function-declaration]
   24 |  init_pwm2();
      |  ^~~~~~~~~
../Core/Src/bsp.c: In function 'button_interrupt':
../Core/Src/bsp.c:71:25: warning: left shift count >= width of type [-Wshift-count-overflow]
   71 |  EXTI->EXTICR[5] |= (1U << 8*5);
      |                         ^~
../Core/Src/bsp.c: At top level:
../Core/Src/bsp.c:85:6: warning: conflicting types for 'init_pwm2'
   85 | void init_pwm2(){
      |      ^~~~~~~~~
../Core/Src/bsp.c:24:2: note: previous implicit declaration of 'init_pwm2' was here
   24 |  init_pwm2();
      |  ^~~~~~~~~
../Core/Src/bsp.c: In function 'init_pwm2':
../Core/Src/bsp.c:139:6: error: called object is not a function or function pointer
  139 |     }""
      |      ^~
../Core/Src/main.c: In function 'EXTI0_1_IRQHandler':
At top level:
../Core/Src/bsp.c:15:12: warning: 'f' defined but not used [-Wunused-variable]
   15 | static int f[0]={50};
      |            ^
../Core/Src/bsp.c:9:12: warning: 'arr' defined but not used [-Wunused-variable]
    9 | static int arr[255]={0x1f40,0x2004,0x20c8,0x218c,0x2250,0x2313,0x23d5,0x2497,0x2558,0x2618,0x26d7,0x2795,0x2852,0x290d,0x29c6,0x2a7e,0x2b35,0x2be9,0x2c9c,0x2d4c,0x2dfa,0x2ea6,0x2f50,0x2ff7,0x309c,0x313e,0x31dd,0x3279,0x3312,0x33a9,0x343c,0x34cb,0x3558,0x35e1,0x3667,0x36e9,0x3767,0x37e2,0x3859,0x38cc,0x393b,0x39a6,0x3a0d,0x3a70,0x3ace,0x3b29,0x3b7f,0x3bd1,0x3c1e,0x3c67,
      |            ^~~
../Core/Src/main.c:25:11: warning: implicit declaration of function 'detectButton' [-Wimplicit-function-declaration]
   25 |  button = detectButton();
      |           ^~~~~~~~~~~~
../Core/Src/main.c: In function 'main':
../Core/Src/main.c:47:2: warning: implicit declaration of function 'setRCCForSSD' [-Wimplicit-function-declaration]
   47 |  setRCCForSSD();
      |  ^~~~~~~~~~~~
make: *** [Core/Src/subdir.mk:43: Core/Src/bsp.o] Error 1
make: *** Waiting for unfinished jobs....
../Core/Src/main.c:48:2: warning: implicit declaration of function 'setMODERForSSD' [-Wimplicit-function-declaration]
   48 |  setMODERForSSD();
      |  ^~~~~~~~~~~~~~
../Core/Src/main.c:50:2: warning: implicit declaration of function 'setRCCForKeypad' [-Wimplicit-function-declaration]
   50 |  setRCCForKeypad();
      |  ^~~~~~~~~~~~~~~
../Core/Src/main.c:51:2: warning: implicit declaration of function 'setMODERForKeypad' [-Wimplicit-function-declaration]
   51 |  setMODERForKeypad();
      |  ^~~~~~~~~~~~~~~~~
../Core/Src/main.c:52:2: warning: implicit declaration of function 'setInterruptForKeypad' [-Wimplicit-function-declaration]
   52 |  setInterruptForKeypad();
      |  ^~~~~~~~~~~~~~~~~~~~~
../Core/Src/main.c:54:2: warning: implicit declaration of function 'setAllKeypadRows' [-Wimplicit-function-declaration]
   54 |  setAllKeypadRows();
      |  ^~~~~~~~~~~~~~~~
../Core/Src/main.c:55:2: warning: implicit declaration of function 'resetAllSSDDigits' [-Wimplicit-function-declaration]
   55 |  resetAllSSDDigits();
      |  ^~~~~~~~~~~~~~~~~
../Core/Src/main.c:60:12: warning: implicit declaration of function 'number' [-Wimplicit-function-declaration]
   60 |   genlik = number();
      |            ^~~~~~
../Core/Src/main.c:56:13: warning: variable 'freq' set but not used [-Wunused-but-set-variable]
   56 |  int genlik,freq;
      |             ^~~~
../Core/Src/main.c:56:6: warning: variable 'genlik' set but not used [-Wunused-but-set-variable]
   56 |  int genlik,freq;
      |      ^~~~~~
../Core/Src/main.c: In function 'number':
../Core/Src/main.c:79:4: warning: implicit declaration of function 'dispNumberDigitInSSD' [-Wimplicit-function-declaration]
   79 |    dispNumberDigitInSSD((uint8_t) button, (uint8_t) i );
      |    ^~~~~~~~~~~~~~~~~~~~
"make -j8 all" terminated with exit code 2. Build might be incomplete.
18:48:26 **** Incremental Build of configuration Debug for project pwm ****
make -j8 all 
arm-none-eabi-gcc "../Core/Src/bsp.c" -mcpu=cortex-m0plus -std=gnu11 -g3 -DDEBUG -DUSE_HAL_DRIVER -DSTM32G031xx -c -I../Core/Inc -I../Drivers/STM32G0xx_HAL_Driver/Inc -I../Drivers/STM32G0xx_HAL_Driver/Inc/Legacy -I../Drivers/CMSIS/Device/ST/STM32G0xx/Include -I../Drivers/CMSIS/Include -O0 -ffunction-sections -fdata-sections -Wall -fstack-usage -MMD -MP -MF"Core/Src/bsp.d" -MT"Core/Src/bsp.o" --specs=nano.specs -mfloat-abi=soft -mthumb -o "Core/Src/bsp.o"
../Core/Src/bsp.c:14:38: warning: excess elements in array initializer
   14 |   0x1aaa,0x1b6c,0x1c2f,0x1cf3,0x1db7,0x1e7b,0x1f40};
      |                                      ^~~~~~
../Core/Src/bsp.c:14:38: note: (near initialization for 'arr')
../Core/Src/bsp.c:14:45: warning: excess elements in array initializer
   14 |   0x1aaa,0x1b6c,0x1c2f,0x1cf3,0x1db7,0x1e7b,0x1f40};
      |                                             ^~~~~~
../Core/Src/bsp.c:14:45: note: (near initialization for 'arr')
../Core/Src/bsp.c:15:18: warning: excess elements in array initializer
   15 | static int f[0]={50};
      |                  ^~
../Core/Src/bsp.c:15:18: note: (near initialization for 'f')
../Core/Src/bsp.c: In function 'system_init':
../Core/Src/bsp.c:24:2: warning: implicit declaration of function 'init_pwm2' [-Wimplicit-function-declaration]
   24 |  init_pwm2();
      |  ^~~~~~~~~
../Core/Src/bsp.c: In function 'button_interrupt':
../Core/Src/bsp.c:71:25: warning: left shift count >= width of type [-Wshift-count-overflow]
   71 |  EXTI->EXTICR[5] |= (1U << 8*5);
      |                         ^~
../Core/Src/bsp.c: At top level:
../Core/Src/bsp.c:85:6: warning: conflicting types for 'init_pwm2'
   85 | void init_pwm2(){
      |      ^~~~~~~~~
../Core/Src/bsp.c:24:2: note: previous implicit declaration of 'init_pwm2' was here
   24 |  init_pwm2();
      |  ^~~~~~~~~
../Core/Src/bsp.c:15:12: warning: 'f' defined but not used [-Wunused-variable]
   15 | static int f[0]={50};
      |            ^
../Core/Src/bsp.c:9:12: warning: 'arr' defined but not used [-Wunused-variable]
    9 | static int arr[255]={0x1f40,0x2004,0x20c8,0x218c,0x2250,0x2313,0x23d5,0x2497,0x2558,0x2618,0x26d7,0x2795,0x2852,0x290d,0x29c6,0x2a7e,0x2b35,0x2be9,0x2c9c,0x2d4c,0x2dfa,0x2ea6,0x2f50,0x2ff7,0x309c,0x313e,0x31dd,0x3279,0x3312,0x33a9,0x343c,0x34cb,0x3558,0x35e1,0x3667,0x36e9,0x3767,0x37e2,0x3859,0x38cc,0x393b,0x39a6,0x3a0d,0x3a70,0x3ace,0x3b29,0x3b7f,0x3bd1,0x3c1e,0x3c67,
      |            ^~~
arm-none-eabi-gcc -o "pwm.elf" @"objects.list"   -mcpu=cortex-m0plus -T"C:\stm32\pwm\STM32G031K8TX_FLASH.ld" --specs=nosys.specs -Wl,-Map="pwm.map" -Wl,--gc-sections -static --specs=nano.specs -mfloat-abi=soft -mthumb -Wl,--start-group -lc -lm -Wl,--end-group
Finished building target: pwm.elf
 
arm-none-eabi-size   pwm.elf 
arm-none-eabi-objdump -h -S  pwm.elf  > "pwm.list"
arm-none-eabi-objcopy  -O binary  pwm.elf  "pwm.bin"
   text	   data	    bss	    dec	    hex	filename
   4428	      8	   1584	   6020	   1784	pwm.elf
Finished building: default.size.stdout
 
Finished building: pwm.bin
Finished building: pwm.list
 
 
18:48:38 **** Incremental Build of configuration Debug for project pwm ****
make -j8 all 
arm-none-eabi-size   pwm.elf 
   text	   data	    bss	    dec	    hex	filename
   4428	      8	   1584	   6020	   1784	pwm.elf
Finished building: default.size.stdout
 
19:55:36 **** Incremental Build of configuration Debug for project pwm ****
make -j8 all 
arm-none-eabi-gcc "../Core/Src/bsp.c" -mcpu=cortex-m0plus -std=gnu11 -g3 -DDEBUG -DUSE_HAL_DRIVER -DSTM32G031xx -c -I../Core/Inc -I../Drivers/STM32G0xx_HAL_Driver/Inc -I../Drivers/STM32G0xx_HAL_Driver/Inc/Legacy -I../Drivers/CMSIS/Device/ST/STM32G0xx/Include -I../Drivers/CMSIS/Include -O0 -ffunction-sections -fdata-sections -Wall -fstack-usage -MMD -MP -MF"Core/Src/bsp.d" -MT"Core/Src/bsp.o" --specs=nano.specs -mfloat-abi=soft -mthumb -o "Core/Src/bsp.o"
arm-none-eabi-gcc "../Core/Src/main.c" -mcpu=cortex-m0plus -std=gnu11 -g3 -DDEBUG -DUSE_HAL_DRIVER -DSTM32G031xx -c -I../Core/Inc -I../Drivers/STM32G0xx_HAL_Driver/Inc -I../Drivers/STM32G0xx_HAL_Driver/Inc/Legacy -I../Drivers/CMSIS/Device/ST/STM32G0xx/Include -I../Drivers/CMSIS/Include -O0 -ffunction-sections -fdata-sections -Wall -fstack-usage -MMD -MP -MF"Core/Src/main.d" -MT"Core/Src/main.o" --specs=nano.specs -mfloat-abi=soft -mthumb -o "Core/Src/main.o"
../Core/Src/bsp.c:14:38: warning: excess elements in array initializer
   14 |   0x1aaa,0x1b6c,0x1c2f,0x1cf3,0x1db7,0x1e7b,0x1f40};
      |                                      ^~~~~~
../Core/Src/bsp.c:14:38: note: (near initialization for 'arr')
../Core/Src/bsp.c:14:45: warning: excess elements in array initializer
   14 |   0x1aaa,0x1b6c,0x1c2f,0x1cf3,0x1db7,0x1e7b,0x1f40};
      |                                             ^~~~~~
../Core/Src/bsp.c:14:45: note: (near initialization for 'arr')
../Core/Src/bsp.c:15:12: warning: 'freq' defined but not used [-Wunused-variable]
   15 | static int freq={50};
      |            ^~~~
../Core/Src/bsp.c:9:12: warning: 'arr' defined but not used [-Wunused-variable]
    9 | static int arr[255]={0x1f40,0x2004,0x20c8,0x218c,0x2250,0x2313,0x23d5,0x2497,0x2558,0x2618,0x26d7,0x2795,0x2852,0x290d,0x29c6,0x2a7e,0x2b35,0x2be9,0x2c9c,0x2d4c,0x2dfa,0x2ea6,0x2f50,0x2ff7,0x309c,0x313e,0x31dd,0x3279,0x3312,0x33a9,0x343c,0x34cb,0x3558,0x35e1,0x3667,0x36e9,0x3767,0x37e2,0x3859,0x38cc,0x393b,0x39a6,0x3a0d,0x3a70,0x3ace,0x3b29,0x3b7f,0x3bd1,0x3c1e,0x3c67,
      |            ^~~
../Core/Src/main.c: In function 'EXTI0_1_IRQHandler':
../Core/Src/main.c:25:11: warning: implicit declaration of function 'detectButton' [-Wimplicit-function-declaration]
   25 |  button = detectButton();
      |           ^~~~~~~~~~~~
../Core/Src/main.c: In function 'main':
../Core/Src/main.c:47:2: warning: implicit declaration of function 'setRCCForSSD' [-Wimplicit-function-declaration]
   47 |  setRCCForSSD();
      |  ^~~~~~~~~~~~
../Core/Src/main.c:48:2: warning: implicit declaration of function 'setMODERForSSD' [-Wimplicit-function-declaration]
   48 |  setMODERForSSD();
      |  ^~~~~~~~~~~~~~
../Core/Src/main.c:50:2: warning: implicit declaration of function 'setRCCForKeypad' [-Wimplicit-function-declaration]
   50 |  setRCCForKeypad();
      |  ^~~~~~~~~~~~~~~
../Core/Src/main.c:51:2: warning: implicit declaration of function 'setMODERForKeypad' [-Wimplicit-function-declaration]
   51 |  setMODERForKeypad();
      |  ^~~~~~~~~~~~~~~~~
../Core/Src/main.c:52:2: warning: implicit declaration of function 'setInterruptForKeypad' [-Wimplicit-function-declaration]
   52 |  setInterruptForKeypad();
      |  ^~~~~~~~~~~~~~~~~~~~~
../Core/Src/main.c:54:2: warning: implicit declaration of function 'setAllKeypadRows' [-Wimplicit-function-declaration]
   54 |  setAllKeypadRows();
      |  ^~~~~~~~~~~~~~~~
../Core/Src/main.c:55:2: warning: implicit declaration of function 'resetAllSSDDigits' [-Wimplicit-function-declaration]
   55 |  resetAllSSDDigits();
      |  ^~~~~~~~~~~~~~~~~
../Core/Src/main.c:60:12: warning: implicit declaration of function 'number' [-Wimplicit-function-declaration]
   60 |   genlik = number();
      |            ^~~~~~
../Core/Src/main.c:56:13: warning: variable 'freq' set but not used [-Wunused-but-set-variable]
   56 |  int genlik,freq;
      |             ^~~~
../Core/Src/main.c:56:6: warning: variable 'genlik' set but not used [-Wunused-but-set-variable]
   56 |  int genlik,freq;
      |      ^~~~~~
../Core/Src/main.c: In function 'number':
../Core/Src/main.c:81:4: warning: implicit declaration of function 'dispNumberDigitInSSD' [-Wimplicit-function-declaration]
   81 |    dispNumberDigitInSSD((uint8_t) button, (uint8_t) i );
      |    ^~~~~~~~~~~~~~~~~~~~
arm-none-eabi-gcc -o "pwm.elf" @"objects.list"   -mcpu=cortex-m0plus -T"C:\stm32\pwm\STM32G031K8TX_FLASH.ld" --specs=nosys.specs -Wl,-Map="pwm.map" -Wl,--gc-sections -static --specs=nano.specs -mfloat-abi=soft -mthumb -Wl,--start-group -lc -lm -Wl,--end-group
Finished building target: pwm.elf
 
arm-none-eabi-size   pwm.elf 
arm-none-eabi-objdump -h -S  pwm.elf  > "pwm.list"
arm-none-eabi-objcopy  -O binary  pwm.elf  "pwm.bin"
   text	   data	    bss	    dec	    hex	filename
   4440	      8	   1584	   6032	   1790	pwm.elf
Finished building: default.size.stdout
 
Finished building: pwm.bin
 
Finished building: pwm.list
 
20:04:45 **** Incremental Build of configuration Debug for project pwm ****
make -j8 all 
arm-none-eabi-gcc "../Core/Src/main.c" -mcpu=cortex-m0plus -std=gnu11 -g3 -DDEBUG -DUSE_HAL_DRIVER -DSTM32G031xx -c -I../Core/Inc -I../Drivers/STM32G0xx_HAL_Driver/Inc -I../Drivers/STM32G0xx_HAL_Driver/Inc/Legacy -I../Drivers/CMSIS/Device/ST/STM32G0xx/Include -I../Drivers/CMSIS/Include -O0 -ffunction-sections -fdata-sections -Wall -fstack-usage -MMD -MP -MF"Core/Src/main.d" -MT"Core/Src/main.o" --specs=nano.specs -mfloat-abi=soft -mthumb -o "Core/Src/main.o"
../Core/Src/main.c: In function 'EXTI0_1_IRQHandler':
../Core/Src/main.c:25:11: warning: implicit declaration of function 'detectButton' [-Wimplicit-function-declaration]
   25 |  button = detectButton();
      |           ^~~~~~~~~~~~
../Core/Src/main.c: In function 'main':
../Core/Src/main.c:47:2: warning: implicit declaration of function 'setRCCForSSD' [-Wimplicit-function-declaration]
   47 |  setRCCForSSD();
      |  ^~~~~~~~~~~~
../Core/Src/main.c:48:2: warning: implicit declaration of function 'setMODERForSSD' [-Wimplicit-function-declaration]
   48 |  setMODERForSSD();
      |  ^~~~~~~~~~~~~~
../Core/Src/main.c:50:2: warning: implicit declaration of function 'setRCCForKeypad' [-Wimplicit-function-declaration]
   50 |  setRCCForKeypad();
      |  ^~~~~~~~~~~~~~~
../Core/Src/main.c:51:2: warning: implicit declaration of function 'setMODERForKeypad' [-Wimplicit-function-declaration]
   51 |  setMODERForKeypad();
      |  ^~~~~~~~~~~~~~~~~
../Core/Src/main.c:52:2: warning: implicit declaration of function 'setInterruptForKeypad' [-Wimplicit-function-declaration]
   52 |  setInterruptForKeypad();
      |  ^~~~~~~~~~~~~~~~~~~~~
../Core/Src/main.c:54:2: warning: implicit declaration of function 'setAllKeypadRows' [-Wimplicit-function-declaration]
   54 |  setAllKeypadRows();
      |  ^~~~~~~~~~~~~~~~
../Core/Src/main.c:55:2: warning: implicit declaration of function 'resetAllSSDDigits' [-Wimplicit-function-declaration]
   55 |  resetAllSSDDigits();
      |  ^~~~~~~~~~~~~~~~~
../Core/Src/main.c:60:12: warning: implicit declaration of function 'number' [-Wimplicit-function-declaration]
   60 |   genlik = number();
      |            ^~~~~~
../Core/Src/main.c:67:3: warning: implicit declaration of function 'init_pwm2' [-Wimplicit-function-declaration]
   67 |   init_pwm2();
      |   ^~~~~~~~~
../Core/Src/main.c:69:3: warning: implicit declaration of function 'setting' [-Wimplicit-function-declaration]
   69 |   setting();
      |   ^~~~~~~
../Core/Src/main.c:56:6: warning: variable 'genlik' set but not used [-Wunused-but-set-variable]
   56 |  int genlik,freq;
      |      ^~~~~~
../Core/Src/main.c: In function 'number':
../Core/Src/main.c:84:4: warning: implicit declaration of function 'dispNumberDigitInSSD' [-Wimplicit-function-declaration]
   84 |    dispNumberDigitInSSD((uint8_t) button, (uint8_t) i );
      |    ^~~~~~~~~~~~~~~~~~~~
../Core/Src/main.c: At top level:
../Core/Src/main.c:104:6: warning: conflicting types for 'setting'
  104 | void setting(){
      |      ^~~~~~~
../Core/Src/main.c:69:3: note: previous implicit declaration of 'setting' was here
   69 |   setting();
      |   ^~~~~~~
../Core/Src/main.c: In function 'setting':
../Core/Src/main.c:105:9: error: expected ')' before '{' token
  105 |  while(1{
      |       ~ ^
      |         )
../Core/Src/main.c:112:1: error: expected expression before '}' token
  112 | }
      | ^
make: *** [Core/Src/subdir.mk:43: Core/Src/main.o] Error 1
"make -j8 all" terminated with exit code 2. Build might be incomplete.
20:05:42 **** Incremental Build of configuration Debug for project pwm ****
make -j8 all 
arm-none-eabi-gcc "../Core/Src/main.c" -mcpu=cortex-m0plus -std=gnu11 -g3 -DDEBUG -DUSE_HAL_DRIVER -DSTM32G031xx -c -I../Core/Inc -I../Drivers/STM32G0xx_HAL_Driver/Inc -I../Drivers/STM32G0xx_HAL_Driver/Inc/Legacy -I../Drivers/CMSIS/Device/ST/STM32G0xx/Include -I../Drivers/CMSIS/Include -O0 -ffunction-sections -fdata-sections -Wall -fstack-usage -MMD -MP -MF"Core/Src/main.d" -MT"Core/Src/main.o" --specs=nano.specs -mfloat-abi=soft -mthumb -o "Core/Src/main.o"
../Core/Src/main.c: In function 'EXTI0_1_IRQHandler':
../Core/Src/main.c:25:11: warning: implicit declaration of function 'detectButton' [-Wimplicit-function-declaration]
   25 |  button = detectButton();
      |           ^~~~~~~~~~~~
../Core/Src/main.c: In function 'main':
../Core/Src/main.c:47:2: warning: implicit declaration of function 'setRCCForSSD' [-Wimplicit-function-declaration]
   47 |  setRCCForSSD();
      |  ^~~~~~~~~~~~
../Core/Src/main.c:48:2: warning: implicit declaration of function 'setMODERForSSD' [-Wimplicit-function-declaration]
   48 |  setMODERForSSD();
      |  ^~~~~~~~~~~~~~
../Core/Src/main.c:50:2: warning: implicit declaration of function 'setRCCForKeypad' [-Wimplicit-function-declaration]
   50 |  setRCCForKeypad();
      |  ^~~~~~~~~~~~~~~
../Core/Src/main.c:51:2: warning: implicit declaration of function 'setMODERForKeypad' [-Wimplicit-function-declaration]
   51 |  setMODERForKeypad();
      |  ^~~~~~~~~~~~~~~~~
../Core/Src/main.c:52:2: warning: implicit declaration of function 'setInterruptForKeypad' [-Wimplicit-function-declaration]
   52 |  setInterruptForKeypad();
      |  ^~~~~~~~~~~~~~~~~~~~~
../Core/Src/main.c:54:2: warning: implicit declaration of function 'setAllKeypadRows' [-Wimplicit-function-declaration]
   54 |  setAllKeypadRows();
      |  ^~~~~~~~~~~~~~~~
../Core/Src/main.c:55:2: warning: implicit declaration of function 'resetAllSSDDigits' [-Wimplicit-function-declaration]
   55 |  resetAllSSDDigits();
      |  ^~~~~~~~~~~~~~~~~
../Core/Src/main.c:60:12: warning: implicit declaration of function 'number' [-Wimplicit-function-declaration]
   60 |   genlik = number();
      |            ^~~~~~
../Core/Src/main.c:67:3: warning: implicit declaration of function 'init_pwm2' [-Wimplicit-function-declaration]
   67 |   init_pwm2();
      |   ^~~~~~~~~
../Core/Src/main.c:69:3: warning: implicit declaration of function 'setting' [-Wimplicit-function-declaration]
   69 |   setting();
      |   ^~~~~~~
../Core/Src/main.c:56:6: warning: variable 'genlik' set but not used [-Wunused-but-set-variable]
   56 |  int genlik,freq;
      |      ^~~~~~
../Core/Src/main.c: In function 'number':
../Core/Src/main.c:84:4: warning: implicit declaration of function 'dispNumberDigitInSSD' [-Wimplicit-function-declaration]
   84 |    dispNumberDigitInSSD((uint8_t) button, (uint8_t) i );
      |    ^~~~~~~~~~~~~~~~~~~~
../Core/Src/main.c: At top level:
../Core/Src/main.c:104:6: warning: conflicting types for 'setting'
  104 | void setting(){
      |      ^~~~~~~
../Core/Src/main.c:69:3: note: previous implicit declaration of 'setting' was here
   69 |   setting();
      |   ^~~~~~~
../Core/Src/main.c: In function 'setting':
../Core/Src/main.c:106:7: error: 'j' undeclared (first use in this function); did you mean 'jn'?
  106 |   for(j = 1; j < 5; j++){
      |       ^
      |       jn
../Core/Src/main.c:106:7: note: each undeclared identifier is reported only once for each function it appears in
make: *** [Core/Src/subdir.mk:43: Core/Src/main.o] Error 1
"make -j8 all" terminated with exit code 2. Build might be incomplete.
20:06:02 **** Incremental Build of configuration Debug for project pwm ****
make -j8 all 
arm-none-eabi-gcc "../Core/Src/main.c" -mcpu=cortex-m0plus -std=gnu11 -g3 -DDEBUG -DUSE_HAL_DRIVER -DSTM32G031xx -c -I../Core/Inc -I../Drivers/STM32G0xx_HAL_Driver/Inc -I../Drivers/STM32G0xx_HAL_Driver/Inc/Legacy -I../Drivers/CMSIS/Device/ST/STM32G0xx/Include -I../Drivers/CMSIS/Include -O0 -ffunction-sections -fdata-sections -Wall -fstack-usage -MMD -MP -MF"Core/Src/main.d" -MT"Core/Src/main.o" --specs=nano.specs -mfloat-abi=soft -mthumb -o "Core/Src/main.o"
../Core/Src/main.c: In function 'EXTI0_1_IRQHandler':
../Core/Src/main.c:25:11: warning: implicit declaration of function 'detectButton' [-Wimplicit-function-declaration]
   25 |  button = detectButton();
      |           ^~~~~~~~~~~~
../Core/Src/main.c: In function 'main':
../Core/Src/main.c:47:2: warning: implicit declaration of function 'setRCCForSSD' [-Wimplicit-function-declaration]
   47 |  setRCCForSSD();
      |  ^~~~~~~~~~~~
../Core/Src/main.c:48:2: warning: implicit declaration of function 'setMODERForSSD' [-Wimplicit-function-declaration]
   48 |  setMODERForSSD();
      |  ^~~~~~~~~~~~~~
../Core/Src/main.c:50:2: warning: implicit declaration of function 'setRCCForKeypad' [-Wimplicit-function-declaration]
   50 |  setRCCForKeypad();
      |  ^~~~~~~~~~~~~~~
../Core/Src/main.c:51:2: warning: implicit declaration of function 'setMODERForKeypad' [-Wimplicit-function-declaration]
   51 |  setMODERForKeypad();
      |  ^~~~~~~~~~~~~~~~~
../Core/Src/main.c:52:2: warning: implicit declaration of function 'setInterruptForKeypad' [-Wimplicit-function-declaration]
   52 |  setInterruptForKeypad();
      |  ^~~~~~~~~~~~~~~~~~~~~
../Core/Src/main.c:54:2: warning: implicit declaration of function 'setAllKeypadRows' [-Wimplicit-function-declaration]
   54 |  setAllKeypadRows();
      |  ^~~~~~~~~~~~~~~~
../Core/Src/main.c:55:2: warning: implicit declaration of function 'resetAllSSDDigits' [-Wimplicit-function-declaration]
   55 |  resetAllSSDDigits();
      |  ^~~~~~~~~~~~~~~~~
../Core/Src/main.c:60:12: warning: implicit declaration of function 'number' [-Wimplicit-function-declaration]
   60 |   genlik = number();
      |            ^~~~~~
../Core/Src/main.c:67:3: warning: implicit declaration of function 'init_pwm2' [-Wimplicit-function-declaration]
   67 |   init_pwm2();
      |   ^~~~~~~~~
../Core/Src/main.c:69:3: warning: implicit declaration of function 'setting' [-Wimplicit-function-declaration]
   69 |   setting();
      |   ^~~~~~~
../Core/Src/main.c:56:6: warning: variable 'genlik' set but not used [-Wunused-but-set-variable]
   56 |  int genlik,freq;
      |      ^~~~~~
../Core/Src/main.c: In function 'number':
../Core/Src/main.c:84:4: warning: implicit declaration of function 'dispNumberDigitInSSD' [-Wimplicit-function-declaration]
   84 |    dispNumberDigitInSSD((uint8_t) button, (uint8_t) i );
      |    ^~~~~~~~~~~~~~~~~~~~
../Core/Src/main.c: At top level:
../Core/Src/main.c:104:6: warning: conflicting types for 'setting'
  104 | void setting(){
      |      ^~~~~~~
../Core/Src/main.c:69:3: note: previous implicit declaration of 'setting' was here
   69 |   setting();
      |   ^~~~~~~
arm-none-eabi-gcc -o "pwm.elf" @"objects.list"   -mcpu=cortex-m0plus -T"C:\stm32\pwm\STM32G031K8TX_FLASH.ld" --specs=nosys.specs -Wl,-Map="pwm.map" -Wl,--gc-sections -static --specs=nano.specs -mfloat-abi=soft -mthumb -Wl,--start-group -lc -lm -Wl,--end-group
Finished building target: pwm.elf
 
arm-none-eabi-size   pwm.elf 
arm-none-eabi-objdump -h -S  pwm.elf  > "pwm.list"
arm-none-eabi-objcopy  -O binary  pwm.elf  "pwm.bin"
   text	   data	    bss	    dec	    hex	filename
   9888	      8	   1584	  11480	   2cd8	pwm.elf
Finished building: default.size.stdout
 
Finished building: pwm.bin
 
Finished building: pwm.list
 
20:06:14 **** Incremental Build of configuration Debug for project pwm ****
make -j8 all 
arm-none-eabi-size   pwm.elf 
   text	   data	    bss	    dec	    hex	filename
   9888	      8	   1584	  11480	   2cd8	pwm.elf
Finished building: default.size.stdout
 
20:18:47 **** Incremental Build of configuration Debug for project pwm ****
make -j8 all 
arm-none-eabi-gcc "../Core/Src/bsp.c" -mcpu=cortex-m0plus -std=gnu11 -g3 -DDEBUG -DUSE_HAL_DRIVER -DSTM32G031xx -c -I../Core/Inc -I../Drivers/STM32G0xx_HAL_Driver/Inc -I../Drivers/STM32G0xx_HAL_Driver/Inc/Legacy -I../Drivers/CMSIS/Device/ST/STM32G0xx/Include -I../Drivers/CMSIS/Include -O0 -ffunction-sections -fdata-sections -Wall -fstack-usage -MMD -MP -MF"Core/Src/bsp.d" -MT"Core/Src/bsp.o" --specs=nano.specs -mfloat-abi=soft -mthumb -o "Core/Src/bsp.o"
arm-none-eabi-gcc "../Core/Src/main.c" -mcpu=cortex-m0plus -std=gnu11 -g3 -DDEBUG -DUSE_HAL_DRIVER -DSTM32G031xx -c -I../Core/Inc -I../Drivers/STM32G0xx_HAL_Driver/Inc -I../Drivers/STM32G0xx_HAL_Driver/Inc/Legacy -I../Drivers/CMSIS/Device/ST/STM32G0xx/Include -I../Drivers/CMSIS/Include -O0 -ffunction-sections -fdata-sections -Wall -fstack-usage -MMD -MP -MF"Core/Src/main.d" -MT"Core/Src/main.o" --specs=nano.specs -mfloat-abi=soft -mthumb -o "Core/Src/main.o"
../Core/Src/bsp.c:14:38: warning: excess elements in array initializer
   14 |   0x1aaa,0x1b6c,0x1c2f,0x1cf3,0x1db7,0x1e7b,0x1f40};
      |                                      ^~~~~~
../Core/Src/bsp.c:14:38: note: (near initialization for 'arr')
../Core/Src/bsp.c:14:45: warning: excess elements in array initializer
   14 |   0x1aaa,0x1b6c,0x1c2f,0x1cf3,0x1db7,0x1e7b,0x1f40};
      |                                             ^~~~~~
../Core/Src/bsp.c:14:45: note: (near initialization for 'arr')
../Core/Src/bsp.c:15:12: warning: 'freq' defined but not used [-Wunused-variable]
   15 | static int freq={50};
      |            ^~~~
../Core/Src/bsp.c:9:12: warning: 'arr' defined but not used [-Wunused-variable]
    9 | static int arr[255]={0x1f40,0x2004,0x20c8,0x218c,0x2250,0x2313,0x23d5,0x2497,0x2558,0x2618,0x26d7,0x2795,0x2852,0x290d,0x29c6,0x2a7e,0x2b35,0x2be9,0x2c9c,0x2d4c,0x2dfa,0x2ea6,0x2f50,0x2ff7,0x309c,0x313e,0x31dd,0x3279,0x3312,0x33a9,0x343c,0x34cb,0x3558,0x35e1,0x3667,0x36e9,0x3767,0x37e2,0x3859,0x38cc,0x393b,0x39a6,0x3a0d,0x3a70,0x3ace,0x3b29,0x3b7f,0x3bd1,0x3c1e,0x3c67,
      |            ^~~
../Core/Src/main.c: In function 'EXTI0_1_IRQHandler':
../Core/Src/main.c:25:11: warning: implicit declaration of function 'detectButton' [-Wimplicit-function-declaration]
   25 |  button = detectButton();
      |           ^~~~~~~~~~~~
../Core/Src/main.c: In function 'main':
../Core/Src/main.c:47:2: warning: implicit declaration of function 'setRCCForSSD' [-Wimplicit-function-declaration]
   47 |  setRCCForSSD();
      |  ^~~~~~~~~~~~
../Core/Src/main.c:48:2: warning: implicit declaration of function 'setMODERForSSD' [-Wimplicit-function-declaration]
   48 |  setMODERForSSD();
      |  ^~~~~~~~~~~~~~
../Core/Src/main.c:50:2: warning: implicit declaration of function 'setRCCForKeypad' [-Wimplicit-function-declaration]
   50 |  setRCCForKeypad();
      |  ^~~~~~~~~~~~~~~
../Core/Src/main.c:51:2: warning: implicit declaration of function 'setMODERForKeypad' [-Wimplicit-function-declaration]
   51 |  setMODERForKeypad();
      |  ^~~~~~~~~~~~~~~~~
../Core/Src/main.c:52:2: warning: implicit declaration of function 'setInterruptForKeypad' [-Wimplicit-function-declaration]
   52 |  setInterruptForKeypad();
      |  ^~~~~~~~~~~~~~~~~~~~~
../Core/Src/main.c:54:2: warning: implicit declaration of function 'setAllKeypadRows' [-Wimplicit-function-declaration]
   54 |  setAllKeypadRows();
      |  ^~~~~~~~~~~~~~~~
../Core/Src/main.c:55:2: warning: implicit declaration of function 'resetAllSSDDigits' [-Wimplicit-function-declaration]
   55 |  resetAllSSDDigits();
      |  ^~~~~~~~~~~~~~~~~
../Core/Src/main.c:60:12: warning: implicit declaration of function 'number' [-Wimplicit-function-declaration]
   60 |   genlik = number();
      |            ^~~~~~
../Core/Src/main.c:67:3: warning: implicit declaration of function 'init_pwm2' [-Wimplicit-function-declaration]
   67 |   init_pwm2();
      |   ^~~~~~~~~
../Core/Src/main.c:69:3: warning: implicit declaration of function 'setting' [-Wimplicit-function-declaration]
   69 |   setting();
      |   ^~~~~~~
../Core/Src/main.c:56:6: warning: variable 'genlik' set but not used [-Wunused-but-set-variable]
   56 |  int genlik,freq;
      |      ^~~~~~
../Core/Src/main.c: In function 'number':
../Core/Src/main.c:84:4: warning: implicit declaration of function 'dispNumberDigitInSSD' [-Wimplicit-function-declaration]
   84 |    dispNumberDigitInSSD((uint8_t) button, (uint8_t) i );
      |    ^~~~~~~~~~~~~~~~~~~~
../Core/Src/main.c: At top level:
../Core/Src/main.c:104:6: warning: conflicting types for 'setting'
  104 | void setting(){
      |      ^~~~~~~
../Core/Src/main.c:69:3: note: previous implicit declaration of 'setting' was here
   69 |   setting();
      |   ^~~~~~~
arm-none-eabi-gcc -o "pwm.elf" @"objects.list"   -mcpu=cortex-m0plus -T"C:\stm32\pwm\STM32G031K8TX_FLASH.ld" --specs=nosys.specs -Wl,-Map="pwm.map" -Wl,--gc-sections -static --specs=nano.specs -mfloat-abi=soft -mthumb -Wl,--start-group -lc -lm -Wl,--end-group
Finished building target: pwm.elf
 
arm-none-eabi-size   pwm.elf 
arm-none-eabi-objdump -h -S  pwm.elf  > "pwm.list"
arm-none-eabi-objcopy  -O binary  pwm.elf  "pwm.bin"
   text	   data	    bss	    dec	    hex	filename
   5544	      8	   1584	   7136	   1be0	pwm.elf
Finished building: default.size.stdout
 
Finished building: pwm.bin
Finished building: pwm.list
 
 
20:19:05 **** Incremental Build of configuration Debug for project pwm ****
make -j8 all 
arm-none-eabi-gcc "../Core/Src/bsp.c" -mcpu=cortex-m0plus -std=gnu11 -g3 -DDEBUG -DUSE_HAL_DRIVER -DSTM32G031xx -c -I../Core/Inc -I../Drivers/STM32G0xx_HAL_Driver/Inc -I../Drivers/STM32G0xx_HAL_Driver/Inc/Legacy -I../Drivers/CMSIS/Device/ST/STM32G0xx/Include -I../Drivers/CMSIS/Include -O0 -ffunction-sections -fdata-sections -Wall -fstack-usage -MMD -MP -MF"Core/Src/bsp.d" -MT"Core/Src/bsp.o" --specs=nano.specs -mfloat-abi=soft -mthumb -o "Core/Src/bsp.o"
../Core/Src/bsp.c:14:38: warning: excess elements in array initializer
   14 |   0x1aaa,0x1b6c,0x1c2f,0x1cf3,0x1db7,0x1e7b,0x1f40};
      |                                      ^~~~~~
../Core/Src/bsp.c:14:38: note: (near initialization for 'arr')
../Core/Src/bsp.c:14:45: warning: excess elements in array initializer
   14 |   0x1aaa,0x1b6c,0x1c2f,0x1cf3,0x1db7,0x1e7b,0x1f40};
      |                                             ^~~~~~
../Core/Src/bsp.c:14:45: note: (near initialization for 'arr')
../Core/Src/bsp.c:15:12: warning: 'freq' defined but not used [-Wunused-variable]
   15 | static int freq={50};
      |            ^~~~
../Core/Src/bsp.c:9:12: warning: 'arr' defined but not used [-Wunused-variable]
    9 | static int arr[255]={0x1f40,0x2004,0x20c8,0x218c,0x2250,0x2313,0x23d5,0x2497,0x2558,0x2618,0x26d7,0x2795,0x2852,0x290d,0x29c6,0x2a7e,0x2b35,0x2be9,0x2c9c,0x2d4c,0x2dfa,0x2ea6,0x2f50,0x2ff7,0x309c,0x313e,0x31dd,0x3279,0x3312,0x33a9,0x343c,0x34cb,0x3558,0x35e1,0x3667,0x36e9,0x3767,0x37e2,0x3859,0x38cc,0x393b,0x39a6,0x3a0d,0x3a70,0x3ace,0x3b29,0x3b7f,0x3bd1,0x3c1e,0x3c67,
      |            ^~~
arm-none-eabi-gcc -o "pwm.elf" @"objects.list"   -mcpu=cortex-m0plus -T"C:\stm32\pwm\STM32G031K8TX_FLASH.ld" --specs=nosys.specs -Wl,-Map="pwm.map" -Wl,--gc-sections -static --specs=nano.specs -mfloat-abi=soft -mthumb -Wl,--start-group -lc -lm -Wl,--end-group
Finished building target: pwm.elf
 
arm-none-eabi-size   pwm.elf 
arm-none-eabi-objdump -h -S  pwm.elf  > "pwm.list"
arm-none-eabi-objcopy  -O binary  pwm.elf  "pwm.bin"
   text	   data	    bss	    dec	    hex	filename
   5544	      8	   1584	   7136	   1be0	pwm.elf
Finished building: default.size.stdout
 
Finished building: pwm.bin
Finished building: pwm.list
 
 
21:00:35 **** Incremental Build of configuration Debug for project pwm ****
make -j8 all 
arm-none-eabi-gcc "../Core/Src/main.c" -mcpu=cortex-m0plus -std=gnu11 -g3 -DDEBUG -DUSE_HAL_DRIVER -DSTM32G031xx -c -I../Core/Inc -I../Drivers/STM32G0xx_HAL_Driver/Inc -I../Drivers/STM32G0xx_HAL_Driver/Inc/Legacy -I../Drivers/CMSIS/Device/ST/STM32G0xx/Include -I../Drivers/CMSIS/Include -O0 -ffunction-sections -fdata-sections -Wall -fstack-usage -MMD -MP -MF"Core/Src/main.d" -MT"Core/Src/main.o" --specs=nano.specs -mfloat-abi=soft -mthumb -o "Core/Src/main.o"
../Core/Src/main.c: In function 'EXTI0_1_IRQHandler':
../Core/Src/main.c:25:11: warning: implicit declaration of function 'detectButton' [-Wimplicit-function-declaration]
   25 |  button = detectButton();
      |           ^~~~~~~~~~~~
../Core/Src/main.c: In function 'main':
../Core/Src/main.c:47:2: warning: implicit declaration of function 'setRCCForSSD' [-Wimplicit-function-declaration]
   47 |  setRCCForSSD();
      |  ^~~~~~~~~~~~
../Core/Src/main.c:48:2: warning: implicit declaration of function 'setMODERForSSD' [-Wimplicit-function-declaration]
   48 |  setMODERForSSD();
      |  ^~~~~~~~~~~~~~
../Core/Src/main.c:50:2: warning: implicit declaration of function 'setRCCForKeypad' [-Wimplicit-function-declaration]
   50 |  setRCCForKeypad();
      |  ^~~~~~~~~~~~~~~
../Core/Src/main.c:51:2: warning: implicit declaration of function 'setMODERForKeypad' [-Wimplicit-function-declaration]
   51 |  setMODERForKeypad();
      |  ^~~~~~~~~~~~~~~~~
../Core/Src/main.c:52:2: warning: implicit declaration of function 'setInterruptForKeypad' [-Wimplicit-function-declaration]
   52 |  setInterruptForKeypad();
      |  ^~~~~~~~~~~~~~~~~~~~~
../Core/Src/main.c:54:2: warning: implicit declaration of function 'setAllKeypadRows' [-Wimplicit-function-declaration]
   54 |  setAllKeypadRows();
      |  ^~~~~~~~~~~~~~~~
../Core/Src/main.c:55:2: warning: implicit declaration of function 'resetAllSSDDigits' [-Wimplicit-function-declaration]
   55 |  resetAllSSDDigits();
      |  ^~~~~~~~~~~~~~~~~
../Core/Src/main.c:60:12: warning: implicit declaration of function 'number' [-Wimplicit-function-declaration]
   60 |   genlik = number();
      |            ^~~~~~
../Core/Src/main.c:61:3: warning: implicit declaration of function 'init_pwm2' [-Wimplicit-function-declaration]
   61 |   init_pwm2();
      |   ^~~~~~~~~
../Core/Src/main.c:65:10: warning: implicit declaration of function 'setting1' [-Wimplicit-function-declaration]
   65 |          setting1();
      |          ^~~~~~~~
../Core/Src/main.c:76:3: warning: implicit declaration of function 'setting' [-Wimplicit-function-declaration]
   76 |   setting();
      |   ^~~~~~~
../Core/Src/main.c:56:6: warning: variable 'genlik' set but not used [-Wunused-but-set-variable]
   56 |  int genlik,freq;
      |      ^~~~~~
../Core/Src/main.c: In function 'number':
../Core/Src/main.c:91:4: warning: implicit declaration of function 'dispNumberDigitInSSD' [-Wimplicit-function-declaration]
   91 |    dispNumberDigitInSSD((uint8_t) button, (uint8_t) i );
      |    ^~~~~~~~~~~~~~~~~~~~
../Core/Src/main.c: At top level:
../Core/Src/main.c:111:6: warning: conflicting types for 'setting'
  111 | void setting(){
      |      ^~~~~~~
../Core/Src/main.c:76:3: note: previous implicit declaration of 'setting' was here
   76 |   setting();
      |   ^~~~~~~
../Core/Src/main.c:121:6: warning: conflicting types for 'setting1'
  121 | void setting1(){
      |      ^~~~~~~~
../Core/Src/main.c:65:10: note: previous implicit declaration of 'setting1' was here
   65 |          setting1();
      |          ^~~~~~~~
arm-none-eabi-gcc -o "pwm.elf" @"objects.list"   -mcpu=cortex-m0plus -T"C:\stm32\pwm\STM32G031K8TX_FLASH.ld" --specs=nosys.specs -Wl,-Map="pwm.map" -Wl,--gc-sections -static --specs=nano.specs -mfloat-abi=soft -mthumb -Wl,--start-group -lc -lm -Wl,--end-group
Finished building target: pwm.elf
 
arm-none-eabi-size   pwm.elf 
arm-none-eabi-objdump -h -S  pwm.elf  > "pwm.list"
arm-none-eabi-objcopy  -O binary  pwm.elf  "pwm.bin"
   text	   data	    bss	    dec	    hex	filename
   5660	      8	   1584	   7252	   1c54	pwm.elf
Finished building: default.size.stdout
 
Finished building: pwm.bin
 
Finished building: pwm.list
 
21:00:45 **** Incremental Build of configuration Debug for project pwm ****
make -j8 all 
arm-none-eabi-size   pwm.elf 
   text	   data	    bss	    dec	    hex	filename
   5660	      8	   1584	   7252	   1c54	pwm.elf
Finished building: default.size.stdout
 
21:07:00 **** Incremental Build of configuration Debug for project pwm ****
make -j8 all 
arm-none-eabi-gcc "../Core/Src/bsp.c" -mcpu=cortex-m0plus -std=gnu11 -g3 -DDEBUG -DUSE_HAL_DRIVER -DSTM32G031xx -c -I../Core/Inc -I../Drivers/STM32G0xx_HAL_Driver/Inc -I../Drivers/STM32G0xx_HAL_Driver/Inc/Legacy -I../Drivers/CMSIS/Device/ST/STM32G0xx/Include -I../Drivers/CMSIS/Include -O0 -ffunction-sections -fdata-sections -Wall -fstack-usage -MMD -MP -MF"Core/Src/bsp.d" -MT"Core/Src/bsp.o" --specs=nano.specs -mfloat-abi=soft -mthumb -o "Core/Src/bsp.o"
arm-none-eabi-gcc "../Core/Src/main.c" -mcpu=cortex-m0plus -std=gnu11 -g3 -DDEBUG -DUSE_HAL_DRIVER -DSTM32G031xx -c -I../Core/Inc -I../Drivers/STM32G0xx_HAL_Driver/Inc -I../Drivers/STM32G0xx_HAL_Driver/Inc/Legacy -I../Drivers/CMSIS/Device/ST/STM32G0xx/Include -I../Drivers/CMSIS/Include -O0 -ffunction-sections -fdata-sections -Wall -fstack-usage -MMD -MP -MF"Core/Src/main.d" -MT"Core/Src/main.o" --specs=nano.specs -mfloat-abi=soft -mthumb -o "Core/Src/main.o"
../Core/Src/bsp.c:14:38: warning: excess elements in array initializer
   14 |   0x1aaa,0x1b6c,0x1c2f,0x1cf3,0x1db7,0x1e7b,0x1f40};
      |                                      ^~~~~~
../Core/Src/bsp.c:14:38: note: (near initialization for 'arr')
../Core/Src/bsp.c:14:45: warning: excess elements in array initializer
   14 |   0x1aaa,0x1b6c,0x1c2f,0x1cf3,0x1db7,0x1e7b,0x1f40};
      |                                             ^~~~~~
../Core/Src/bsp.c:14:45: note: (near initialization for 'arr')
../Core/Src/bsp.c:15:12: warning: 'freq' defined but not used [-Wunused-variable]
   15 | static int freq={50};
      |            ^~~~
../Core/Src/bsp.c:9:12: warning: 'arr' defined but not used [-Wunused-variable]
    9 | static int arr[255]={0x1f40,0x2004,0x20c8,0x218c,0x2250,0x2313,0x23d5,0x2497,0x2558,0x2618,0x26d7,0x2795,0x2852,0x290d,0x29c6,0x2a7e,0x2b35,0x2be9,0x2c9c,0x2d4c,0x2dfa,0x2ea6,0x2f50,0x2ff7,0x309c,0x313e,0x31dd,0x3279,0x3312,0x33a9,0x343c,0x34cb,0x3558,0x35e1,0x3667,0x36e9,0x3767,0x37e2,0x3859,0x38cc,0x393b,0x39a6,0x3a0d,0x3a70,0x3ace,0x3b29,0x3b7f,0x3bd1,0x3c1e,0x3c67,
      |            ^~~
../Core/Src/main.c: In function 'EXTI0_1_IRQHandler':
../Core/Src/main.c:10:11: warning: implicit declaration of function 'detectButton' [-Wimplicit-function-declaration]
   10 |  button = detectButton();
      |           ^~~~~~~~~~~~
../Core/Src/main.c: In function 'main':
../Core/Src/main.c:29:2: warning: implicit declaration of function 'setRCCForSSD' [-Wimplicit-function-declaration]
   29 |  setRCCForSSD();
      |  ^~~~~~~~~~~~
../Core/Src/main.c:30:2: warning: implicit declaration of function 'setMODERForSSD' [-Wimplicit-function-declaration]
   30 |  setMODERForSSD();
      |  ^~~~~~~~~~~~~~
../Core/Src/main.c:32:2: warning: implicit declaration of function 'setRCCForKeypad' [-Wimplicit-function-declaration]
   32 |  setRCCForKeypad();
      |  ^~~~~~~~~~~~~~~
../Core/Src/main.c:33:2: warning: implicit declaration of function 'setMODERForKeypad' [-Wimplicit-function-declaration]
   33 |  setMODERForKeypad();
      |  ^~~~~~~~~~~~~~~~~
../Core/Src/main.c:34:2: warning: implicit declaration of function 'setInterruptForKeypad' [-Wimplicit-function-declaration]
   34 |  setInterruptForKeypad();
      |  ^~~~~~~~~~~~~~~~~~~~~
../Core/Src/main.c:36:2: warning: implicit declaration of function 'setAllKeypadRows' [-Wimplicit-function-declaration]
   36 |  setAllKeypadRows();
      |  ^~~~~~~~~~~~~~~~
../Core/Src/main.c:37:2: warning: implicit declaration of function 'resetAllSSDDigits' [-Wimplicit-function-declaration]
   37 |  resetAllSSDDigits();
      |  ^~~~~~~~~~~~~~~~~
../Core/Src/main.c:42:12: warning: implicit declaration of function 'number' [-Wimplicit-function-declaration]
   42 |   genlik = number();
      |            ^~~~~~
../Core/Src/main.c:43:3: warning: implicit declaration of function 'init_pwm2' [-Wimplicit-function-declaration]
   43 |   init_pwm2();
      |   ^~~~~~~~~
../Core/Src/main.c:47:10: warning: implicit declaration of function 'setting1' [-Wimplicit-function-declaration]
   47 |          setting1();
      |          ^~~~~~~~
../Core/Src/main.c:58:3: warning: implicit declaration of function 'setting' [-Wimplicit-function-declaration]
   58 |   setting();
      |   ^~~~~~~
../Core/Src/main.c:38:6: warning: variable 'genlik' set but not used [-Wunused-but-set-variable]
   38 |  int genlik,freq;
      |      ^~~~~~
../Core/Src/main.c: In function 'number':
../Core/Src/main.c:73:4: warning: implicit declaration of function 'dispNumberDigitInSSD' [-Wimplicit-function-declaration]
   73 |    dispNumberDigitInSSD((uint8_t) button, (uint8_t) i );
      |    ^~~~~~~~~~~~~~~~~~~~
../Core/Src/main.c: At top level:
../Core/Src/main.c:93:6: warning: conflicting types for 'setting'
   93 | void setting(){
      |      ^~~~~~~
../Core/Src/main.c:58:3: note: previous implicit declaration of 'setting' was here
   58 |   setting();
      |   ^~~~~~~
../Core/Src/main.c:103:6: warning: conflicting types for 'setting1'
  103 | void setting1(){
      |      ^~~~~~~~
../Core/Src/main.c:47:10: note: previous implicit declaration of 'setting1' was here
   47 |          setting1();
      |          ^~~~~~~~
arm-none-eabi-gcc -o "pwm.elf" @"objects.list"   -mcpu=cortex-m0plus -T"C:\stm32\pwm\STM32G031K8TX_FLASH.ld" --specs=nosys.specs -Wl,-Map="pwm.map" -Wl,--gc-sections -static --specs=nano.specs -mfloat-abi=soft -mthumb -Wl,--start-group -lc -lm -Wl,--end-group
Finished building target: pwm.elf
 
arm-none-eabi-size   pwm.elf 
arm-none-eabi-objdump -h -S  pwm.elf  > "pwm.list"
arm-none-eabi-objcopy  -O binary  pwm.elf  "pwm.bin"
   text	   data	    bss	    dec	    hex	filename
   5660	      8	   1584	   7252	   1c54	pwm.elf
Finished building: default.size.stdout
 
Finished building: pwm.bin
Finished building: pwm.list
 
 
23:34:00 **** Build of configuration Debug for project uart ****
make -j8 all 
arm-none-eabi-gcc "../Core/Src/main.c" -mcpu=cortex-m0plus -std=gnu11 -g3 -DDEBUG -DUSE_HAL_DRIVER -DSTM32G030xx -c -I../Core/Inc -I../Drivers/STM32G0xx_HAL_Driver/Inc -I../Drivers/STM32G0xx_HAL_Driver/Inc/Legacy -I../Drivers/CMSIS/Device/ST/STM32G0xx/Include -I../Drivers/CMSIS/Include -O0 -ffunction-sections -fdata-sections -Wall -fstack-usage -MMD -MP -MF"Core/Src/main.d" -MT"Core/Src/main.o" --specs=nano.specs -mfloat-abi=soft -mthumb -o "Core/Src/main.o"
arm-none-eabi-gcc -o "uart.elf" @"objects.list"   -mcpu=cortex-m0plus -T"C:\stm32\uart\STM32G030K8TX_FLASH.ld" --specs=nosys.specs -Wl,-Map="uart.map" -Wl,--gc-sections -static --specs=nano.specs -mfloat-abi=soft -mthumb -Wl,--start-group -lc -lm -Wl,--end-group
c:\st\stm32cubeide_1.7.0\stm32cubeide\plugins\com.st.stm32cube.ide.mcu.externaltools.gnu-tools-for-stm32.9-2020-q2-update.win32_2.0.0.202105311346\tools\arm-none-eabi\bin\ld.exe: ./Core/Src/main.o: in function `UART_init':
C:/stm32/uart/Debug/../Core/Src/main.c:11: multiple definition of `UART_init'; ./Core/Src/bsp.o:C:/stm32/uart/Debug/../Core/Src/bsp.c:105: first defined here
c:\st\stm32cubeide_1.7.0\stm32cubeide\plugins\com.st.stm32cube.ide.mcu.externaltools.gnu-tools-for-stm32.9-2020-q2-update.win32_2.0.0.202105311346\tools\arm-none-eabi\bin\ld.exe: ./Core/Src/main.o: in function `uart_tx':
C:/stm32/uart/Debug/../Core/Src/main.c:37: multiple definition of `uart_tx'; ./Core/Src/bsp.o:C:/stm32/uart/Debug/../Core/Src/bsp.c:89: first defined here
c:\st\stm32cubeide_1.7.0\stm32cubeide\plugins\com.st.stm32cube.ide.mcu.externaltools.gnu-tools-for-stm32.9-2020-q2-update.win32_2.0.0.202105311346\tools\arm-none-eabi\bin\ld.exe: ./Core/Src/main.o: in function `uart_rx':
C:/stm32/uart/Debug/../Core/Src/main.c:41: multiple definition of `uart_rx'; ./Core/Src/bsp.o:C:/stm32/uart/Debug/../Core/Src/bsp.c:95: first defined here
c:\st\stm32cubeide_1.7.0\stm32cubeide\plugins\com.st.stm32cube.ide.mcu.externaltools.gnu-tools-for-stm32.9-2020-q2-update.win32_2.0.0.202105311346\tools\arm-none-eabi\bin\ld.exe: ./Core/Src/stm32g0xx_it.o: in function `SysTick_Handler':
C:/stm32/uart/Debug/../Core/Src/stm32g0xx_it.c:127: multiple definition of `SysTick_Handler'; ./Core/Src/main.o:C:/stm32/uart/Debug/../Core/Src/main.c:5: first defined here
collect2.exe: error: ld returned 1 exit status
make: *** [makefile:65: uart.elf] Error 1
"make -j8 all" terminated with exit code 2. Build might be incomplete.
23:34:56 **** Build of configuration Debug for project pwm ****
make -j8 all 
arm-none-eabi-size   pwm.elf 
   text	   data	    bss	    dec	    hex	filename
   5660	      8	   1584	   7252	   1c54	pwm.elf
Finished building: default.size.stdout
 
23:35:40 **** Build of configuration Debug for project sevensegment ****
make -j8 all 
arm-none-eabi-gcc "../Core/Src/main.c" -mcpu=cortex-m0plus -std=gnu11 -g3 -DDEBUG -DUSE_HAL_DRIVER -DSTM32G031xx -c -I../Core/Inc -I../Drivers/STM32G0xx_HAL_Driver/Inc -I../Drivers/STM32G0xx_HAL_Driver/Inc/Legacy -I../Drivers/CMSIS/Device/ST/STM32G0xx/Include -I../Drivers/CMSIS/Include -O0 -ffunction-sections -fdata-sections -Wall -fstack-usage -MMD -MP -MF"Core/Src/main.d" -MT"Core/Src/main.o" --specs=nano.specs -mfloat-abi=soft -mthumb -o "Core/Src/main.o"
arm-none-eabi-gcc -o "sevensegment.elf" @"objects.list"   -mcpu=cortex-m0plus -T"C:\stm32\sevensegment\STM32G031K8TX_FLASH.ld" --specs=nosys.specs -Wl,-Map="sevensegment.map" -Wl,--gc-sections -static --specs=nano.specs -mfloat-abi=soft -mthumb -Wl,--start-group -lc -lm -Wl,--end-group
c:\st\stm32cubeide_1.7.0\stm32cubeide\plugins\com.st.stm32cube.ide.mcu.externaltools.gnu-tools-for-stm32.9-2020-q2-update.win32_2.0.0.202105311346\tools\arm-none-eabi\bin\ld.exe: ./Core/Src/stm32g0xx_it.o: in function `SysTick_Handler':
C:/stm32/sevensegment/Debug/../Core/Src/stm32g0xx_it.c:127: multiple definition of `SysTick_Handler'; ./Core/Src/main.o:C:/stm32/sevensegment/Debug/../Core/Src/main.c:5: first defined here
collect2.exe: error: ld returned 1 exit status
make: *** [makefile:65: sevensegment.elf] Error 1
"make -j8 all" terminated with exit code 2. Build might be incomplete.
23:36:50 **** Incremental Build of configuration Debug for project sevensegment ****
make -j8 all 
arm-none-eabi-gcc "../Core/Src/stm32g0xx_it.c" -mcpu=cortex-m0plus -std=gnu11 -g3 -DDEBUG -DUSE_HAL_DRIVER -DSTM32G031xx -c -I../Core/Inc -I../Drivers/STM32G0xx_HAL_Driver/Inc -I../Drivers/STM32G0xx_HAL_Driver/Inc/Legacy -I../Drivers/CMSIS/Device/ST/STM32G0xx/Include -I../Drivers/CMSIS/Include -O0 -ffunction-sections -fdata-sections -Wall -fstack-usage -MMD -MP -MF"Core/Src/stm32g0xx_it.d" -MT"Core/Src/stm32g0xx_it.o" --specs=nano.specs -mfloat-abi=soft -mthumb -o "Core/Src/stm32g0xx_it.o"
arm-none-eabi-gcc -o "sevensegment.elf" @"objects.list"   -mcpu=cortex-m0plus -T"C:\stm32\sevensegment\STM32G031K8TX_FLASH.ld" --specs=nosys.specs -Wl,-Map="sevensegment.map" -Wl,--gc-sections -static --specs=nano.specs -mfloat-abi=soft -mthumb -Wl,--start-group -lc -lm -Wl,--end-group
Finished building target: sevensegment.elf
 
arm-none-eabi-size   sevensegment.elf 
arm-none-eabi-objdump -h -S  sevensegment.elf  > "sevensegment.list"
arm-none-eabi-objcopy  -O binary  sevensegment.elf  "sevensegment.bin"
   text	   data	    bss	    dec	    hex	filename
   1584	     12	   1572	   3168	    c60	sevensegment.elf
Finished building: default.size.stdout
 
Finished building: sevensegment.list
Finished building: sevensegment.bin
 
 
23:37:36 **** Incremental Build of configuration Debug for project sevensegment ****
make -j8 all 
arm-none-eabi-size   sevensegment.elf 
   text	   data	    bss	    dec	    hex	filename
   1584	     12	   1572	   3168	    c60	sevensegment.elf
Finished building: default.size.stdout
 
23:37:48 **** Incremental Build of configuration Debug for project sevensegment ****
make -j8 all 
arm-none-eabi-size   sevensegment.elf 
   text	   data	    bss	    dec	    hex	filename
   1584	     12	   1572	   3168	    c60	sevensegment.elf
Finished building: default.size.stdout
 
23:45:16 **** Incremental Build of configuration Debug for project sevensegment ****
make -j8 all 
arm-none-eabi-size   sevensegment.elf 
   text	   data	    bss	    dec	    hex	filename
   1584	     12	   1572	   3168	    c60	sevensegment.elf
Finished building: default.size.stdout
 
23:47:51 **** Incremental Build of configuration Debug for project sevensegment ****
make -j8 all 
arm-none-eabi-size   sevensegment.elf 
   text	   data	    bss	    dec	    hex	filename
   1584	     12	   1572	   3168	    c60	sevensegment.elf
Finished building: default.size.stdout
 
23:47:52 **** Incremental Build of configuration Debug for project sevensegment ****
make -j8 all 
arm-none-eabi-size   sevensegment.elf 
   text	   data	    bss	    dec	    hex	filename
   1584	     12	   1572	   3168	    c60	sevensegment.elf
Finished building: default.size.stdout
 
23:52:06 **** Incremental Build of configuration Debug for project sevensegment ****
make -j8 all 
arm-none-eabi-size   sevensegment.elf 
   text	   data	    bss	    dec	    hex	filename
   1584	     12	   1572	   3168	    c60	sevensegment.elf
Finished building: default.size.stdout
 
23:52:18 **** Incremental Build of configuration Debug for project sevensegment ****
make -j8 all 
arm-none-eabi-size   sevensegment.elf 
   text	   data	    bss	    dec	    hex	filename
   1584	     12	   1572	   3168	    c60	sevensegment.elf
Finished building: default.size.stdout
 
23:53:28 **** Incremental Build of configuration Debug for project sevensegment ****
make -j8 all 
arm-none-eabi-size   sevensegment.elf 
   text	   data	    bss	    dec	    hex	filename
   1584	     12	   1572	   3168	    c60	sevensegment.elf
Finished building: default.size.stdout
 
00:04:30 **** Build of configuration Debug for project projeeee ****
make -j8 all 
arm-none-eabi-gcc "../Drivers/STM32G0xx_HAL_Driver/Src/stm32g0xx_hal.c" -mcpu=cortex-m0plus -std=gnu11 -g3 -DDEBUG -DUSE_HAL_DRIVER -DSTM32G031xx -c -I../Core/Inc -I../Drivers/STM32G0xx_HAL_Driver/Inc -I../Drivers/STM32G0xx_HAL_Driver/Inc/Legacy -I../Drivers/CMSIS/Device/ST/STM32G0xx/Include -I../Drivers/CMSIS/Include -O0 -ffunction-sections -fdata-sections -Wall -fstack-usage -MMD -MP -MF"Drivers/STM32G0xx_HAL_Driver/Src/stm32g0xx_hal.d" -MT"Drivers/STM32G0xx_HAL_Driver/Src/stm32g0xx_hal.o" --specs=nano.specs -mfloat-abi=soft -mthumb -o "Drivers/STM32G0xx_HAL_Driver/Src/stm32g0xx_hal.o"
arm-none-eabi-gcc "../Drivers/STM32G0xx_HAL_Driver/Src/stm32g0xx_hal_cortex.c" -mcpu=cortex-m0plus -std=gnu11 -g3 -DDEBUG -DUSE_HAL_DRIVER -DSTM32G031xx -c -I../Core/Inc -I../Drivers/STM32G0xx_HAL_Driver/Inc -I../Drivers/STM32G0xx_HAL_Driver/Inc/Legacy -I../Drivers/CMSIS/Device/ST/STM32G0xx/Include -I../Drivers/CMSIS/Include -O0 -ffunction-sections -fdata-sections -Wall -fstack-usage -MMD -MP -MF"Drivers/STM32G0xx_HAL_Driver/Src/stm32g0xx_hal_cortex.d" -MT"Drivers/STM32G0xx_HAL_Driver/Src/stm32g0xx_hal_cortex.o" --specs=nano.specs -mfloat-abi=soft -mthumb -o "Drivers/STM32G0xx_HAL_Driver/Src/stm32g0xx_hal_cortex.o"
arm-none-eabi-gcc "../Drivers/STM32G0xx_HAL_Driver/Src/stm32g0xx_hal_dma.c" -mcpu=cortex-m0plus -std=gnu11 -g3 -DDEBUG -DUSE_HAL_DRIVER -DSTM32G031xx -c -I../Core/Inc -I../Drivers/STM32G0xx_HAL_Driver/Inc -I../Drivers/STM32G0xx_HAL_Driver/Inc/Legacy -I../Drivers/CMSIS/Device/ST/STM32G0xx/Include -I../Drivers/CMSIS/Include -O0 -ffunction-sections -fdata-sections -Wall -fstack-usage -MMD -MP -MF"Drivers/STM32G0xx_HAL_Driver/Src/stm32g0xx_hal_dma.d" -MT"Drivers/STM32G0xx_HAL_Driver/Src/stm32g0xx_hal_dma.o" --specs=nano.specs -mfloat-abi=soft -mthumb -o "Drivers/STM32G0xx_HAL_Driver/Src/stm32g0xx_hal_dma.o"
arm-none-eabi-gcc "../Drivers/STM32G0xx_HAL_Driver/Src/stm32g0xx_hal_dma_ex.c" -mcpu=cortex-m0plus -std=gnu11 -g3 -DDEBUG -DUSE_HAL_DRIVER -DSTM32G031xx -c -I../Core/Inc -I../Drivers/STM32G0xx_HAL_Driver/Inc -I../Drivers/STM32G0xx_HAL_Driver/Inc/Legacy -I../Drivers/CMSIS/Device/ST/STM32G0xx/Include -I../Drivers/CMSIS/Include -O0 -ffunction-sections -fdata-sections -Wall -fstack-usage -MMD -MP -MF"Drivers/STM32G0xx_HAL_Driver/Src/stm32g0xx_hal_dma_ex.d" -MT"Drivers/STM32G0xx_HAL_Driver/Src/stm32g0xx_hal_dma_ex.o" --specs=nano.specs -mfloat-abi=soft -mthumb -o "Drivers/STM32G0xx_HAL_Driver/Src/stm32g0xx_hal_dma_ex.o"
arm-none-eabi-gcc "../Drivers/STM32G0xx_HAL_Driver/Src/stm32g0xx_hal_exti.c" -mcpu=cortex-m0plus -std=gnu11 -g3 -DDEBUG -DUSE_HAL_DRIVER -DSTM32G031xx -c -I../Core/Inc -I../Drivers/STM32G0xx_HAL_Driver/Inc -I../Drivers/STM32G0xx_HAL_Driver/Inc/Legacy -I../Drivers/CMSIS/Device/ST/STM32G0xx/Include -I../Drivers/CMSIS/Include -O0 -ffunction-sections -fdata-sections -Wall -fstack-usage -MMD -MP -MF"Drivers/STM32G0xx_HAL_Driver/Src/stm32g0xx_hal_exti.d" -MT"Drivers/STM32G0xx_HAL_Driver/Src/stm32g0xx_hal_exti.o" --specs=nano.specs -mfloat-abi=soft -mthumb -o "Drivers/STM32G0xx_HAL_Driver/Src/stm32g0xx_hal_exti.o"
arm-none-eabi-gcc "../Drivers/STM32G0xx_HAL_Driver/Src/stm32g0xx_hal_flash.c" -mcpu=cortex-m0plus -std=gnu11 -g3 -DDEBUG -DUSE_HAL_DRIVER -DSTM32G031xx -c -I../Core/Inc -I../Drivers/STM32G0xx_HAL_Driver/Inc -I../Drivers/STM32G0xx_HAL_Driver/Inc/Legacy -I../Drivers/CMSIS/Device/ST/STM32G0xx/Include -I../Drivers/CMSIS/Include -O0 -ffunction-sections -fdata-sections -Wall -fstack-usage -MMD -MP -MF"Drivers/STM32G0xx_HAL_Driver/Src/stm32g0xx_hal_flash.d" -MT"Drivers/STM32G0xx_HAL_Driver/Src/stm32g0xx_hal_flash.o" --specs=nano.specs -mfloat-abi=soft -mthumb -o "Drivers/STM32G0xx_HAL_Driver/Src/stm32g0xx_hal_flash.o"
arm-none-eabi-gcc "../Drivers/STM32G0xx_HAL_Driver/Src/stm32g0xx_hal_flash_ex.c" -mcpu=cortex-m0plus -std=gnu11 -g3 -DDEBUG -DUSE_HAL_DRIVER -DSTM32G031xx -c -I../Core/Inc -I../Drivers/STM32G0xx_HAL_Driver/Inc -I../Drivers/STM32G0xx_HAL_Driver/Inc/Legacy -I../Drivers/CMSIS/Device/ST/STM32G0xx/Include -I../Drivers/CMSIS/Include -O0 -ffunction-sections -fdata-sections -Wall -fstack-usage -MMD -MP -MF"Drivers/STM32G0xx_HAL_Driver/Src/stm32g0xx_hal_flash_ex.d" -MT"Drivers/STM32G0xx_HAL_Driver/Src/stm32g0xx_hal_flash_ex.o" --specs=nano.specs -mfloat-abi=soft -mthumb -o "Drivers/STM32G0xx_HAL_Driver/Src/stm32g0xx_hal_flash_ex.o"
arm-none-eabi-gcc "../Drivers/STM32G0xx_HAL_Driver/Src/stm32g0xx_hal_gpio.c" -mcpu=cortex-m0plus -std=gnu11 -g3 -DDEBUG -DUSE_HAL_DRIVER -DSTM32G031xx -c -I../Core/Inc -I../Drivers/STM32G0xx_HAL_Driver/Inc -I../Drivers/STM32G0xx_HAL_Driver/Inc/Legacy -I../Drivers/CMSIS/Device/ST/STM32G0xx/Include -I../Drivers/CMSIS/Include -O0 -ffunction-sections -fdata-sections -Wall -fstack-usage -MMD -MP -MF"Drivers/STM32G0xx_HAL_Driver/Src/stm32g0xx_hal_gpio.d" -MT"Drivers/STM32G0xx_HAL_Driver/Src/stm32g0xx_hal_gpio.o" --specs=nano.specs -mfloat-abi=soft -mthumb -o "Drivers/STM32G0xx_HAL_Driver/Src/stm32g0xx_hal_gpio.o"
arm-none-eabi-gcc "../Drivers/STM32G0xx_HAL_Driver/Src/stm32g0xx_hal_pwr.c" -mcpu=cortex-m0plus -std=gnu11 -g3 -DDEBUG -DUSE_HAL_DRIVER -DSTM32G031xx -c -I../Core/Inc -I../Drivers/STM32G0xx_HAL_Driver/Inc -I../Drivers/STM32G0xx_HAL_Driver/Inc/Legacy -I../Drivers/CMSIS/Device/ST/STM32G0xx/Include -I../Drivers/CMSIS/Include -O0 -ffunction-sections -fdata-sections -Wall -fstack-usage -MMD -MP -MF"Drivers/STM32G0xx_HAL_Driver/Src/stm32g0xx_hal_pwr.d" -MT"Drivers/STM32G0xx_HAL_Driver/Src/stm32g0xx_hal_pwr.o" --specs=nano.specs -mfloat-abi=soft -mthumb -o "Drivers/STM32G0xx_HAL_Driver/Src/stm32g0xx_hal_pwr.o"
arm-none-eabi-gcc "../Drivers/STM32G0xx_HAL_Driver/Src/stm32g0xx_hal_pwr_ex.c" -mcpu=cortex-m0plus -std=gnu11 -g3 -DDEBUG -DUSE_HAL_DRIVER -DSTM32G031xx -c -I../Core/Inc -I../Drivers/STM32G0xx_HAL_Driver/Inc -I../Drivers/STM32G0xx_HAL_Driver/Inc/Legacy -I../Drivers/CMSIS/Device/ST/STM32G0xx/Include -I../Drivers/CMSIS/Include -O0 -ffunction-sections -fdata-sections -Wall -fstack-usage -MMD -MP -MF"Drivers/STM32G0xx_HAL_Driver/Src/stm32g0xx_hal_pwr_ex.d" -MT"Drivers/STM32G0xx_HAL_Driver/Src/stm32g0xx_hal_pwr_ex.o" --specs=nano.specs -mfloat-abi=soft -mthumb -o "Drivers/STM32G0xx_HAL_Driver/Src/stm32g0xx_hal_pwr_ex.o"
arm-none-eabi-gcc "../Drivers/STM32G0xx_HAL_Driver/Src/stm32g0xx_hal_rcc.c" -mcpu=cortex-m0plus -std=gnu11 -g3 -DDEBUG -DUSE_HAL_DRIVER -DSTM32G031xx -c -I../Core/Inc -I../Drivers/STM32G0xx_HAL_Driver/Inc -I../Drivers/STM32G0xx_HAL_Driver/Inc/Legacy -I../Drivers/CMSIS/Device/ST/STM32G0xx/Include -I../Drivers/CMSIS/Include -O0 -ffunction-sections -fdata-sections -Wall -fstack-usage -MMD -MP -MF"Drivers/STM32G0xx_HAL_Driver/Src/stm32g0xx_hal_rcc.d" -MT"Drivers/STM32G0xx_HAL_Driver/Src/stm32g0xx_hal_rcc.o" --specs=nano.specs -mfloat-abi=soft -mthumb -o "Drivers/STM32G0xx_HAL_Driver/Src/stm32g0xx_hal_rcc.o"
arm-none-eabi-gcc "../Drivers/STM32G0xx_HAL_Driver/Src/stm32g0xx_hal_rcc_ex.c" -mcpu=cortex-m0plus -std=gnu11 -g3 -DDEBUG -DUSE_HAL_DRIVER -DSTM32G031xx -c -I../Core/Inc -I../Drivers/STM32G0xx_HAL_Driver/Inc -I../Drivers/STM32G0xx_HAL_Driver/Inc/Legacy -I../Drivers/CMSIS/Device/ST/STM32G0xx/Include -I../Drivers/CMSIS/Include -O0 -ffunction-sections -fdata-sections -Wall -fstack-usage -MMD -MP -MF"Drivers/STM32G0xx_HAL_Driver/Src/stm32g0xx_hal_rcc_ex.d" -MT"Drivers/STM32G0xx_HAL_Driver/Src/stm32g0xx_hal_rcc_ex.o" --specs=nano.specs -mfloat-abi=soft -mthumb -o "Drivers/STM32G0xx_HAL_Driver/Src/stm32g0xx_hal_rcc_ex.o"
arm-none-eabi-gcc "../Drivers/STM32G0xx_HAL_Driver/Src/stm32g0xx_hal_tim.c" -mcpu=cortex-m0plus -std=gnu11 -g3 -DDEBUG -DUSE_HAL_DRIVER -DSTM32G031xx -c -I../Core/Inc -I../Drivers/STM32G0xx_HAL_Driver/Inc -I../Drivers/STM32G0xx_HAL_Driver/Inc/Legacy -I../Drivers/CMSIS/Device/ST/STM32G0xx/Include -I../Drivers/CMSIS/Include -O0 -ffunction-sections -fdata-sections -Wall -fstack-usage -MMD -MP -MF"Drivers/STM32G0xx_HAL_Driver/Src/stm32g0xx_hal_tim.d" -MT"Drivers/STM32G0xx_HAL_Driver/Src/stm32g0xx_hal_tim.o" --specs=nano.specs -mfloat-abi=soft -mthumb -o "Drivers/STM32G0xx_HAL_Driver/Src/stm32g0xx_hal_tim.o"
arm-none-eabi-gcc "../Drivers/STM32G0xx_HAL_Driver/Src/stm32g0xx_hal_tim_ex.c" -mcpu=cortex-m0plus -std=gnu11 -g3 -DDEBUG -DUSE_HAL_DRIVER -DSTM32G031xx -c -I../Core/Inc -I../Drivers/STM32G0xx_HAL_Driver/Inc -I../Drivers/STM32G0xx_HAL_Driver/Inc/Legacy -I../Drivers/CMSIS/Device/ST/STM32G0xx/Include -I../Drivers/CMSIS/Include -O0 -ffunction-sections -fdata-sections -Wall -fstack-usage -MMD -MP -MF"Drivers/STM32G0xx_HAL_Driver/Src/stm32g0xx_hal_tim_ex.d" -MT"Drivers/STM32G0xx_HAL_Driver/Src/stm32g0xx_hal_tim_ex.o" --specs=nano.specs -mfloat-abi=soft -mthumb -o "Drivers/STM32G0xx_HAL_Driver/Src/stm32g0xx_hal_tim_ex.o"
arm-none-eabi-gcc "../Drivers/STM32G0xx_HAL_Driver/Src/stm32g0xx_ll_dma.c" -mcpu=cortex-m0plus -std=gnu11 -g3 -DDEBUG -DUSE_HAL_DRIVER -DSTM32G031xx -c -I../Core/Inc -I../Drivers/STM32G0xx_HAL_Driver/Inc -I../Drivers/STM32G0xx_HAL_Driver/Inc/Legacy -I../Drivers/CMSIS/Device/ST/STM32G0xx/Include -I../Drivers/CMSIS/Include -O0 -ffunction-sections -fdata-sections -Wall -fstack-usage -MMD -MP -MF"Drivers/STM32G0xx_HAL_Driver/Src/stm32g0xx_ll_dma.d" -MT"Drivers/STM32G0xx_HAL_Driver/Src/stm32g0xx_ll_dma.o" --specs=nano.specs -mfloat-abi=soft -mthumb -o "Drivers/STM32G0xx_HAL_Driver/Src/stm32g0xx_ll_dma.o"
arm-none-eabi-gcc "../Drivers/STM32G0xx_HAL_Driver/Src/stm32g0xx_ll_rcc.c" -mcpu=cortex-m0plus -std=gnu11 -g3 -DDEBUG -DUSE_HAL_DRIVER -DSTM32G031xx -c -I../Core/Inc -I../Drivers/STM32G0xx_HAL_Driver/Inc -I../Drivers/STM32G0xx_HAL_Driver/Inc/Legacy -I../Drivers/CMSIS/Device/ST/STM32G0xx/Include -I../Drivers/CMSIS/Include -O0 -ffunction-sections -fdata-sections -Wall -fstack-usage -MMD -MP -MF"Drivers/STM32G0xx_HAL_Driver/Src/stm32g0xx_ll_rcc.d" -MT"Drivers/STM32G0xx_HAL_Driver/Src/stm32g0xx_ll_rcc.o" --specs=nano.specs -mfloat-abi=soft -mthumb -o "Drivers/STM32G0xx_HAL_Driver/Src/stm32g0xx_ll_rcc.o"
arm-none-eabi-gcc -mcpu=cortex-m0plus -g3 -DDEBUG -c -x assembler-with-cpp -MMD -MP -MF"Core/Startup/startup_stm32g031k8tx.d" -MT"Core/Startup/startup_stm32g031k8tx.o" --specs=nano.specs -mfloat-abi=soft -mthumb -o "Core/Startup/startup_stm32g031k8tx.o" "../Core/Startup/startup_stm32g031k8tx.s"
arm-none-eabi-gcc "../Core/Src/bsp.c" -mcpu=cortex-m0plus -std=gnu11 -g3 -DDEBUG -DUSE_HAL_DRIVER -DSTM32G031xx -c -I../Core/Inc -I../Drivers/STM32G0xx_HAL_Driver/Inc -I../Drivers/STM32G0xx_HAL_Driver/Inc/Legacy -I../Drivers/CMSIS/Device/ST/STM32G0xx/Include -I../Drivers/CMSIS/Include -O0 -ffunction-sections -fdata-sections -Wall -fstack-usage -MMD -MP -MF"Core/Src/bsp.d" -MT"Core/Src/bsp.o" --specs=nano.specs -mfloat-abi=soft -mthumb -o "Core/Src/bsp.o"
arm-none-eabi-gcc "../Core/Src/main.c" -mcpu=cortex-m0plus -std=gnu11 -g3 -DDEBUG -DUSE_HAL_DRIVER -DSTM32G031xx -c -I../Core/Inc -I../Drivers/STM32G0xx_HAL_Driver/Inc -I../Drivers/STM32G0xx_HAL_Driver/Inc/Legacy -I../Drivers/CMSIS/Device/ST/STM32G0xx/Include -I../Drivers/CMSIS/Include -O0 -ffunction-sections -fdata-sections -Wall -fstack-usage -MMD -MP -MF"Core/Src/main.d" -MT"Core/Src/main.o" --specs=nano.specs -mfloat-abi=soft -mthumb -o "Core/Src/main.o"
arm-none-eabi-gcc "../Core/Src/stm32g0xx_hal_msp.c" -mcpu=cortex-m0plus -std=gnu11 -g3 -DDEBUG -DUSE_HAL_DRIVER -DSTM32G031xx -c -I../Core/Inc -I../Drivers/STM32G0xx_HAL_Driver/Inc -I../Drivers/STM32G0xx_HAL_Driver/Inc/Legacy -I../Drivers/CMSIS/Device/ST/STM32G0xx/Include -I../Drivers/CMSIS/Include -O0 -ffunction-sections -fdata-sections -Wall -fstack-usage -MMD -MP -MF"Core/Src/stm32g0xx_hal_msp.d" -MT"Core/Src/stm32g0xx_hal_msp.o" --specs=nano.specs -mfloat-abi=soft -mthumb -o "Core/Src/stm32g0xx_hal_msp.o"
arm-none-eabi-gcc "../Core/Src/stm32g0xx_it.c" -mcpu=cortex-m0plus -std=gnu11 -g3 -DDEBUG -DUSE_HAL_DRIVER -DSTM32G031xx -c -I../Core/Inc -I../Drivers/STM32G0xx_HAL_Driver/Inc -I../Drivers/STM32G0xx_HAL_Driver/Inc/Legacy -I../Drivers/CMSIS/Device/ST/STM32G0xx/Include -I../Drivers/CMSIS/Include -O0 -ffunction-sections -fdata-sections -Wall -fstack-usage -MMD -MP -MF"Core/Src/stm32g0xx_it.d" -MT"Core/Src/stm32g0xx_it.o" --specs=nano.specs -mfloat-abi=soft -mthumb -o "Core/Src/stm32g0xx_it.o"
arm-none-eabi-gcc "../Core/Src/syscalls.c" -mcpu=cortex-m0plus -std=gnu11 -g3 -DDEBUG -DUSE_HAL_DRIVER -DSTM32G031xx -c -I../Core/Inc -I../Drivers/STM32G0xx_HAL_Driver/Inc -I../Drivers/STM32G0xx_HAL_Driver/Inc/Legacy -I../Drivers/CMSIS/Device/ST/STM32G0xx/Include -I../Drivers/CMSIS/Include -O0 -ffunction-sections -fdata-sections -Wall -fstack-usage -MMD -MP -MF"Core/Src/syscalls.d" -MT"Core/Src/syscalls.o" --specs=nano.specs -mfloat-abi=soft -mthumb -o "Core/Src/syscalls.o"
arm-none-eabi-gcc "../Core/Src/sysmem.c" -mcpu=cortex-m0plus -std=gnu11 -g3 -DDEBUG -DUSE_HAL_DRIVER -DSTM32G031xx -c -I../Core/Inc -I../Drivers/STM32G0xx_HAL_Driver/Inc -I../Drivers/STM32G0xx_HAL_Driver/Inc/Legacy -I../Drivers/CMSIS/Device/ST/STM32G0xx/Include -I../Drivers/CMSIS/Include -O0 -ffunction-sections -fdata-sections -Wall -fstack-usage -MMD -MP -MF"Core/Src/sysmem.d" -MT"Core/Src/sysmem.o" --specs=nano.specs -mfloat-abi=soft -mthumb -o "Core/Src/sysmem.o"
arm-none-eabi-gcc "../Core/Src/system_stm32g0xx.c" -mcpu=cortex-m0plus -std=gnu11 -g3 -DDEBUG -DUSE_HAL_DRIVER -DSTM32G031xx -c -I../Core/Inc -I../Drivers/STM32G0xx_HAL_Driver/Inc -I../Drivers/STM32G0xx_HAL_Driver/Inc/Legacy -I../Drivers/CMSIS/Device/ST/STM32G0xx/Include -I../Drivers/CMSIS/Include -O0 -ffunction-sections -fdata-sections -Wall -fstack-usage -MMD -MP -MF"Core/Src/system_stm32g0xx.d" -MT"Core/Src/system_stm32g0xx.o" --specs=nano.specs -mfloat-abi=soft -mthumb -o "Core/Src/system_stm32g0xx.o"
arm-none-eabi-gcc -o "projeeee.elf" @"objects.list"   -mcpu=cortex-m0plus -T"C:\stm32\projeeee\STM32G031K8TX_FLASH.ld" --specs=nosys.specs -Wl,-Map="projeeee.map" -Wl,--gc-sections -static --specs=nano.specs -mfloat-abi=soft -mthumb -Wl,--start-group -lc -lm -Wl,--end-group
Finished building target: projeeee.elf
 
arm-none-eabi-size   projeeee.elf 
arm-none-eabi-objdump -h -S  projeeee.elf  > "projeeee.list"
arm-none-eabi-objcopy  -O binary  projeeee.elf  "projeeee.bin"
   text	   data	    bss	    dec	    hex	filename
   4240	     20	   1572	   5832	   16c8	projeeee.elf
Finished building: default.size.stdout
 
Finished building: projeeee.bin
 
Finished building: projeeee.list
 
00:05:12 **** Incremental Build of configuration Debug for project projeeee ****
make -j8 all 
arm-none-eabi-gcc "../Core/Src/bsp.c" -mcpu=cortex-m0plus -std=gnu11 -g3 -DDEBUG -DUSE_HAL_DRIVER -DSTM32G031xx -c -I../Core/Inc -I../Drivers/STM32G0xx_HAL_Driver/Inc -I../Drivers/STM32G0xx_HAL_Driver/Inc/Legacy -I../Drivers/CMSIS/Device/ST/STM32G0xx/Include -I../Drivers/CMSIS/Include -O0 -ffunction-sections -fdata-sections -Wall -fstack-usage -MMD -MP -MF"Core/Src/bsp.d" -MT"Core/Src/bsp.o" --specs=nano.specs -mfloat-abi=soft -mthumb -o "Core/Src/bsp.o"
arm-none-eabi-gcc "../Core/Src/main.c" -mcpu=cortex-m0plus -std=gnu11 -g3 -DDEBUG -DUSE_HAL_DRIVER -DSTM32G031xx -c -I../Core/Inc -I../Drivers/STM32G0xx_HAL_Driver/Inc -I../Drivers/STM32G0xx_HAL_Driver/Inc/Legacy -I../Drivers/CMSIS/Device/ST/STM32G0xx/Include -I../Drivers/CMSIS/Include -O0 -ffunction-sections -fdata-sections -Wall -fstack-usage -MMD -MP -MF"Core/Src/main.d" -MT"Core/Src/main.o" --specs=nano.specs -mfloat-abi=soft -mthumb -o "Core/Src/main.o"
../Core/Src/bsp.c:23:38: warning: excess elements in array initializer
   23 |   0x1aaa,0x1b6c,0x1c2f,0x1cf3,0x1db7,0x1e7b,0x1f40};
      |                                      ^~~~~~
../Core/Src/bsp.c:23:38: note: (near initialization for 'arr')
../Core/Src/bsp.c:23:45: warning: excess elements in array initializer
   23 |   0x1aaa,0x1b6c,0x1c2f,0x1cf3,0x1db7,0x1e7b,0x1f40};
      |                                             ^~~~~~
../Core/Src/bsp.c:23:45: note: (near initialization for 'arr')
../Core/Src/bsp.c:24:12: warning: 'freq' defined but not used [-Wunused-variable]
   24 | static int freq={50};
      |            ^~~~
../Core/Src/bsp.c:18:12: warning: 'arr' defined but not used [-Wunused-variable]
   18 | static int arr[255]={0x1f40,0x2004,0x20c8,0x218c,0x2250,0x2313,0x23d5,0x2497,0x2558,0x2618,0x26d7,0x2795,0x2852,0x290d,0x29c6,0x2a7e,0x2b35,0x2be9,0x2c9c,0x2d4c,0x2dfa,0x2ea6,0x2f50,0x2ff7,0x309c,0x313e,0x31dd,0x3279,0x3312,0x33a9,0x343c,0x34cb,0x3558,0x35e1,0x3667,0x36e9,0x3767,0x37e2,0x3859,0x38cc,0x393b,0x39a6,0x3a0d,0x3a70,0x3ace,0x3b29,0x3b7f,0x3bd1,0x3c1e,0x3c67,
      |            ^~~
../Core/Src/main.c: In function 'EXTI0_1_IRQHandler':
../Core/Src/main.c:11:11: warning: implicit declaration of function 'detectButton' [-Wimplicit-function-declaration]
   11 |  button = detectButton();
      |           ^~~~~~~~~~~~
../Core/Src/main.c: In function 'main':
../Core/Src/main.c:36:12: warning: implicit declaration of function 'number' [-Wimplicit-function-declaration]
   36 |   genlik = number();
      |            ^~~~~~
../Core/Src/main.c:37:3: warning: implicit declaration of function 'init_pwm2' [-Wimplicit-function-declaration]
   37 |   init_pwm2();
      |   ^~~~~~~~~
../Core/Src/main.c:41:10: warning: implicit declaration of function 'setting1' [-Wimplicit-function-declaration]
   41 |          setting1();
      |          ^~~~~~~~
../Core/Src/main.c:52:3: warning: implicit declaration of function 'setting' [-Wimplicit-function-declaration]
   52 |   setting();
      |   ^~~~~~~
../Core/Src/main.c:32:6: warning: variable 'genlik' set but not used [-Wunused-but-set-variable]
   32 |  int genlik,freq;
      |      ^~~~~~
../Core/Src/main.c: At top level:
../Core/Src/main.c:87:6: warning: conflicting types for 'setting'
   87 | void setting(){
      |      ^~~~~~~
../Core/Src/main.c:52:3: note: previous implicit declaration of 'setting' was here
   52 |   setting();
      |   ^~~~~~~
../Core/Src/main.c:96:6: warning: conflicting types for 'setting1'
   96 | void setting1(){
      |      ^~~~~~~~
../Core/Src/main.c:41:10: note: previous implicit declaration of 'setting1' was here
   41 |          setting1();
      |          ^~~~~~~~
arm-none-eabi-gcc -o "projeeee.elf" @"objects.list"   -mcpu=cortex-m0plus -T"C:\stm32\projeeee\STM32G031K8TX_FLASH.ld" --specs=nosys.specs -Wl,-Map="projeeee.map" -Wl,--gc-sections -static --specs=nano.specs -mfloat-abi=soft -mthumb -Wl,--start-group -lc -lm -Wl,--end-group
Finished building target: projeeee.elf
 
arm-none-eabi-size   projeeee.elf 
arm-none-eabi-objdump -h -S  projeeee.elf  > "projeeee.list"
arm-none-eabi-objcopy  -O binary  projeeee.elf  "projeeee.bin"
   text	   data	    bss	    dec	    hex	filename
   5444	     12	   1588	   7044	   1b84	projeeee.elf
Finished building: default.size.stdout
 
Finished building: projeeee.list
 
Finished building: projeeee.bin
 
00:05:59 **** Incremental Build of configuration Debug for project projeeee ****
make -j8 all 
arm-none-eabi-size   projeeee.elf 
   text	   data	    bss	    dec	    hex	filename
   5444	     12	   1588	   7044	   1b84	projeeee.elf
Finished building: default.size.stdout
 
00:20:08 **** Incremental Build of configuration Debug for project projeeee ****
make -j8 all 
arm-none-eabi-gcc "../Core/Src/main.c" -mcpu=cortex-m0plus -std=gnu11 -g3 -DDEBUG -DUSE_HAL_DRIVER -DSTM32G031xx -c -I../Core/Inc -I../Drivers/STM32G0xx_HAL_Driver/Inc -I../Drivers/STM32G0xx_HAL_Driver/Inc/Legacy -I../Drivers/CMSIS/Device/ST/STM32G0xx/Include -I../Drivers/CMSIS/Include -O0 -ffunction-sections -fdata-sections -Wall -fstack-usage -MMD -MP -MF"Core/Src/main.d" -MT"Core/Src/main.o" --specs=nano.specs -mfloat-abi=soft -mthumb -o "Core/Src/main.o"
../Core/Src/main.c: In function 'EXTI0_1_IRQHandler':
../Core/Src/main.c:11:11: warning: implicit declaration of function 'detectButton' [-Wimplicit-function-declaration]
   11 |  button = detectButton();
      |           ^~~~~~~~~~~~
../Core/Src/main.c: In function 'main':
../Core/Src/main.c:36:12: warning: implicit declaration of function 'number' [-Wimplicit-function-declaration]
   36 |   genlik = number();
      |            ^~~~~~
../Core/Src/main.c:37:3: warning: implicit declaration of function 'init_pwm2' [-Wimplicit-function-declaration]
   37 |   init_pwm2();
      |   ^~~~~~~~~
../Core/Src/main.c:41:10: warning: implicit declaration of function 'setting1' [-Wimplicit-function-declaration]
   41 |          setting1();
      |          ^~~~~~~~
../Core/Src/main.c:51:3: warning: implicit declaration of function 'setting' [-Wimplicit-function-declaration]
   51 |   setting();
      |   ^~~~~~~
../Core/Src/main.c:32:6: warning: variable 'genlik' set but not used [-Wunused-but-set-variable]
   32 |  int genlik,freq;
      |      ^~~~~~
../Core/Src/main.c: At top level:
../Core/Src/main.c:86:6: warning: conflicting types for 'setting'
   86 | void setting(){
      |      ^~~~~~~
../Core/Src/main.c:51:3: note: previous implicit declaration of 'setting' was here
   51 |   setting();
      |   ^~~~~~~
../Core/Src/main.c:95:6: warning: conflicting types for 'setting1'
   95 | void setting1(){
      |      ^~~~~~~~
../Core/Src/main.c:41:10: note: previous implicit declaration of 'setting1' was here
   41 |          setting1();
      |          ^~~~~~~~
arm-none-eabi-gcc -o "projeeee.elf" @"objects.list"   -mcpu=cortex-m0plus -T"C:\stm32\projeeee\STM32G031K8TX_FLASH.ld" --specs=nosys.specs -Wl,-Map="projeeee.map" -Wl,--gc-sections -static --specs=nano.specs -mfloat-abi=soft -mthumb -Wl,--start-group -lc -lm -Wl,--end-group
Finished building target: projeeee.elf
 
arm-none-eabi-size   projeeee.elf 
arm-none-eabi-objdump -h -S  projeeee.elf  > "projeeee.list"
arm-none-eabi-objcopy  -O binary  projeeee.elf  "projeeee.bin"
   text	   data	    bss	    dec	    hex	filename
   5440	     12	   1588	   7040	   1b80	projeeee.elf
Finished building: default.size.stdout
 
Finished building: projeeee.bin
Finished building: projeeee.list
 
 
00:20:45 **** Incremental Build of configuration Debug for project projeeee ****
make -j8 all 
arm-none-eabi-size   projeeee.elf 
   text	   data	    bss	    dec	    hex	filename
   5440	     12	   1588	   7040	   1b80	projeeee.elf
Finished building: default.size.stdout
 
00:24:34 **** Incremental Build of configuration Debug for project projeeee ****
make -j8 all 
arm-none-eabi-size   projeeee.elf 
   text	   data	    bss	    dec	    hex	filename
   5440	     12	   1588	   7040	   1b80	projeeee.elf
Finished building: default.size.stdout
 
00:24:58 **** Incremental Build of configuration Debug for project projeeee ****
make -j8 all 
arm-none-eabi-size   projeeee.elf 
   text	   data	    bss	    dec	    hex	filename
   5440	     12	   1588	   7040	   1b80	projeeee.elf
Finished building: default.size.stdout
 
00:29:16 **** Incremental Build of configuration Debug for project projeeee ****
make -j8 all 
arm-none-eabi-size   projeeee.elf 
   text	   data	    bss	    dec	    hex	filename
   5440	     12	   1588	   7040	   1b80	projeeee.elf
Finished building: default.size.stdout
 
00:29:39 **** Incremental Build of configuration Debug for project projeeee ****
make -j8 all 
arm-none-eabi-size   projeeee.elf 
   text	   data	    bss	    dec	    hex	filename
   5440	     12	   1588	   7040	   1b80	projeeee.elf
Finished building: default.size.stdout
 
00:29:49 **** Incremental Build of configuration Debug for project projeeee ****
make -j8 all 
arm-none-eabi-size   projeeee.elf 
   text	   data	    bss	    dec	    hex	filename
   5440	     12	   1588	   7040	   1b80	projeeee.elf
Finished building: default.size.stdout
 
00:32:55 **** Incremental Build of configuration Debug for project projeeee ****
make -j8 all 
arm-none-eabi-size   projeeee.elf 
   text	   data	    bss	    dec	    hex	filename
   5440	     12	   1588	   7040	   1b80	projeeee.elf
Finished building: default.size.stdout
 
00:33:47 **** Incremental Build of configuration Debug for project projeeee ****
make -j8 all 
arm-none-eabi-size   projeeee.elf 
   text	   data	    bss	    dec	    hex	filename
   5440	     12	   1588	   7040	   1b80	projeeee.elf
Finished building: default.size.stdout
 
00:34:03 **** Incremental Build of configuration Debug for project projeeee ****
make -j8 all 
arm-none-eabi-size   projeeee.elf 
   text	   data	    bss	    dec	    hex	filename
   5440	     12	   1588	   7040	   1b80	projeeee.elf
Finished building: default.size.stdout
 
00:34:17 **** Incremental Build of configuration Debug for project projeeee ****
make -j8 all 
arm-none-eabi-size   projeeee.elf 
   text	   data	    bss	    dec	    hex	filename
   5440	     12	   1588	   7040	   1b80	projeeee.elf
Finished building: default.size.stdout
 
00:38:04 **** Incremental Build of configuration Debug for project projeeee ****
make -j8 all 
arm-none-eabi-size   projeeee.elf 
   text	   data	    bss	    dec	    hex	filename
   5440	     12	   1588	   7040	   1b80	projeeee.elf
Finished building: default.size.stdout
 
00:38:20 **** Incremental Build of configuration Debug for project projeeee ****
make -j8 all 
arm-none-eabi-gcc "../Core/Src/main.c" -mcpu=cortex-m0plus -std=gnu11 -g3 -DDEBUG -DUSE_HAL_DRIVER -DSTM32G031xx -c -I../Core/Inc -I../Drivers/STM32G0xx_HAL_Driver/Inc -I../Drivers/STM32G0xx_HAL_Driver/Inc/Legacy -I../Drivers/CMSIS/Device/ST/STM32G0xx/Include -I../Drivers/CMSIS/Include -O0 -ffunction-sections -fdata-sections -Wall -fstack-usage -MMD -MP -MF"Core/Src/main.d" -MT"Core/Src/main.o" --specs=nano.specs -mfloat-abi=soft -mthumb -o "Core/Src/main.o"
../Core/Src/main.c: In function 'EXTI0_1_IRQHandler':
../Core/Src/main.c:11:11: warning: implicit declaration of function 'detectButton' [-Wimplicit-function-declaration]
   11 |  button = detectButton();
      |           ^~~~~~~~~~~~
../Core/Src/main.c: In function 'main':
../Core/Src/main.c:36:12: warning: implicit declaration of function 'number' [-Wimplicit-function-declaration]
   36 |   genlik = number();
      |            ^~~~~~
../Core/Src/main.c:37:3: warning: implicit declaration of function 'init_pwm2' [-Wimplicit-function-declaration]
   37 |   init_pwm2();
      |   ^~~~~~~~~
../Core/Src/main.c:41:10: warning: implicit declaration of function 'setting1' [-Wimplicit-function-declaration]
   41 |          setting1();
      |          ^~~~~~~~
../Core/Src/main.c:51:3: warning: implicit declaration of function 'setting' [-Wimplicit-function-declaration]
   51 |   setting();
      |   ^~~~~~~
../Core/Src/main.c:32:6: warning: variable 'genlik' set but not used [-Wunused-but-set-variable]
   32 |  int genlik,freq;
      |      ^~~~~~
../Core/Src/main.c: At top level:
../Core/Src/main.c:86:6: warning: conflicting types for 'setting'
   86 | void setting(){
      |      ^~~~~~~
../Core/Src/main.c:51:3: note: previous implicit declaration of 'setting' was here
   51 |   setting();
      |   ^~~~~~~
../Core/Src/main.c:95:6: warning: conflicting types for 'setting1'
   95 | void setting1(){
      |      ^~~~~~~~
../Core/Src/main.c:41:10: note: previous implicit declaration of 'setting1' was here
   41 |          setting1();
      |          ^~~~~~~~
arm-none-eabi-gcc -o "projeeee.elf" @"objects.list"   -mcpu=cortex-m0plus -T"C:\stm32\projeeee\STM32G031K8TX_FLASH.ld" --specs=nosys.specs -Wl,-Map="projeeee.map" -Wl,--gc-sections -static --specs=nano.specs -mfloat-abi=soft -mthumb -Wl,--start-group -lc -lm -Wl,--end-group
Finished building target: projeeee.elf
 
arm-none-eabi-size   projeeee.elf 
arm-none-eabi-objdump -h -S  projeeee.elf  > "projeeee.list"
arm-none-eabi-objcopy  -O binary  projeeee.elf  "projeeee.bin"
   text	   data	    bss	    dec	    hex	filename
   5440	     12	   1588	   7040	   1b80	projeeee.elf
Finished building: default.size.stdout
 
Finished building: projeeee.bin
 
Finished building: projeeee.list
 
00:38:34 **** Incremental Build of configuration Debug for project projeeee ****
make -j8 all 
arm-none-eabi-size   projeeee.elf 
   text	   data	    bss	    dec	    hex	filename
   5440	     12	   1588	   7040	   1b80	projeeee.elf
Finished building: default.size.stdout
 
00:39:51 **** Incremental Build of configuration Debug for project projeeee ****
make -j8 all 
arm-none-eabi-gcc "../Core/Src/main.c" -mcpu=cortex-m0plus -std=gnu11 -g3 -DDEBUG -DUSE_HAL_DRIVER -DSTM32G031xx -c -I../Core/Inc -I../Drivers/STM32G0xx_HAL_Driver/Inc -I../Drivers/STM32G0xx_HAL_Driver/Inc/Legacy -I../Drivers/CMSIS/Device/ST/STM32G0xx/Include -I../Drivers/CMSIS/Include -O0 -ffunction-sections -fdata-sections -Wall -fstack-usage -MMD -MP -MF"Core/Src/main.d" -MT"Core/Src/main.o" --specs=nano.specs -mfloat-abi=soft -mthumb -o "Core/Src/main.o"
../Core/Src/main.c: In function 'EXTI0_1_IRQHandler':
../Core/Src/main.c:11:11: warning: implicit declaration of function 'detectButton' [-Wimplicit-function-declaration]
   11 |  button = detectButton();
      |           ^~~~~~~~~~~~
../Core/Src/main.c: In function 'main':
../Core/Src/main.c:36:12: warning: implicit declaration of function 'number' [-Wimplicit-function-declaration]
   36 |   genlik = number();
      |            ^~~~~~
../Core/Src/main.c:37:3: warning: implicit declaration of function 'init_pwm2' [-Wimplicit-function-declaration]
   37 |   init_pwm2();
      |   ^~~~~~~~~
../Core/Src/main.c:41:10: warning: implicit declaration of function 'setting1' [-Wimplicit-function-declaration]
   41 |          setting1();
      |          ^~~~~~~~
../Core/Src/main.c:51:3: warning: implicit declaration of function 'setting' [-Wimplicit-function-declaration]
   51 |   setting();
      |   ^~~~~~~
../Core/Src/main.c:32:6: warning: variable 'genlik' set but not used [-Wunused-but-set-variable]
   32 |  int genlik,freq;
      |      ^~~~~~
../Core/Src/main.c: At top level:
../Core/Src/main.c:86:6: warning: conflicting types for 'setting'
   86 | void setting(){
      |      ^~~~~~~
../Core/Src/main.c:51:3: note: previous implicit declaration of 'setting' was here
   51 |   setting();
      |   ^~~~~~~
../Core/Src/main.c:95:6: warning: conflicting types for 'setting1'
   95 | void setting1(){
      |      ^~~~~~~~
../Core/Src/main.c:41:10: note: previous implicit declaration of 'setting1' was here
   41 |          setting1();
      |          ^~~~~~~~
arm-none-eabi-gcc -o "projeeee.elf" @"objects.list"   -mcpu=cortex-m0plus -T"C:\stm32\projeeee\STM32G031K8TX_FLASH.ld" --specs=nosys.specs -Wl,-Map="projeeee.map" -Wl,--gc-sections -static --specs=nano.specs -mfloat-abi=soft -mthumb -Wl,--start-group -lc -lm -Wl,--end-group
Finished building target: projeeee.elf
 
arm-none-eabi-size   projeeee.elf 
arm-none-eabi-objdump -h -S  projeeee.elf  > "projeeee.list"
arm-none-eabi-objcopy  -O binary  projeeee.elf  "projeeee.bin"
   text	   data	    bss	    dec	    hex	filename
   5444	     12	   1588	   7044	   1b84	projeeee.elf
Finished building: default.size.stdout
 
Finished building: projeeee.bin
 
Finished building: projeeee.list
 
00:40:04 **** Incremental Build of configuration Debug for project projeeee ****
make -j8 all 
arm-none-eabi-size   projeeee.elf 
   text	   data	    bss	    dec	    hex	filename
   5444	     12	   1588	   7044	   1b84	projeeee.elf
Finished building: default.size.stdout
 
00:40:15 **** Incremental Build of configuration Debug for project projeeee ****
make -j8 all 
arm-none-eabi-size   projeeee.elf 
   text	   data	    bss	    dec	    hex	filename
   5444	     12	   1588	   7044	   1b84	projeeee.elf
Finished building: default.size.stdout
 
00:44:53 **** Incremental Build of configuration Debug for project projeeee ****
make -j8 all 
arm-none-eabi-gcc "../Core/Src/main.c" -mcpu=cortex-m0plus -std=gnu11 -g3 -DDEBUG -DUSE_HAL_DRIVER -DSTM32G031xx -c -I../Core/Inc -I../Drivers/STM32G0xx_HAL_Driver/Inc -I../Drivers/STM32G0xx_HAL_Driver/Inc/Legacy -I../Drivers/CMSIS/Device/ST/STM32G0xx/Include -I../Drivers/CMSIS/Include -O0 -ffunction-sections -fdata-sections -Wall -fstack-usage -MMD -MP -MF"Core/Src/main.d" -MT"Core/Src/main.o" --specs=nano.specs -mfloat-abi=soft -mthumb -o "Core/Src/main.o"
../Core/Src/main.c: In function 'EXTI0_1_IRQHandler':
../Core/Src/main.c:11:11: warning: implicit declaration of function 'detectButton' [-Wimplicit-function-declaration]
   11 |  button = detectButton();
      |           ^~~~~~~~~~~~
../Core/Src/main.c: In function 'main':
../Core/Src/main.c:36:12: warning: implicit declaration of function 'number' [-Wimplicit-function-declaration]
   36 |   genlik = number();
      |            ^~~~~~
../Core/Src/main.c:37:3: warning: implicit declaration of function 'init_pwm2' [-Wimplicit-function-declaration]
   37 |   init_pwm2();
      |   ^~~~~~~~~
../Core/Src/main.c:41:10: warning: implicit declaration of function 'setting1' [-Wimplicit-function-declaration]
   41 |          setting1();
      |          ^~~~~~~~
../Core/Src/main.c:51:3: warning: implicit declaration of function 'setting' [-Wimplicit-function-declaration]
   51 |   setting();
      |   ^~~~~~~
../Core/Src/main.c:32:6: warning: variable 'genlik' set but not used [-Wunused-but-set-variable]
   32 |  int genlik,freq;
      |      ^~~~~~
../Core/Src/main.c: At top level:
../Core/Src/main.c:86:6: warning: conflicting types for 'setting'
   86 | void setting(){
      |      ^~~~~~~
../Core/Src/main.c:51:3: note: previous implicit declaration of 'setting' was here
   51 |   setting();
      |   ^~~~~~~
../Core/Src/main.c:95:6: warning: conflicting types for 'setting1'
   95 | void setting1(){
      |      ^~~~~~~~
../Core/Src/main.c:41:10: note: previous implicit declaration of 'setting1' was here
   41 |          setting1();
      |          ^~~~~~~~
arm-none-eabi-gcc -o "projeeee.elf" @"objects.list"   -mcpu=cortex-m0plus -T"C:\stm32\projeeee\STM32G031K8TX_FLASH.ld" --specs=nosys.specs -Wl,-Map="projeeee.map" -Wl,--gc-sections -static --specs=nano.specs -mfloat-abi=soft -mthumb -Wl,--start-group -lc -lm -Wl,--end-group
Finished building target: projeeee.elf
 
arm-none-eabi-size   projeeee.elf 
arm-none-eabi-objdump -h -S  projeeee.elf  > "projeeee.list"
arm-none-eabi-objcopy  -O binary  projeeee.elf  "projeeee.bin"
   text	   data	    bss	    dec	    hex	filename
   5448	     12	   1588	   7048	   1b88	projeeee.elf
Finished building: default.size.stdout
 
Finished building: projeeee.bin
Finished building: projeeee.list
 
 
00:45:41 **** Incremental Build of configuration Debug for project projeeee ****
make -j8 all 
arm-none-eabi-gcc "../Core/Src/main.c" -mcpu=cortex-m0plus -std=gnu11 -g3 -DDEBUG -DUSE_HAL_DRIVER -DSTM32G031xx -c -I../Core/Inc -I../Drivers/STM32G0xx_HAL_Driver/Inc -I../Drivers/STM32G0xx_HAL_Driver/Inc/Legacy -I../Drivers/CMSIS/Device/ST/STM32G0xx/Include -I../Drivers/CMSIS/Include -O0 -ffunction-sections -fdata-sections -Wall -fstack-usage -MMD -MP -MF"Core/Src/main.d" -MT"Core/Src/main.o" --specs=nano.specs -mfloat-abi=soft -mthumb -o "Core/Src/main.o"
../Core/Src/main.c: In function 'EXTI0_1_IRQHandler':
../Core/Src/main.c:11:11: warning: implicit declaration of function 'detectButton' [-Wimplicit-function-declaration]
   11 |  button = detectButton();
      |           ^~~~~~~~~~~~
../Core/Src/main.c: In function 'main':
../Core/Src/main.c:36:12: warning: implicit declaration of function 'number' [-Wimplicit-function-declaration]
   36 |   genlik = number();
      |            ^~~~~~
../Core/Src/main.c:37:3: warning: implicit declaration of function 'init_pwm2' [-Wimplicit-function-declaration]
   37 |   init_pwm2();
      |   ^~~~~~~~~
../Core/Src/main.c:41:10: warning: implicit declaration of function 'setting1' [-Wimplicit-function-declaration]
   41 |          setting1();
      |          ^~~~~~~~
../Core/Src/main.c:51:3: warning: implicit declaration of function 'setting' [-Wimplicit-function-declaration]
   51 |   setting();
      |   ^~~~~~~
../Core/Src/main.c:32:6: warning: variable 'genlik' set but not used [-Wunused-but-set-variable]
   32 |  int genlik,freq;
      |      ^~~~~~
../Core/Src/main.c: At top level:
../Core/Src/main.c:86:6: warning: conflicting types for 'setting'
   86 | void setting(){
      |      ^~~~~~~
../Core/Src/main.c:51:3: note: previous implicit declaration of 'setting' was here
   51 |   setting();
      |   ^~~~~~~
../Core/Src/main.c:95:6: warning: conflicting types for 'setting1'
   95 | void setting1(){
      |      ^~~~~~~~
../Core/Src/main.c:41:10: note: previous implicit declaration of 'setting1' was here
   41 |          setting1();
      |          ^~~~~~~~
arm-none-eabi-gcc -o "projeeee.elf" @"objects.list"   -mcpu=cortex-m0plus -T"C:\stm32\projeeee\STM32G031K8TX_FLASH.ld" --specs=nosys.specs -Wl,-Map="projeeee.map" -Wl,--gc-sections -static --specs=nano.specs -mfloat-abi=soft -mthumb -Wl,--start-group -lc -lm -Wl,--end-group
Finished building target: projeeee.elf
 
arm-none-eabi-size   projeeee.elf 
arm-none-eabi-objdump -h -S  projeeee.elf  > "projeeee.list"
arm-none-eabi-objcopy  -O binary  projeeee.elf  "projeeee.bin"
   text	   data	    bss	    dec	    hex	filename
   5448	     12	   1588	   7048	   1b88	projeeee.elf
Finished building: default.size.stdout
 
Finished building: projeeee.bin
Finished building: projeeee.list
 
 
00:45:52 **** Incremental Build of configuration Debug for project projeeee ****
make -j8 all 
arm-none-eabi-size   projeeee.elf 
   text	   data	    bss	    dec	    hex	filename
   5448	     12	   1588	   7048	   1b88	projeeee.elf
Finished building: default.size.stdout
 
00:57:29 **** Incremental Build of configuration Debug for project projeeee ****
make -j8 all 
arm-none-eabi-gcc "../Core/Src/bsp.c" -mcpu=cortex-m0plus -std=gnu11 -g3 -DDEBUG -DUSE_HAL_DRIVER -DSTM32G031xx -c -I../Core/Inc -I../Drivers/STM32G0xx_HAL_Driver/Inc -I../Drivers/STM32G0xx_HAL_Driver/Inc/Legacy -I../Drivers/CMSIS/Device/ST/STM32G0xx/Include -I../Drivers/CMSIS/Include -O0 -ffunction-sections -fdata-sections -Wall -fstack-usage -MMD -MP -MF"Core/Src/bsp.d" -MT"Core/Src/bsp.o" --specs=nano.specs -mfloat-abi=soft -mthumb -o "Core/Src/bsp.o"
arm-none-eabi-gcc "../Core/Src/main.c" -mcpu=cortex-m0plus -std=gnu11 -g3 -DDEBUG -DUSE_HAL_DRIVER -DSTM32G031xx -c -I../Core/Inc -I../Drivers/STM32G0xx_HAL_Driver/Inc -I../Drivers/STM32G0xx_HAL_Driver/Inc/Legacy -I../Drivers/CMSIS/Device/ST/STM32G0xx/Include -I../Drivers/CMSIS/Include -O0 -ffunction-sections -fdata-sections -Wall -fstack-usage -MMD -MP -MF"Core/Src/main.d" -MT"Core/Src/main.o" --specs=nano.specs -mfloat-abi=soft -mthumb -o "Core/Src/main.o"
../Core/Src/bsp.c:23:38: warning: excess elements in array initializer
   23 |   0x1aaa,0x1b6c,0x1c2f,0x1cf3,0x1db7,0x1e7b,0x1f40};
      |                                      ^~~~~~
../Core/Src/bsp.c:23:38: note: (near initialization for 'arr')
../Core/Src/bsp.c:23:45: warning: excess elements in array initializer
   23 |   0x1aaa,0x1b6c,0x1c2f,0x1cf3,0x1db7,0x1e7b,0x1f40};
      |                                             ^~~~~~
../Core/Src/bsp.c:23:45: note: (near initialization for 'arr')
../Core/Src/main.c: In function 'EXTI0_1_IRQHandler':
../Core/Src/main.c:11:11: warning: implicit declaration of function 'detectButton' [-Wimplicit-function-declaration]
   11 |  button = detectButton();
      |           ^~~~~~~~~~~~
../Core/Src/main.c: In function 'main':
../Core/Src/main.c:38:12: warning: implicit declaration of function 'number' [-Wimplicit-function-declaration]
   38 |   genlik = number();
      |            ^~~~~~
../Core/Src/main.c:39:3: warning: implicit declaration of function 'init_pwm2' [-Wimplicit-function-declaration]
   39 |   init_pwm2();
      |   ^~~~~~~~~
../Core/Src/bsp.c:24:12: warning: 'freq' defined but not used [-Wunused-variable]
   24 | static int freq={50};
      |            ^~~~
../Core/Src/bsp.c:18:12: warning: 'arr' defined but not used [-Wunused-variable]
   18 | static int arr[255]={0x1f40,0x2004,0x20c8,0x218c,0x2250,0x2313,0x23d5,0x2497,0x2558,0x2618,0x26d7,0x2795,0x2852,0x290d,0x29c6,0x2a7e,0x2b35,0x2be9,0x2c9c,0x2d4c,0x2dfa,0x2ea6,0x2f50,0x2ff7,0x309c,0x313e,0x31dd,0x3279,0x3312,0x33a9,0x343c,0x34cb,0x3558,0x35e1,0x3667,0x36e9,0x3767,0x37e2,0x3859,0x38cc,0x393b,0x39a6,0x3a0d,0x3a70,0x3ace,0x3b29,0x3b7f,0x3bd1,0x3c1e,0x3c67,
      |            ^~~
../Core/Src/main.c:43:10: warning: implicit declaration of function 'setting1' [-Wimplicit-function-declaration]
   43 |          setting1();
      |          ^~~~~~~~
../Core/Src/main.c:53:3: warning: implicit declaration of function 'setting' [-Wimplicit-function-declaration]
   53 |   setting();
      |   ^~~~~~~
../Core/Src/main.c:34:6: warning: variable 'genlik' set but not used [-Wunused-but-set-variable]
   34 |  int genlik,freq;
      |      ^~~~~~
../Core/Src/main.c: At top level:
../Core/Src/main.c:88:6: warning: conflicting types for 'setting'
   88 | void setting(){
      |      ^~~~~~~
../Core/Src/main.c:53:3: note: previous implicit declaration of 'setting' was here
   53 |   setting();
      |   ^~~~~~~
../Core/Src/main.c:97:6: warning: conflicting types for 'setting1'
   97 | void setting1(){
      |      ^~~~~~~~
../Core/Src/main.c:43:10: note: previous implicit declaration of 'setting1' was here
   43 |          setting1();
      |          ^~~~~~~~
arm-none-eabi-gcc -o "projeeee.elf" @"objects.list"   -mcpu=cortex-m0plus -T"C:\stm32\projeeee\STM32G031K8TX_FLASH.ld" --specs=nosys.specs -Wl,-Map="projeeee.map" -Wl,--gc-sections -static --specs=nano.specs -mfloat-abi=soft -mthumb -Wl,--start-group -lc -lm -Wl,--end-group
Finished building target: projeeee.elf
 
arm-none-eabi-size   projeeee.elf 
arm-none-eabi-objdump -h -S  projeeee.elf  > "projeeee.list"
arm-none-eabi-objcopy  -O binary  projeeee.elf  "projeeee.bin"
   text	   data	    bss	    dec	    hex	filename
   5480	     12	   1588	   7080	   1ba8	projeeee.elf
Finished building: default.size.stdout
 
Finished building: projeeee.bin
 
Finished building: projeeee.list
 
00:58:49 **** Incremental Build of configuration Debug for project projeeee ****
make -j8 all 
arm-none-eabi-size   projeeee.elf 
   text	   data	    bss	    dec	    hex	filename
   5480	     12	   1588	   7080	   1ba8	projeeee.elf
Finished building: default.size.stdout
 
00:59:11 **** Incremental Build of configuration Debug for project projeeee ****
make -j8 all 
arm-none-eabi-size   projeeee.elf 
   text	   data	    bss	    dec	    hex	filename
   5480	     12	   1588	   7080	   1ba8	projeeee.elf
Finished building: default.size.stdout
 
00:59:17 **** Incremental Build of configuration Debug for project projeeee ****
make -j8 all 
arm-none-eabi-size   projeeee.elf 
   text	   data	    bss	    dec	    hex	filename
   5480	     12	   1588	   7080	   1ba8	projeeee.elf
Finished building: default.size.stdout
 
01:00:33 **** Incremental Build of configuration Debug for project projeeee ****
make -j8 all 
arm-none-eabi-size   projeeee.elf 
   text	   data	    bss	    dec	    hex	filename
   5480	     12	   1588	   7080	   1ba8	projeeee.elf
Finished building: default.size.stdout
 
01:00:47 **** Incremental Build of configuration Debug for project projeeee ****
make -j8 all 
arm-none-eabi-size   projeeee.elf 
   text	   data	    bss	    dec	    hex	filename
   5480	     12	   1588	   7080	   1ba8	projeeee.elf
Finished building: default.size.stdout
 
01:02:02 **** Incremental Build of configuration Debug for project projeeee ****
make -j8 all 
arm-none-eabi-gcc "../Core/Src/main.c" -mcpu=cortex-m0plus -std=gnu11 -g3 -DDEBUG -DUSE_HAL_DRIVER -DSTM32G031xx -c -I../Core/Inc -I../Drivers/STM32G0xx_HAL_Driver/Inc -I../Drivers/STM32G0xx_HAL_Driver/Inc/Legacy -I../Drivers/CMSIS/Device/ST/STM32G0xx/Include -I../Drivers/CMSIS/Include -O0 -ffunction-sections -fdata-sections -Wall -fstack-usage -MMD -MP -MF"Core/Src/main.d" -MT"Core/Src/main.o" --specs=nano.specs -mfloat-abi=soft -mthumb -o "Core/Src/main.o"
../Core/Src/main.c: In function 'EXTI0_1_IRQHandler':
../Core/Src/main.c:11:11: warning: implicit declaration of function 'detectButton' [-Wimplicit-function-declaration]
   11 |  button = detectButton();
      |           ^~~~~~~~~~~~
../Core/Src/main.c: In function 'main':
../Core/Src/main.c:38:12: warning: implicit declaration of function 'number' [-Wimplicit-function-declaration]
   38 |   genlik = number();
      |            ^~~~~~
../Core/Src/main.c:39:3: warning: implicit declaration of function 'init_pwm2' [-Wimplicit-function-declaration]
   39 |   init_pwm2();
      |   ^~~~~~~~~
../Core/Src/main.c:43:10: warning: implicit declaration of function 'setting1' [-Wimplicit-function-declaration]
   43 |          setting1();
      |          ^~~~~~~~
../Core/Src/main.c:53:3: warning: implicit declaration of function 'setting' [-Wimplicit-function-declaration]
   53 |   setting();
      |   ^~~~~~~
../Core/Src/main.c:34:6: warning: variable 'genlik' set but not used [-Wunused-but-set-variable]
   34 |  int genlik,freq;
      |      ^~~~~~
../Core/Src/main.c: At top level:
../Core/Src/main.c:88:6: warning: conflicting types for 'setting'
   88 | void setting(){
      |      ^~~~~~~
../Core/Src/main.c:53:3: note: previous implicit declaration of 'setting' was here
   53 |   setting();
      |   ^~~~~~~
../Core/Src/main.c:97:6: warning: conflicting types for 'setting1'
   97 | void setting1(){
      |      ^~~~~~~~
../Core/Src/main.c:43:10: note: previous implicit declaration of 'setting1' was here
   43 |          setting1();
      |          ^~~~~~~~
arm-none-eabi-gcc -o "projeeee.elf" @"objects.list"   -mcpu=cortex-m0plus -T"C:\stm32\projeeee\STM32G031K8TX_FLASH.ld" --specs=nosys.specs -Wl,-Map="projeeee.map" -Wl,--gc-sections -static --specs=nano.specs -mfloat-abi=soft -mthumb -Wl,--start-group -lc -lm -Wl,--end-group
Finished building target: projeeee.elf
 
arm-none-eabi-size   projeeee.elf 
arm-none-eabi-objdump -h -S  projeeee.elf  > "projeeee.list"
arm-none-eabi-objcopy  -O binary  projeeee.elf  "projeeee.bin"
   text	   data	    bss	    dec	    hex	filename
   5484	     12	   1588	   7084	   1bac	projeeee.elf
Finished building: default.size.stdout
 
Finished building: projeeee.bin
Finished building: projeeee.list
 
 
01:02:13 **** Incremental Build of configuration Debug for project projeeee ****
make -j8 all 
arm-none-eabi-size   projeeee.elf 
   text	   data	    bss	    dec	    hex	filename
   5484	     12	   1588	   7084	   1bac	projeeee.elf
Finished building: default.size.stdout
 
01:07:16 **** Incremental Build of configuration Debug for project projeeee ****
make -j8 all 
arm-none-eabi-gcc "../Core/Src/bsp.c" -mcpu=cortex-m0plus -std=gnu11 -g3 -DDEBUG -DUSE_HAL_DRIVER -DSTM32G031xx -c -I../Core/Inc -I../Drivers/STM32G0xx_HAL_Driver/Inc -I../Drivers/STM32G0xx_HAL_Driver/Inc/Legacy -I../Drivers/CMSIS/Device/ST/STM32G0xx/Include -I../Drivers/CMSIS/Include -O0 -ffunction-sections -fdata-sections -Wall -fstack-usage -MMD -MP -MF"Core/Src/bsp.d" -MT"Core/Src/bsp.o" --specs=nano.specs -mfloat-abi=soft -mthumb -o "Core/Src/bsp.o"
arm-none-eabi-gcc "../Core/Src/main.c" -mcpu=cortex-m0plus -std=gnu11 -g3 -DDEBUG -DUSE_HAL_DRIVER -DSTM32G031xx -c -I../Core/Inc -I../Drivers/STM32G0xx_HAL_Driver/Inc -I../Drivers/STM32G0xx_HAL_Driver/Inc/Legacy -I../Drivers/CMSIS/Device/ST/STM32G0xx/Include -I../Drivers/CMSIS/Include -O0 -ffunction-sections -fdata-sections -Wall -fstack-usage -MMD -MP -MF"Core/Src/main.d" -MT"Core/Src/main.o" --specs=nano.specs -mfloat-abi=soft -mthumb -o "Core/Src/main.o"
../Core/Src/bsp.c:23:38: warning: excess elements in array initializer
   23 |   0x1aaa,0x1b6c,0x1c2f,0x1cf3,0x1db7,0x1e7b,0x1f40};
      |                                      ^~~~~~
../Core/Src/bsp.c:23:38: note: (near initialization for 'arr')
../Core/Src/bsp.c:23:45: warning: excess elements in array initializer
   23 |   0x1aaa,0x1b6c,0x1c2f,0x1cf3,0x1db7,0x1e7b,0x1f40};
      |                                             ^~~~~~
../Core/Src/bsp.c:23:45: note: (near initialization for 'arr')
../Core/Src/bsp.c:24:12: warning: 'freq' defined but not used [-Wunused-variable]
   24 | static int freq={50};
      |            ^~~~
../Core/Src/bsp.c:18:12: warning: 'arr' defined but not used [-Wunused-variable]
   18 | static int arr[255]={0x1f40,0x2004,0x20c8,0x218c,0x2250,0x2313,0x23d5,0x2497,0x2558,0x2618,0x26d7,0x2795,0x2852,0x290d,0x29c6,0x2a7e,0x2b35,0x2be9,0x2c9c,0x2d4c,0x2dfa,0x2ea6,0x2f50,0x2ff7,0x309c,0x313e,0x31dd,0x3279,0x3312,0x33a9,0x343c,0x34cb,0x3558,0x35e1,0x3667,0x36e9,0x3767,0x37e2,0x3859,0x38cc,0x393b,0x39a6,0x3a0d,0x3a70,0x3ace,0x3b29,0x3b7f,0x3bd1,0x3c1e,0x3c67,
      |            ^~~
../Core/Src/main.c: In function 'EXTI0_1_IRQHandler':
../Core/Src/main.c:11:11: warning: implicit declaration of function 'detectButton' [-Wimplicit-function-declaration]
   11 |  button = detectButton();
      |           ^~~~~~~~~~~~
../Core/Src/main.c: In function 'main':
../Core/Src/main.c:38:12: warning: implicit declaration of function 'number' [-Wimplicit-function-declaration]
   38 |   genlik = number();
      |            ^~~~~~
../Core/Src/main.c:39:3: warning: implicit declaration of function 'init_pwm2' [-Wimplicit-function-declaration]
   39 |   init_pwm2();
      |   ^~~~~~~~~
../Core/Src/main.c:43:10: warning: implicit declaration of function 'setting1' [-Wimplicit-function-declaration]
   43 |          setting1();
      |          ^~~~~~~~
../Core/Src/main.c:53:3: warning: implicit declaration of function 'setting' [-Wimplicit-function-declaration]
   53 |   setting();
      |   ^~~~~~~
../Core/Src/main.c:34:6: warning: variable 'genlik' set but not used [-Wunused-but-set-variable]
   34 |  int genlik,freq;
      |      ^~~~~~
../Core/Src/main.c: At top level:
../Core/Src/main.c:88:6: warning: conflicting types for 'setting'
   88 | void setting(){
      |      ^~~~~~~
../Core/Src/main.c:53:3: note: previous implicit declaration of 'setting' was here
   53 |   setting();
      |   ^~~~~~~
../Core/Src/main.c:97:6: warning: conflicting types for 'setting1'
   97 | void setting1(){
      |      ^~~~~~~~
../Core/Src/main.c:43:10: note: previous implicit declaration of 'setting1' was here
   43 |          setting1();
      |          ^~~~~~~~
arm-none-eabi-gcc -o "projeeee.elf" @"objects.list"   -mcpu=cortex-m0plus -T"C:\stm32\projeeee\STM32G031K8TX_FLASH.ld" --specs=nosys.specs -Wl,-Map="projeeee.map" -Wl,--gc-sections -static --specs=nano.specs -mfloat-abi=soft -mthumb -Wl,--start-group -lc -lm -Wl,--end-group
Finished building target: projeeee.elf
 
arm-none-eabi-size   projeeee.elf 
arm-none-eabi-objdump -h -S  projeeee.elf  > "projeeee.list"
arm-none-eabi-objcopy  -O binary  projeeee.elf  "projeeee.bin"
   text	   data	    bss	    dec	    hex	filename
   5484	     12	   1588	   7084	   1bac	projeeee.elf
Finished building: default.size.stdout
 
Finished building: projeeee.bin
 
Finished building: projeeee.list
 
01:07:28 **** Incremental Build of configuration Debug for project projeeee ****
make -j8 all 
arm-none-eabi-size   projeeee.elf 
   text	   data	    bss	    dec	    hex	filename
   5484	     12	   1588	   7084	   1bac	projeeee.elf
Finished building: default.size.stdout
 
01:22:38 **** Incremental Build of configuration Debug for project projeeee ****
make -j8 all 
arm-none-eabi-gcc "../Core/Src/bsp.c" -mcpu=cortex-m0plus -std=gnu11 -g3 -DDEBUG -DUSE_HAL_DRIVER -DSTM32G031xx -c -I../Core/Inc -I../Drivers/STM32G0xx_HAL_Driver/Inc -I../Drivers/STM32G0xx_HAL_Driver/Inc/Legacy -I../Drivers/CMSIS/Device/ST/STM32G0xx/Include -I../Drivers/CMSIS/Include -O0 -ffunction-sections -fdata-sections -Wall -fstack-usage -MMD -MP -MF"Core/Src/bsp.d" -MT"Core/Src/bsp.o" --specs=nano.specs -mfloat-abi=soft -mthumb -o "Core/Src/bsp.o"
arm-none-eabi-gcc "../Core/Src/main.c" -mcpu=cortex-m0plus -std=gnu11 -g3 -DDEBUG -DUSE_HAL_DRIVER -DSTM32G031xx -c -I../Core/Inc -I../Drivers/STM32G0xx_HAL_Driver/Inc -I../Drivers/STM32G0xx_HAL_Driver/Inc/Legacy -I../Drivers/CMSIS/Device/ST/STM32G0xx/Include -I../Drivers/CMSIS/Include -O0 -ffunction-sections -fdata-sections -Wall -fstack-usage -MMD -MP -MF"Core/Src/main.d" -MT"Core/Src/main.o" --specs=nano.specs -mfloat-abi=soft -mthumb -o "Core/Src/main.o"
../Core/Src/bsp.c:23:38: warning: excess elements in array initializer
   23 |   0x1aaa,0x1b6c,0x1c2f,0x1cf3,0x1db7,0x1e7b,0x1f40};
      |                                      ^~~~~~
../Core/Src/bsp.c:23:38: note: (near initialization for 'arr')
../Core/Src/bsp.c:23:45: warning: excess elements in array initializer
   23 |   0x1aaa,0x1b6c,0x1c2f,0x1cf3,0x1db7,0x1e7b,0x1f40};
      |                                             ^~~~~~
../Core/Src/bsp.c:23:45: note: (near initialization for 'arr')
../Core/Src/bsp.c:24:12: warning: 'freq' defined but not used [-Wunused-variable]
   24 | static int freq={50};
      |            ^~~~
../Core/Src/bsp.c:18:12: warning: 'arr' defined but not used [-Wunused-variable]
   18 | static int arr[255]={0x1f40,0x2004,0x20c8,0x218c,0x2250,0x2313,0x23d5,0x2497,0x2558,0x2618,0x26d7,0x2795,0x2852,0x290d,0x29c6,0x2a7e,0x2b35,0x2be9,0x2c9c,0x2d4c,0x2dfa,0x2ea6,0x2f50,0x2ff7,0x309c,0x313e,0x31dd,0x3279,0x3312,0x33a9,0x343c,0x34cb,0x3558,0x35e1,0x3667,0x36e9,0x3767,0x37e2,0x3859,0x38cc,0x393b,0x39a6,0x3a0d,0x3a70,0x3ace,0x3b29,0x3b7f,0x3bd1,0x3c1e,0x3c67,
      |            ^~~
../Core/Src/main.c: In function 'EXTI0_1_IRQHandler':
../Core/Src/main.c:11:11: warning: implicit declaration of function 'detectButton' [-Wimplicit-function-declaration]
   11 |  button = detectButton();
      |           ^~~~~~~~~~~~
../Core/Src/main.c: In function 'main':
../Core/Src/main.c:37:12: warning: implicit declaration of function 'number' [-Wimplicit-function-declaration]
   37 |   genlik = number();
      |            ^~~~~~
../Core/Src/main.c:38:3: warning: implicit declaration of function 'init_pwma' [-Wimplicit-function-declaration]
   38 |   init_pwma(genlik);
      |   ^~~~~~~~~
../Core/Src/main.c:39:3: warning: implicit declaration of function 'setting1' [-Wimplicit-function-declaration]
   39 |   setting1();
      |   ^~~~~~~~
../Core/Src/main.c:34:13: warning: unused variable 'freq' [-Wunused-variable]
   34 |  int genlik,freq;
      |             ^~~~
../Core/Src/main.c: At top level:
../Core/Src/main.c:42:2: error: expected identifier or '(' before 'else'
   42 |  else if(button==11){
      |  ^~~~
../Core/Src/main.c:47:5: error: expected identifier or '(' before 'return'
   47 |     return 0;
      |     ^~~~~~
../Core/Src/main.c:48:1: error: expected identifier or '(' before '}' token
   48 | }
      | ^
../Core/Src/main.c: In function 'init_pwmf':
../Core/Src/main.c:77:6: warning: type of 'freq' defaults to 'int' [-Wimplicit-int]
   77 | void init_pwmf(freq){
      |      ^~~~~~~~~
../Core/Src/main.c:105:9: error: 'freq' redeclared as different kind of symbol
  105 |     int freq;
      |         ^~~~
../Core/Src/main.c:77:6: note: previous definition of 'freq' was here
   77 | void init_pwmf(freq){
      |      ^~~~~~~~~
../Core/Src/main.c: At top level:
../Core/Src/main.c:126:6: warning: conflicting types for 'init_pwma'
  126 | void init_pwma( genlik ){
      |      ^~~~~~~~~
../Core/Src/main.c:38:3: note: previous implicit declaration of 'init_pwma' was here
   38 |   init_pwma(genlik);
      |   ^~~~~~~~~
../Core/Src/main.c: In function 'init_pwma':
../Core/Src/main.c:126:6: warning: type of 'genlik' defaults to 'int' [-Wimplicit-int]
  126 | void init_pwma( genlik ){
      |      ^~~~~~~~~
../Core/Src/main.c:160:9: error: 'genlik' redeclared as different kind of symbol
  160 |     int genlik;
      |         ^~~~~~
../Core/Src/main.c:126:6: note: previous definition of 'genlik' was here
  126 | void init_pwma( genlik ){
      |      ^~~~~~~~~
../Core/Src/main.c: At top level:
../Core/Src/main.c:189:6: warning: conflicting types for 'setting1'
  189 | void setting1(){
      |      ^~~~~~~~
../Core/Src/main.c:39:3: note: previous implicit declaration of 'setting1' was here
   39 |   setting1();
      |   ^~~~~~~~
make: *** [Core/Src/subdir.mk:37: Core/Src/main.o] Error 1
make: *** Waiting for unfinished jobs....
"make -j8 all" terminated with exit code 2. Build might be incomplete.
01:23:25 **** Incremental Build of configuration Debug for project projeeee ****
make -j8 all 
arm-none-eabi-gcc "../Core/Src/main.c" -mcpu=cortex-m0plus -std=gnu11 -g3 -DDEBUG -DUSE_HAL_DRIVER -DSTM32G031xx -c -I../Core/Inc -I../Drivers/STM32G0xx_HAL_Driver/Inc -I../Drivers/STM32G0xx_HAL_Driver/Inc/Legacy -I../Drivers/CMSIS/Device/ST/STM32G0xx/Include -I../Drivers/CMSIS/Include -O0 -ffunction-sections -fdata-sections -Wall -fstack-usage -MMD -MP -MF"Core/Src/main.d" -MT"Core/Src/main.o" --specs=nano.specs -mfloat-abi=soft -mthumb -o "Core/Src/main.o"
../Core/Src/main.c: In function 'EXTI0_1_IRQHandler':
../Core/Src/main.c:11:11: warning: implicit declaration of function 'detectButton' [-Wimplicit-function-declaration]
   11 |  button = detectButton();
      |           ^~~~~~~~~~~~
../Core/Src/main.c: In function 'main':
../Core/Src/main.c:37:12: warning: implicit declaration of function 'number' [-Wimplicit-function-declaration]
   37 |   genlik = number();
      |            ^~~~~~
../Core/Src/main.c:38:3: warning: implicit declaration of function 'init_pwma' [-Wimplicit-function-declaration]
   38 |   init_pwma(genlik);
      |   ^~~~~~~~~
../Core/Src/main.c:39:3: warning: implicit declaration of function 'setting1' [-Wimplicit-function-declaration]
   39 |   setting1();
      |   ^~~~~~~~
../Core/Src/main.c:44:3: warning: implicit declaration of function 'init_pwmf' [-Wimplicit-function-declaration]
   44 |   init_pwmf(freq);
      |   ^~~~~~~~~
../Core/Src/main.c:45:3: warning: implicit declaration of function 'setting' [-Wimplicit-function-declaration]
   45 |   setting();
      |   ^~~~~~~
../Core/Src/main.c: At top level:
../Core/Src/main.c:77:6: warning: conflicting types for 'init_pwmf'
   77 | void init_pwmf(freq){
      |      ^~~~~~~~~
../Core/Src/main.c:44:3: note: previous implicit declaration of 'init_pwmf' was here
   44 |   init_pwmf(freq);
      |   ^~~~~~~~~
../Core/Src/main.c: In function 'init_pwmf':
../Core/Src/main.c:77:6: warning: type of 'freq' defaults to 'int' [-Wimplicit-int]
   77 | void init_pwmf(freq){
      |      ^~~~~~~~~
../Core/Src/main.c:105:9: error: 'freq' redeclared as different kind of symbol
  105 |     int freq;
      |         ^~~~
../Core/Src/main.c:77:6: note: previous definition of 'freq' was here
   77 | void init_pwmf(freq){
      |      ^~~~~~~~~
../Core/Src/main.c: At top level:
../Core/Src/main.c:126:6: warning: conflicting types for 'init_pwma'
  126 | void init_pwma( genlik ){
      |      ^~~~~~~~~
../Core/Src/main.c:38:3: note: previous implicit declaration of 'init_pwma' was here
   38 |   init_pwma(genlik);
      |   ^~~~~~~~~
../Core/Src/main.c: In function 'init_pwma':
../Core/Src/main.c:126:6: warning: type of 'genlik' defaults to 'int' [-Wimplicit-int]
  126 | void init_pwma( genlik ){
      |      ^~~~~~~~~
../Core/Src/main.c:160:9: error: 'genlik' redeclared as different kind of symbol
  160 |     int genlik;
      |         ^~~~~~
../Core/Src/main.c:126:6: note: previous definition of 'genlik' was here
  126 | void init_pwma( genlik ){
      |      ^~~~~~~~~
../Core/Src/main.c: At top level:
../Core/Src/main.c:180:6: warning: conflicting types for 'setting'
  180 | void setting(){
      |      ^~~~~~~
../Core/Src/main.c:45:3: note: previous implicit declaration of 'setting' was here
   45 |   setting();
      |   ^~~~~~~
../Core/Src/main.c:189:6: warning: conflicting types for 'setting1'
  189 | void setting1(){
      |      ^~~~~~~~
../Core/Src/main.c:39:3: note: previous implicit declaration of 'setting1' was here
   39 |   setting1();
      |   ^~~~~~~~
make: *** [Core/Src/subdir.mk:37: Core/Src/main.o] Error 1
"make -j8 all" terminated with exit code 2. Build might be incomplete.
01:24:14 **** Incremental Build of configuration Debug for project projeeee ****
make -j8 all 
arm-none-eabi-gcc "../Core/Src/main.c" -mcpu=cortex-m0plus -std=gnu11 -g3 -DDEBUG -DUSE_HAL_DRIVER -DSTM32G031xx -c -I../Core/Inc -I../Drivers/STM32G0xx_HAL_Driver/Inc -I../Drivers/STM32G0xx_HAL_Driver/Inc/Legacy -I../Drivers/CMSIS/Device/ST/STM32G0xx/Include -I../Drivers/CMSIS/Include -O0 -ffunction-sections -fdata-sections -Wall -fstack-usage -MMD -MP -MF"Core/Src/main.d" -MT"Core/Src/main.o" --specs=nano.specs -mfloat-abi=soft -mthumb -o "Core/Src/main.o"
../Core/Src/main.c: In function 'EXTI0_1_IRQHandler':
../Core/Src/main.c:11:11: warning: implicit declaration of function 'detectButton' [-Wimplicit-function-declaration]
   11 |  button = detectButton();
      |           ^~~~~~~~~~~~
../Core/Src/main.c: In function 'main':
../Core/Src/main.c:37:12: warning: implicit declaration of function 'number' [-Wimplicit-function-declaration]
   37 |   genlik = number();
      |            ^~~~~~
../Core/Src/main.c:38:3: warning: implicit declaration of function 'init_pwma' [-Wimplicit-function-declaration]
   38 |   init_pwma(genlik);
      |   ^~~~~~~~~
../Core/Src/main.c:39:3: warning: implicit declaration of function 'setting1' [-Wimplicit-function-declaration]
   39 |   setting1();
      |   ^~~~~~~~
../Core/Src/main.c:44:3: warning: implicit declaration of function 'init_pwmf' [-Wimplicit-function-declaration]
   44 |   init_pwmf(freq);
      |   ^~~~~~~~~
../Core/Src/main.c:45:3: warning: implicit declaration of function 'setting' [-Wimplicit-function-declaration]
   45 |   setting();
      |   ^~~~~~~
../Core/Src/main.c: At top level:
../Core/Src/main.c:77:6: warning: conflicting types for 'init_pwmf'
   77 | void init_pwmf(int freq){
      |      ^~~~~~~~~
../Core/Src/main.c:44:3: note: previous implicit declaration of 'init_pwmf' was here
   44 |   init_pwmf(freq);
      |   ^~~~~~~~~
../Core/Src/main.c:126:6: warning: conflicting types for 'init_pwma'
  126 | void init_pwma(int genlik ){
      |      ^~~~~~~~~
../Core/Src/main.c:38:3: note: previous implicit declaration of 'init_pwma' was here
   38 |   init_pwma(genlik);
      |   ^~~~~~~~~
../Core/Src/main.c:180:6: warning: conflicting types for 'setting'
  180 | void setting(){
      |      ^~~~~~~
../Core/Src/main.c:45:3: note: previous implicit declaration of 'setting' was here
   45 |   setting();
      |   ^~~~~~~
../Core/Src/main.c:189:6: warning: conflicting types for 'setting1'
  189 | void setting1(){
      |      ^~~~~~~~
../Core/Src/main.c:39:3: note: previous implicit declaration of 'setting1' was here
   39 |   setting1();
      |   ^~~~~~~~
arm-none-eabi-gcc -o "projeeee.elf" @"objects.list"   -mcpu=cortex-m0plus -T"C:\stm32\projeeee\STM32G031K8TX_FLASH.ld" --specs=nosys.specs -Wl,-Map="projeeee.map" -Wl,--gc-sections -static --specs=nano.specs -mfloat-abi=soft -mthumb -Wl,--start-group -lc -lm -Wl,--end-group
Finished building target: projeeee.elf
 
arm-none-eabi-size   projeeee.elf 
arm-none-eabi-objdump -h -S  projeeee.elf  > "projeeee.list"
arm-none-eabi-objcopy  -O binary  projeeee.elf  "projeeee.bin"
   text	   data	    bss	    dec	    hex	filename
   6004	     12	   1588	   7604	   1db4	projeeee.elf
Finished building: default.size.stdout
 
Finished building: projeeee.bin
 
Finished building: projeeee.list
 
01:24:16 **** Incremental Build of configuration Debug for project projeeee ****
make -j8 all 
arm-none-eabi-size   projeeee.elf 
   text	   data	    bss	    dec	    hex	filename
   6004	     12	   1588	   7604	   1db4	projeeee.elf
Finished building: default.size.stdout
 
01:31:39 **** Incremental Build of configuration Debug for project projeeee ****
make -j8 all 
arm-none-eabi-size   projeeee.elf 
   text	   data	    bss	    dec	    hex	filename
   6004	     12	   1588	   7604	   1db4	projeeee.elf
Finished building: default.size.stdout
 
01:31:39 **** Incremental Build of configuration Debug for project projeeee ****
make -j8 all 
arm-none-eabi-size   projeeee.elf 
   text	   data	    bss	    dec	    hex	filename
   6004	     12	   1588	   7604	   1db4	projeeee.elf
Finished building: default.size.stdout
 
01:31:50 **** Incremental Build of configuration Debug for project projeeee ****
make -j8 all 
arm-none-eabi-size   projeeee.elf 
   text	   data	    bss	    dec	    hex	filename
   6004	     12	   1588	   7604	   1db4	projeeee.elf
Finished building: default.size.stdout
 
01:32:24 **** Incremental Build of configuration Debug for project projeeee ****
make -j8 all 
arm-none-eabi-size   projeeee.elf 
   text	   data	    bss	    dec	    hex	filename
   6004	     12	   1588	   7604	   1db4	projeeee.elf
Finished building: default.size.stdout
 
01:32:48 **** Incremental Build of configuration Debug for project projeeee ****
make -j8 all 
arm-none-eabi-size   projeeee.elf 
   text	   data	    bss	    dec	    hex	filename
   6004	     12	   1588	   7604	   1db4	projeeee.elf
Finished building: default.size.stdout
 
01:32:57 **** Incremental Build of configuration Debug for project projeeee ****
make -j8 all 
arm-none-eabi-size   projeeee.elf 
   text	   data	    bss	    dec	    hex	filename
   6004	     12	   1588	   7604	   1db4	projeeee.elf
Finished building: default.size.stdout
 
01:33:47 **** Incremental Build of configuration Debug for project projeeee ****
make -j8 all 
arm-none-eabi-size   projeeee.elf 
   text	   data	    bss	    dec	    hex	filename
   6004	     12	   1588	   7604	   1db4	projeeee.elf
Finished building: default.size.stdout
 
01:34:27 **** Incremental Build of configuration Debug for project projeeee ****
make -j8 all 
arm-none-eabi-size   projeeee.elf 
   text	   data	    bss	    dec	    hex	filename
   6004	     12	   1588	   7604	   1db4	projeeee.elf
Finished building: default.size.stdout
 
01:34:39 **** Incremental Build of configuration Debug for project projeeee ****
make -j8 all 
arm-none-eabi-size   projeeee.elf 
   text	   data	    bss	    dec	    hex	filename
   6004	     12	   1588	   7604	   1db4	projeeee.elf
Finished building: default.size.stdout
 
01:52:21 **** Incremental Build of configuration Debug for project projeeee ****
make -j8 all 
arm-none-eabi-gcc "../Core/Src/main.c" -mcpu=cortex-m0plus -std=gnu11 -g3 -DDEBUG -DUSE_HAL_DRIVER -DSTM32G031xx -c -I../Core/Inc -I../Drivers/STM32G0xx_HAL_Driver/Inc -I../Drivers/STM32G0xx_HAL_Driver/Inc/Legacy -I../Drivers/CMSIS/Device/ST/STM32G0xx/Include -I../Drivers/CMSIS/Include -O0 -ffunction-sections -fdata-sections -Wall -fstack-usage -MMD -MP -MF"Core/Src/main.d" -MT"Core/Src/main.o" --specs=nano.specs -mfloat-abi=soft -mthumb -o "Core/Src/main.o"
../Core/Src/main.c: In function 'EXTI0_1_IRQHandler':
../Core/Src/main.c:11:11: warning: implicit declaration of function 'detectButton' [-Wimplicit-function-declaration]
   11 |  button = detectButton();
      |           ^~~~~~~~~~~~
../Core/Src/main.c: In function 'main':
../Core/Src/main.c:36:9: warning: implicit declaration of function 'number' [-Wimplicit-function-declaration]
   36 |   amp = number(); // making entered data amplitude
      |         ^~~~~~
../Core/Src/main.c:37:3: warning: implicit declaration of function 'init_pwma' [-Wimplicit-function-declaration]
   37 |   init_pwma(amp); //setting signal
      |   ^~~~~~~~~
../Core/Src/main.c:38:3: warning: implicit declaration of function 'setting1' [-Wimplicit-function-declaration]
   38 |   setting1(); //lighting sdd for entered data
      |   ^~~~~~~~
../Core/Src/main.c:43:3: warning: implicit declaration of function 'init_pwmf' [-Wimplicit-function-declaration]
   43 |   init_pwmf(freq); //setting signal
      |   ^~~~~~~~~
../Core/Src/main.c:44:3: warning: implicit declaration of function 'setting' [-Wimplicit-function-declaration]
   44 |   setting(); //lighting sdd for entered data
      |   ^~~~~~~
../Core/Src/main.c: At top level:
../Core/Src/main.c:75:6: warning: conflicting types for 'init_pwmf'
   75 | void init_pwmf(int freq){
      |      ^~~~~~~~~
../Core/Src/main.c:43:3: note: previous implicit declaration of 'init_pwmf' was here
   43 |   init_pwmf(freq); //setting signal
      |   ^~~~~~~~~
../Core/Src/main.c:124:6: warning: conflicting types for 'init_pwma'
  124 | void init_pwma(int amp ){
      |      ^~~~~~~~~
../Core/Src/main.c:37:3: note: previous implicit declaration of 'init_pwma' was here
   37 |   init_pwma(amp); //setting signal
      |   ^~~~~~~~~
../Core/Src/main.c:178:6: warning: conflicting types for 'setting'
  178 | void setting(){
      |      ^~~~~~~
../Core/Src/main.c:44:3: note: previous implicit declaration of 'setting' was here
   44 |   setting(); //lighting sdd for entered data
      |   ^~~~~~~
../Core/Src/main.c:187:6: warning: conflicting types for 'setting1'
  187 | void setting1(){
      |      ^~~~~~~~
../Core/Src/main.c:38:3: note: previous implicit declaration of 'setting1' was here
   38 |   setting1(); //lighting sdd for entered data
      |   ^~~~~~~~
arm-none-eabi-gcc -o "projeeee.elf" @"objects.list"   -mcpu=cortex-m0plus -T"C:\stm32\projeeee\STM32G031K8TX_FLASH.ld" --specs=nosys.specs -Wl,-Map="projeeee.map" -Wl,--gc-sections -static --specs=nano.specs -mfloat-abi=soft -mthumb -Wl,--start-group -lc -lm -Wl,--end-group
Finished building target: projeeee.elf
 
arm-none-eabi-size   projeeee.elf 
arm-none-eabi-objdump -h -S  projeeee.elf  > "projeeee.list"
arm-none-eabi-objcopy  -O binary  projeeee.elf  "projeeee.bin"
   text	   data	    bss	    dec	    hex	filename
   6004	     12	   1588	   7604	   1db4	projeeee.elf
Finished building: default.size.stdout
 
Finished building: projeeee.bin
 
Finished building: projeeee.list
 
01:53:32 **** Incremental Build of configuration Debug for project projeeee ****
make -j8 all 
arm-none-eabi-size   projeeee.elf 
   text	   data	    bss	    dec	    hex	filename
   6004	     12	   1588	   7604	   1db4	projeeee.elf
Finished building: default.size.stdout
 
02:11:54 **** Incremental Build of configuration Debug for project projeeee ****
make -j8 all 
arm-none-eabi-gcc "../Core/Src/bsp.c" -mcpu=cortex-m0plus -std=gnu11 -g3 -DDEBUG -DUSE_HAL_DRIVER -DSTM32G031xx -c -I../Core/Inc -I../Drivers/STM32G0xx_HAL_Driver/Inc -I../Drivers/STM32G0xx_HAL_Driver/Inc/Legacy -I../Drivers/CMSIS/Device/ST/STM32G0xx/Include -I../Drivers/CMSIS/Include -O0 -ffunction-sections -fdata-sections -Wall -fstack-usage -MMD -MP -MF"Core/Src/bsp.d" -MT"Core/Src/bsp.o" --specs=nano.specs -mfloat-abi=soft -mthumb -o "Core/Src/bsp.o"
arm-none-eabi-gcc "../Core/Src/main.c" -mcpu=cortex-m0plus -std=gnu11 -g3 -DDEBUG -DUSE_HAL_DRIVER -DSTM32G031xx -c -I../Core/Inc -I../Drivers/STM32G0xx_HAL_Driver/Inc -I../Drivers/STM32G0xx_HAL_Driver/Inc/Legacy -I../Drivers/CMSIS/Device/ST/STM32G0xx/Include -I../Drivers/CMSIS/Include -O0 -ffunction-sections -fdata-sections -Wall -fstack-usage -MMD -MP -MF"Core/Src/main.d" -MT"Core/Src/main.o" --specs=nano.specs -mfloat-abi=soft -mthumb -o "Core/Src/main.o"
../Core/Src/bsp.c:17:38: warning: excess elements in array initializer
   17 |   0x1aaa,0x1b6c,0x1c2f,0x1cf3,0x1db7,0x1e7b,0x1f40};
      |                                      ^~~~~~
../Core/Src/bsp.c:17:38: note: (near initialization for 'arr')
../Core/Src/bsp.c:17:45: warning: excess elements in array initializer
   17 |   0x1aaa,0x1b6c,0x1c2f,0x1cf3,0x1db7,0x1e7b,0x1f40};
      |                                             ^~~~~~
../Core/Src/bsp.c:17:45: note: (near initialization for 'arr')
../Core/Src/main.c: In function 'EXTI0_1_IRQHandler':
../Core/Src/main.c:11:11: warning: implicit declaration of function 'detectButton' [-Wimplicit-function-declaration]
   11 |  button = detectButton();
      |           ^~~~~~~~~~~~
../Core/Src/main.c: In function 'main':
../Core/Src/main.c:36:9: warning: implicit declaration of function 'number' [-Wimplicit-function-declaration]
   36 |   amp = number(); // making entered data amplitude
      |         ^~~~~~
../Core/Src/main.c:37:3: warning: implicit declaration of function 'init_pwma' [-Wimplicit-function-declaration]
   37 |   init_pwma(amp); //setting signal
      |   ^~~~~~~~~
../Core/Src/main.c:38:3: warning: implicit declaration of function 'setting1' [-Wimplicit-function-declaration]
   38 |   setting1(); //lighting sdd for entered data
      |   ^~~~~~~~
../Core/Src/main.c:43:3: warning: implicit declaration of function 'init_pwmf' [-Wimplicit-function-declaration]
   43 |   init_pwmf(freq); //setting signal
      |   ^~~~~~~~~
../Core/Src/main.c:44:3: warning: implicit declaration of function 'setting' [-Wimplicit-function-declaration]
   44 |   setting(); //lighting sdd for entered data
      |   ^~~~~~~
../Core/Src/main.c: At top level:
../Core/Src/main.c:73:6: warning: conflicting types for 'init_pwmf'
   73 | void init_pwmf(int freq){
      |      ^~~~~~~~~
../Core/Src/main.c:43:3: note: previous implicit declaration of 'init_pwmf' was here
   43 |   init_pwmf(freq); //setting signal
      |   ^~~~~~~~~
../Core/Src/main.c:122:6: warning: conflicting types for 'init_pwma'
  122 | void init_pwma(int amp ){
      |      ^~~~~~~~~
../Core/Src/main.c:37:3: note: previous implicit declaration of 'init_pwma' was here
   37 |   init_pwma(amp); //setting signal
      |   ^~~~~~~~~
../Core/Src/main.c:176:6: warning: conflicting types for 'setting'
  176 | void setting(){
      |      ^~~~~~~
../Core/Src/main.c:44:3: note: previous implicit declaration of 'setting' was here
   44 |   setting(); //lighting sdd for entered data
      |   ^~~~~~~
../Core/Src/main.c:185:6: warning: conflicting types for 'setting1'
  185 | void setting1(){
      |      ^~~~~~~~
../Core/Src/main.c:38:3: note: previous implicit declaration of 'setting1' was here
   38 |   setting1(); //lighting sdd for entered data
      |   ^~~~~~~~
../Core/Src/bsp.c:18:12: warning: 'freq' defined but not used [-Wunused-variable]
   18 | static int freq={50};
      |            ^~~~
../Core/Src/bsp.c:12:12: warning: 'arr' defined but not used [-Wunused-variable]
   12 | static int arr[255]={0x1f40,0x2004,0x20c8,0x218c,0x2250,0x2313,0x23d5,0x2497,0x2558,0x2618,0x26d7,0x2795,0x2852,0x290d,0x29c6,0x2a7e,0x2b35,0x2be9,0x2c9c,0x2d4c,0x2dfa,0x2ea6,0x2f50,0x2ff7,0x309c,0x313e,0x31dd,0x3279,0x3312,0x33a9,0x343c,0x34cb,0x3558,0x35e1,0x3667,0x36e9,0x3767,0x37e2,0x3859,0x38cc,0x393b,0x39a6,0x3a0d,0x3a70,0x3ace,0x3b29,0x3b7f,0x3bd1,0x3c1e,0x3c67,
      |            ^~~
arm-none-eabi-gcc -o "projeeee.elf" @"objects.list"   -mcpu=cortex-m0plus -T"C:\stm32\projeeee\STM32G031K8TX_FLASH.ld" --specs=nosys.specs -Wl,-Map="projeeee.map" -Wl,--gc-sections -static --specs=nano.specs -mfloat-abi=soft -mthumb -Wl,--start-group -lc -lm -Wl,--end-group
Finished building target: projeeee.elf
 
arm-none-eabi-size   projeeee.elf 
arm-none-eabi-objdump -h -S  projeeee.elf  > "projeeee.list"
arm-none-eabi-objcopy  -O binary  projeeee.elf  "projeeee.bin"
   text	   data	    bss	    dec	    hex	filename
   5984	     12	   1588	   7584	   1da0	projeeee.elf
Finished building: default.size.stdout
 
Finished building: projeeee.bin
 
Finished building: projeeee.list
 
02:12:10 **** Incremental Build of configuration Debug for project projeeee ****
make -j8 all 
arm-none-eabi-size   projeeee.elf 
   text	   data	    bss	    dec	    hex	filename
   5984	     12	   1588	   7584	   1da0	projeeee.elf
Finished building: default.size.stdout
 
10:53:22 **** Build of configuration Debug for project projeeee ****
make -j8 all 
arm-none-eabi-size   projeeee.elf 
   text	   data	    bss	    dec	    hex	filename
   5984	     12	   1588	   7584	   1da0	projeeee.elf
Finished building: default.size.stdout
 
10:54:36 **** Incremental Build of configuration Debug for project projeeee ****
make -j8 all 
arm-none-eabi-size   projeeee.elf 
   text	   data	    bss	    dec	    hex	filename
   5984	     12	   1588	   7584	   1da0	projeeee.elf
Finished building: default.size.stdout
 
10:54:37 **** Incremental Build of configuration Debug for project projeeee ****
make -j8 all 
arm-none-eabi-size   projeeee.elf 
   text	   data	    bss	    dec	    hex	filename
   5984	     12	   1588	   7584	   1da0	projeeee.elf
Finished building: default.size.stdout
 
10:58:07 **** Incremental Build of configuration Debug for project projeeee ****
make -j8 all 
arm-none-eabi-size   projeeee.elf 
   text	   data	    bss	    dec	    hex	filename
   5984	     12	   1588	   7584	   1da0	projeeee.elf
Finished building: default.size.stdout
 
10:58:16 **** Incremental Build of configuration Debug for project projeeee ****
make -j8 all 
arm-none-eabi-size   projeeee.elf 
   text	   data	    bss	    dec	    hex	filename
   5984	     12	   1588	   7584	   1da0	projeeee.elf
Finished building: default.size.stdout
 
10:59:15 **** Incremental Build of configuration Debug for project projeeee ****
make -j8 all 
arm-none-eabi-size   projeeee.elf 
   text	   data	    bss	    dec	    hex	filename
   5984	     12	   1588	   7584	   1da0	projeeee.elf
Finished building: default.size.stdout
 
10:59:29 **** Incremental Build of configuration Debug for project projeeee ****
make -j8 all 
arm-none-eabi-size   projeeee.elf 
   text	   data	    bss	    dec	    hex	filename
   5984	     12	   1588	   7584	   1da0	projeeee.elf
Finished building: default.size.stdout
 
11:00:21 **** Incremental Build of configuration Debug for project projeeee ****
make -j8 all 
arm-none-eabi-size   projeeee.elf 
   text	   data	    bss	    dec	    hex	filename
   5984	     12	   1588	   7584	   1da0	projeeee.elf
Finished building: default.size.stdout
 
11:00:47 **** Incremental Build of configuration Debug for project projeeee ****
make -j8 all 
arm-none-eabi-size   projeeee.elf 
   text	   data	    bss	    dec	    hex	filename
   5984	     12	   1588	   7584	   1da0	projeeee.elf
Finished building: default.size.stdout
 
11:08:18 **** Incremental Build of configuration Debug for project projeeee ****
make -j8 all 
arm-none-eabi-gcc "../Core/Src/main.c" -mcpu=cortex-m0plus -std=gnu11 -g3 -DDEBUG -DUSE_HAL_DRIVER -DSTM32G031xx -c -I../Core/Inc -I../Drivers/STM32G0xx_HAL_Driver/Inc -I../Drivers/STM32G0xx_HAL_Driver/Inc/Legacy -I../Drivers/CMSIS/Device/ST/STM32G0xx/Include -I../Drivers/CMSIS/Include -O0 -ffunction-sections -fdata-sections -Wall -fstack-usage -MMD -MP -MF"Core/Src/main.d" -MT"Core/Src/main.o" --specs=nano.specs -mfloat-abi=soft -mthumb -o "Core/Src/main.o"
../Core/Src/main.c: In function 'EXTI0_1_IRQHandler':
../Core/Src/main.c:11:11: warning: implicit declaration of function 'detectButton' [-Wimplicit-function-declaration]
   11 |  button = detectButton();
      |           ^~~~~~~~~~~~
../Core/Src/main.c: In function 'main':
../Core/Src/main.c:36:9: warning: implicit declaration of function 'number' [-Wimplicit-function-declaration]
   36 |   amp = number(); // making entered data amplitude
      |         ^~~~~~
../Core/Src/main.c:37:3: warning: implicit declaration of function 'init_pwma' [-Wimplicit-function-declaration]
   37 |   init_pwma(amp); //setting signal
      |   ^~~~~~~~~
../Core/Src/main.c:38:3: warning: implicit declaration of function 'setting1' [-Wimplicit-function-declaration]
   38 |   setting1(); //lighting sdd for entered data
      |   ^~~~~~~~
../Core/Src/main.c:43:3: warning: implicit declaration of function 'init_pwmf' [-Wimplicit-function-declaration]
   43 |   init_pwmf(freq); //setting signal
      |   ^~~~~~~~~
../Core/Src/main.c:44:3: warning: implicit declaration of function 'setting' [-Wimplicit-function-declaration]
   44 |   setting(); //lighting sdd for entered data
      |   ^~~~~~~
../Core/Src/main.c: At top level:
../Core/Src/main.c:73:6: warning: conflicting types for 'init_pwmf'
   73 | void init_pwmf(int freq){
      |      ^~~~~~~~~
../Core/Src/main.c:43:3: note: previous implicit declaration of 'init_pwmf' was here
   43 |   init_pwmf(freq); //setting signal
      |   ^~~~~~~~~
../Core/Src/main.c:122:6: warning: conflicting types for 'init_pwma'
  122 | void init_pwma(int amp ){
      |      ^~~~~~~~~
../Core/Src/main.c:37:3: note: previous implicit declaration of 'init_pwma' was here
   37 |   init_pwma(amp); //setting signal
      |   ^~~~~~~~~
../Core/Src/main.c:176:6: warning: conflicting types for 'setting'
  176 | void setting(){
      |      ^~~~~~~
../Core/Src/main.c:44:3: note: previous implicit declaration of 'setting' was here
   44 |   setting(); //lighting sdd for entered data
      |   ^~~~~~~
../Core/Src/main.c:185:6: warning: conflicting types for 'setting1'
  185 | void setting1(){
      |      ^~~~~~~~
../Core/Src/main.c:38:3: note: previous implicit declaration of 'setting1' was here
   38 |   setting1(); //lighting sdd for entered data
      |   ^~~~~~~~
arm-none-eabi-gcc -o "projeeee.elf" @"objects.list"   -mcpu=cortex-m0plus -T"C:\stm32\projeeee\STM32G031K8TX_FLASH.ld" --specs=nosys.specs -Wl,-Map="projeeee.map" -Wl,--gc-sections -static --specs=nano.specs -mfloat-abi=soft -mthumb -Wl,--start-group -lc -lm -Wl,--end-group
Finished building target: projeeee.elf
 
arm-none-eabi-size   projeeee.elf 
arm-none-eabi-objdump -h -S  projeeee.elf  > "projeeee.list"
arm-none-eabi-objcopy  -O binary  projeeee.elf  "projeeee.bin"
   text	   data	    bss	    dec	    hex	filename
   5984	     12	   1588	   7584	   1da0	projeeee.elf
Finished building: default.size.stdout
 
Finished building: projeeee.bin
Finished building: projeeee.list
 
 
11:08:41 **** Incremental Build of configuration Debug for project projeeee ****
make -j8 all 
arm-none-eabi-size   projeeee.elf 
   text	   data	    bss	    dec	    hex	filename
   5984	     12	   1588	   7584	   1da0	projeeee.elf
Finished building: default.size.stdout
 
11:08:59 **** Incremental Build of configuration Debug for project projeeee ****
make -j8 all 
arm-none-eabi-size   projeeee.elf 
   text	   data	    bss	    dec	    hex	filename
   5984	     12	   1588	   7584	   1da0	projeeee.elf
Finished building: default.size.stdout
 
11:14:25 **** Incremental Build of configuration Debug for project projeeee ****
make -j8 all 
arm-none-eabi-size   projeeee.elf 
   text	   data	    bss	    dec	    hex	filename
   5984	     12	   1588	   7584	   1da0	projeeee.elf
Finished building: default.size.stdout
 
11:14:26 **** Incremental Build of configuration Debug for project projeeee ****
make -j8 all 
arm-none-eabi-size   projeeee.elf 
   text	   data	    bss	    dec	    hex	filename
   5984	     12	   1588	   7584	   1da0	projeeee.elf
Finished building: default.size.stdout
 
11:14:38 **** Incremental Build of configuration Debug for project projeeee ****
make -j8 all 
arm-none-eabi-size   projeeee.elf 
   text	   data	    bss	    dec	    hex	filename
   5984	     12	   1588	   7584	   1da0	projeeee.elf
Finished building: default.size.stdout
 
11:14:53 **** Incremental Build of configuration Debug for project projeeee ****
make -j8 all 
arm-none-eabi-size   projeeee.elf 
   text	   data	    bss	    dec	    hex	filename
   5984	     12	   1588	   7584	   1da0	projeeee.elf
Finished building: default.size.stdout
 
11:25:41 **** Incremental Build of configuration Debug for project projeeee ****
make -j8 all 
arm-none-eabi-size   projeeee.elf 
   text	   data	    bss	    dec	    hex	filename
   5984	     12	   1588	   7584	   1da0	projeeee.elf
Finished building: default.size.stdout
 
