17:33:10 **** Incremental Build of configuration Debug for project lab4soru3 ****
make -j8 all 
arm-none-eabi-gcc -o "lab4soru3.elf" @"objects.list"   -mcpu=cortex-m0plus -T"C:\stm32\lab4soru3\STM32G031K8TX_FLASH.ld" --specs=nosys.specs -Wl,-Map="lab4soru3.map" -Wl,--gc-sections -static --specs=nano.specs -mfloat-abi=soft -mthumb -Wl,--start-group -lc -lm -Wl,--end-group
c:\st\stm32cubeide_1.7.0\stm32cubeide\plugins\com.st.stm32cube.ide.mcu.externaltools.gnu-tools-for-stm32.9-2020-q2-update.win32_2.0.0.202105311346\tools\arm-none-eabi\bin\ld.exe: ./Core/Src/stm32g0xx_it.o: in function `SysTick_Handler':
C:/stm32/lab4soru3/Debug/../Core/Src/stm32g0xx_it.c:127: multiple definition of `SysTick_Handler'; ./Core/Src/main.o:C:/stm32/lab4soru3/Debug/../Core/Src/main.c:69: first defined here
collect2.exe: error: ld returned 1 exit status
make: *** [makefile:65: lab4soru3.elf] Error 1
"make -j8 all" terminated with exit code 2. Build might be incomplete.

17:33:11 Build Failed. 3 errors, 0 warnings. (took 561ms)

